2023-11-10 11:43:06.665 +01:00  DBG  Registered model binder providers, in the following order: ["Microsoft.AspNetCore.Mvc.ModelBinding.Binders.BinderTypeModelBinderProvider","Microsoft.AspNetCore.Mvc.ModelBinding.Binders.ServicesModelBinderProvider","Microsoft.AspNetCore.Mvc.ModelBinding.Binders.BodyModelBinderProvider","Microsoft.AspNetCore.Mvc.ModelBinding.Binders.HeaderModelBinderProvider","Microsoft.AspNetCore.Mvc.ModelBinding.Binders.FloatingPointTypeModelBinderProvider","Microsoft.AspNetCore.Mvc.ModelBinding.Binders.EnumTypeModelBinderProvider","Microsoft.AspNetCore.Mvc.ModelBinding.Binders.DateTimeModelBinderProvider","Microsoft.AspNetCore.Mvc.ModelBinding.Binders.SimpleTypeModelBinderProvider","Microsoft.AspNetCore.Mvc.ModelBinding.Binders.TryParseModelBinderProvider","Microsoft.AspNetCore.Mvc.ModelBinding.Binders.CancellationTokenModelBinderProvider","Microsoft.AspNetCore.Mvc.ModelBinding.Binders.ByteArrayModelBinderProvider","Microsoft.AspNetCore.Mvc.ModelBinding.Binders.FormFileModelBinderProvider","Microsoft.AspNetCore.Mvc.ModelBinding.Binders.FormCollectionModelBinderProvider","Microsoft.AspNetCore.Mvc.ModelBinding.Binders.KeyValuePairModelBinderProvider","Microsoft.AspNetCore.Mvc.ModelBinding.Binders.DictionaryModelBinderProvider","Microsoft.AspNetCore.Mvc.ModelBinding.Binders.ArrayModelBinderProvider","Microsoft.AspNetCore.Mvc.ModelBinding.Binders.CollectionModelBinderProvider","Microsoft.AspNetCore.Mvc.ModelBinding.Binders.ComplexObjectModelBinderProvider"]
2023-11-10 11:43:06.738 +01:00  DBG  Hosting starting
2023-11-10 11:43:06.918 +01:00  INF  Now listening on: https://localhost:7117
2023-11-10 11:43:06.918 +01:00  INF  Now listening on: http://localhost:5066
2023-11-10 11:43:06.918 +01:00  DBG  Loaded hosting startup assembly SendEmail
2023-11-10 11:43:06.918 +01:00  DBG  Loaded hosting startup assembly Microsoft.AspNetCore.Watch.BrowserRefresh
2023-11-10 11:43:06.918 +01:00  DBG  Loaded hosting startup assembly Microsoft.WebTools.BrowserLink.Net
2023-11-10 11:43:06.918 +01:00  INF  Application started. Press Ctrl+C to shut down.
2023-11-10 11:43:06.919 +01:00  INF  Hosting environment: Development
2023-11-10 11:43:06.919 +01:00  INF  Content root path: C:\Users\CityGIS\Desktop\C#\SendEmail\SendEmail
2023-11-10 11:43:06.919 +01:00  DBG  Hosting started
2023-11-10 11:43:07.087 +01:00  DBG  Connection id "0HMV1R79JFP4K" accepted.
2023-11-10 11:43:07.087 +01:00  DBG  Connection id "0HMV1R79JFP4J" accepted.
2023-11-10 11:43:07.088 +01:00  DBG  Connection id "0HMV1R79JFP4K" started.
2023-11-10 11:43:07.088 +01:00  DBG  Connection id "0HMV1R79JFP4J" started.
2023-11-10 11:43:07.545 +01:00  DBG  Connection id "0HMV1R79JFP4L" accepted.
2023-11-10 11:43:07.545 +01:00  DBG  Connection id "0HMV1R79JFP4L" started.
2023-11-10 11:43:07.547 +01:00  DBG  Connection id "0HMV1R79JFP4M" accepted.
2023-11-10 11:43:07.547 +01:00  DBG  Connection id "0HMV1R79JFP4M" started.
2023-11-10 11:43:07.667 +01:00  DBG  Connection 0HMV1R79JFP4L established using the following protocol: "Tls12"
2023-11-10 11:43:07.686 +01:00  DBG  Connection id "0HMV1R79JFP4M" received FIN.
2023-11-10 11:43:07.760 +01:00  DBG  Failed to authenticate HTTPS connection.System.IO.IOException:  Received an unexpected EOF or 0 bytes from the transport stream.
   at System.Net.Security.SslStream.ReceiveBlobAsync[TIOAdapter](CancellationToken cancellationToken)
   at System.Net.Security.SslStream.ForceAuthenticationAsync[TIOAdapter](Boolean receiveFirst, Byte[] reAuthenticationData, CancellationToken cancellationToken)
   at Microsoft.AspNetCore.Server.Kestrel.Https.Internal.HttpsConnectionMiddleware.OnConnectionAsync(ConnectionContext context)

2023-11-10 11:43:07.783 +01:00  DBG  Connection id "0HMV1R79JFP4M" stopped.
2023-11-10 11:43:07.786 +01:00  DBG  Connection id "0HMV1R79JFP4M" sending FIN because: "The Socket transport's send loop completed gracefully."
2023-11-10 11:43:07.840 +01:00  INF  Request starting HTTP/2 GET https://localhost:7117/swagger/index.html - -
2023-11-10 11:43:07.871 +01:00  DBG  Wildcard detected, all requests with hosts will be allowed.
2023-11-10 11:43:07.896 +01:00  DBG  No candidates found for the request path '/swagger/index.html'
2023-11-10 11:43:07.897 +01:00  DBG  Request did not match any endpoints
2023-11-10 11:43:08.031 +01:00  DBG  Response markup is scheduled to include browser refresh script injection.
2023-11-10 11:43:08.199 +01:00  INF  Request starting HTTP/2 GET https://localhost:7117/_framework/aspnetcore-browser-refresh.js - -
2023-11-10 11:43:08.201 +01:00  INF  Request starting HTTP/2 GET https://localhost:7117/_vs/browserLink - -
2023-11-10 11:43:08.202 +01:00  DBG  Response markup was updated to include browser refresh script injection.
2023-11-10 11:43:08.206 +01:00  INF  Request finished HTTP/2 GET https://localhost:7117/swagger/index.html - - - 200 - text/html;charset=utf-8 368.6745ms
2023-11-10 11:43:08.221 +01:00  INF  Request finished HTTP/2 GET https://localhost:7117/_framework/aspnetcore-browser-refresh.js - - - 200 12350 application/javascript;+charset=utf-8 21.4744ms
2023-11-10 11:43:08.509 +01:00  INF  Request finished HTTP/2 GET https://localhost:7117/_vs/browserLink - - - 200 - text/javascript;+charset=UTF-8 308.1346ms
2023-11-10 11:43:08.565 +01:00  INF  Request starting HTTP/2 GET https://localhost:7117/swagger/v1/swagger.json - -
2023-11-10 11:43:08.566 +01:00  DBG  No candidates found for the request path '/swagger/v1/swagger.json'
2023-11-10 11:43:08.566 +01:00  DBG  Request did not match any endpoints
2023-11-10 11:43:08.673 +01:00  INF  Request finished HTTP/2 GET https://localhost:7117/swagger/v1/swagger.json - - - 200 - application/json;charset=utf-8 108.0470ms
2023-11-10 11:46:02.382 +01:00  DBG  Registered model binder providers, in the following order: ["Microsoft.AspNetCore.Mvc.ModelBinding.Binders.BinderTypeModelBinderProvider","Microsoft.AspNetCore.Mvc.ModelBinding.Binders.ServicesModelBinderProvider","Microsoft.AspNetCore.Mvc.ModelBinding.Binders.BodyModelBinderProvider","Microsoft.AspNetCore.Mvc.ModelBinding.Binders.HeaderModelBinderProvider","Microsoft.AspNetCore.Mvc.ModelBinding.Binders.FloatingPointTypeModelBinderProvider","Microsoft.AspNetCore.Mvc.ModelBinding.Binders.EnumTypeModelBinderProvider","Microsoft.AspNetCore.Mvc.ModelBinding.Binders.DateTimeModelBinderProvider","Microsoft.AspNetCore.Mvc.ModelBinding.Binders.SimpleTypeModelBinderProvider","Microsoft.AspNetCore.Mvc.ModelBinding.Binders.TryParseModelBinderProvider","Microsoft.AspNetCore.Mvc.ModelBinding.Binders.CancellationTokenModelBinderProvider","Microsoft.AspNetCore.Mvc.ModelBinding.Binders.ByteArrayModelBinderProvider","Microsoft.AspNetCore.Mvc.ModelBinding.Binders.FormFileModelBinderProvider","Microsoft.AspNetCore.Mvc.ModelBinding.Binders.FormCollectionModelBinderProvider","Microsoft.AspNetCore.Mvc.ModelBinding.Binders.KeyValuePairModelBinderProvider","Microsoft.AspNetCore.Mvc.ModelBinding.Binders.DictionaryModelBinderProvider","Microsoft.AspNetCore.Mvc.ModelBinding.Binders.ArrayModelBinderProvider","Microsoft.AspNetCore.Mvc.ModelBinding.Binders.CollectionModelBinderProvider","Microsoft.AspNetCore.Mvc.ModelBinding.Binders.ComplexObjectModelBinderProvider"]
2023-11-10 11:46:02.494 +01:00  DBG  Hosting starting
2023-11-10 11:46:02.721 +01:00  INF  Now listening on: https://localhost:7117
2023-11-10 11:46:02.721 +01:00  INF  Now listening on: http://localhost:5066
2023-11-10 11:46:02.721 +01:00  DBG  Loaded hosting startup assembly SendEmail
2023-11-10 11:46:02.721 +01:00  DBG  Loaded hosting startup assembly Microsoft.AspNetCore.Watch.BrowserRefresh
2023-11-10 11:46:02.721 +01:00  DBG  Loaded hosting startup assembly Microsoft.WebTools.BrowserLink.Net
2023-11-10 11:46:02.721 +01:00  INF  Application started. Press Ctrl+C to shut down.
2023-11-10 11:46:02.722 +01:00  INF  Hosting environment: Development
2023-11-10 11:46:02.722 +01:00  INF  Content root path: C:\Users\CityGIS\Desktop\C#\SendEmail\SendEmail
2023-11-10 11:46:02.722 +01:00  DBG  Hosting started
2023-11-10 11:46:02.849 +01:00  DBG  Connection id "0HMV1R8TVM3QU" received FIN.
2023-11-10 11:46:02.849 +01:00  DBG  Connection id "0HMV1R8TVM3QT" received FIN.
2023-11-10 11:46:02.855 +01:00  DBG  Connection id "0HMV1R8TVM3QU" accepted.
2023-11-10 11:46:02.855 +01:00  DBG  Connection id "0HMV1R8TVM3QT" accepted.
2023-11-10 11:46:02.856 +01:00  DBG  Connection id "0HMV1R8TVM3QT" started.
2023-11-10 11:46:02.856 +01:00  DBG  Connection id "0HMV1R8TVM3QU" started.
2023-11-10 11:46:02.871 +01:00  DBG  Failed to authenticate HTTPS connection.System.IO.IOException:  Received an unexpected EOF or 0 bytes from the transport stream.
   at System.Net.Security.SslStream.ReceiveBlobAsync[TIOAdapter](CancellationToken cancellationToken)
   at System.Net.Security.SslStream.ForceAuthenticationAsync[TIOAdapter](Boolean receiveFirst, Byte[] reAuthenticationData, CancellationToken cancellationToken)
   at Microsoft.AspNetCore.Server.Kestrel.Https.Internal.HttpsConnectionMiddleware.OnConnectionAsync(ConnectionContext context)

2023-11-10 11:46:02.871 +01:00  DBG  Failed to authenticate HTTPS connection.System.IO.IOException:  Received an unexpected EOF or 0 bytes from the transport stream.
   at System.Net.Security.SslStream.ReceiveBlobAsync[TIOAdapter](CancellationToken cancellationToken)
   at System.Net.Security.SslStream.ForceAuthenticationAsync[TIOAdapter](Boolean receiveFirst, Byte[] reAuthenticationData, CancellationToken cancellationToken)
   at Microsoft.AspNetCore.Server.Kestrel.Https.Internal.HttpsConnectionMiddleware.OnConnectionAsync(ConnectionContext context)

2023-11-10 11:46:02.885 +01:00  DBG  Connection id "0HMV1R8TVM3QU" stopped.
2023-11-10 11:46:02.885 +01:00  DBG  Connection id "0HMV1R8TVM3QT" stopped.
2023-11-10 11:46:02.890 +01:00  DBG  Connection id "0HMV1R8TVM3QT" sending FIN because: "The Socket transport's send loop completed gracefully."
2023-11-10 11:46:02.890 +01:00  DBG  Connection id "0HMV1R8TVM3QU" sending FIN because: "The Socket transport's send loop completed gracefully."
2023-11-10 11:46:03.775 +01:00  DBG  Connection id "0HMV1R8TVM3QV" accepted.
2023-11-10 11:46:03.775 +01:00  DBG  Connection id "0HMV1R8TVM3QV" started.
2023-11-10 11:46:03.825 +01:00  DBG  Connection 0HMV1R8TVM3QV established using the following protocol: "Tls12"
2023-11-10 11:46:03.896 +01:00  INF  Request starting HTTP/2 GET https://localhost:7117/swagger/index.html - -
2023-11-10 11:46:03.916 +01:00  DBG  Wildcard detected, all requests with hosts will be allowed.
2023-11-10 11:46:03.942 +01:00  DBG  No candidates found for the request path '/swagger/index.html'
2023-11-10 11:46:03.943 +01:00  DBG  Request did not match any endpoints
2023-11-10 11:46:04.038 +01:00  DBG  Response markup is scheduled to include browser refresh script injection.
2023-11-10 11:46:04.132 +01:00  DBG  Response markup was updated to include browser refresh script injection.
2023-11-10 11:46:04.134 +01:00  INF  Request finished HTTP/2 GET https://localhost:7117/swagger/index.html - - - 200 - text/html;charset=utf-8 239.3128ms
2023-11-10 11:46:04.142 +01:00  INF  Request starting HTTP/2 GET https://localhost:7117/_vs/browserLink - -
2023-11-10 11:46:04.142 +01:00  INF  Request starting HTTP/2 GET https://localhost:7117/_framework/aspnetcore-browser-refresh.js - -
2023-11-10 11:46:04.153 +01:00  INF  Request finished HTTP/2 GET https://localhost:7117/_framework/aspnetcore-browser-refresh.js - - - 200 12350 application/javascript;+charset=utf-8 10.8640ms
2023-11-10 11:46:04.165 +01:00  INF  Request finished HTTP/2 GET https://localhost:7117/_vs/browserLink - - - 200 - text/javascript;+charset=UTF-8 23.0145ms
2023-11-10 11:46:04.237 +01:00  INF  Request starting HTTP/2 GET https://localhost:7117/swagger/v1/swagger.json - -
2023-11-10 11:46:04.239 +01:00  DBG  No candidates found for the request path '/swagger/v1/swagger.json'
2023-11-10 11:46:04.239 +01:00  DBG  Request did not match any endpoints
2023-11-10 11:46:04.343 +01:00  INF  Request finished HTTP/2 GET https://localhost:7117/swagger/v1/swagger.json - - - 200 - application/json;charset=utf-8 105.8606ms
2023-11-10 11:46:08.637 +01:00  DBG  Connection id "0HMV1R8TVM3QV" received FIN.
2023-11-10 11:46:08.640 +01:00  DBG  The connection queue processing loop for 0HMV1R8TVM3QV completed.
2023-11-10 11:46:08.643 +01:00  DBG  Connection id "0HMV1R8TVM3QV" is closed. The last processed stream ID was 7.
2023-11-10 11:46:08.644 +01:00  DBG  Connection id "0HMV1R8TVM3QV" sending FIN because: "The Socket transport's send loop completed gracefully."
2023-11-10 11:46:08.649 +01:00  DBG  Connection id "0HMV1R8TVM3QV" stopped.
2023-11-10 11:47:35.754 +01:00  DBG  Registered model binder providers, in the following order: ["Microsoft.AspNetCore.Mvc.ModelBinding.Binders.BinderTypeModelBinderProvider","Microsoft.AspNetCore.Mvc.ModelBinding.Binders.ServicesModelBinderProvider","Microsoft.AspNetCore.Mvc.ModelBinding.Binders.BodyModelBinderProvider","Microsoft.AspNetCore.Mvc.ModelBinding.Binders.HeaderModelBinderProvider","Microsoft.AspNetCore.Mvc.ModelBinding.Binders.FloatingPointTypeModelBinderProvider","Microsoft.AspNetCore.Mvc.ModelBinding.Binders.EnumTypeModelBinderProvider","Microsoft.AspNetCore.Mvc.ModelBinding.Binders.DateTimeModelBinderProvider","Microsoft.AspNetCore.Mvc.ModelBinding.Binders.SimpleTypeModelBinderProvider","Microsoft.AspNetCore.Mvc.ModelBinding.Binders.TryParseModelBinderProvider","Microsoft.AspNetCore.Mvc.ModelBinding.Binders.CancellationTokenModelBinderProvider","Microsoft.AspNetCore.Mvc.ModelBinding.Binders.ByteArrayModelBinderProvider","Microsoft.AspNetCore.Mvc.ModelBinding.Binders.FormFileModelBinderProvider","Microsoft.AspNetCore.Mvc.ModelBinding.Binders.FormCollectionModelBinderProvider","Microsoft.AspNetCore.Mvc.ModelBinding.Binders.KeyValuePairModelBinderProvider","Microsoft.AspNetCore.Mvc.ModelBinding.Binders.DictionaryModelBinderProvider","Microsoft.AspNetCore.Mvc.ModelBinding.Binders.ArrayModelBinderProvider","Microsoft.AspNetCore.Mvc.ModelBinding.Binders.CollectionModelBinderProvider","Microsoft.AspNetCore.Mvc.ModelBinding.Binders.ComplexObjectModelBinderProvider"]
2023-11-10 11:47:35.837 +01:00  DBG  Hosting starting
2023-11-10 11:47:35.994 +01:00  INF  Now listening on: https://localhost:7117
2023-11-10 11:47:35.994 +01:00  INF  Now listening on: http://localhost:5066
2023-11-10 11:47:35.994 +01:00  DBG  Loaded hosting startup assembly SendEmail
2023-11-10 11:47:35.994 +01:00  DBG  Loaded hosting startup assembly Microsoft.AspNetCore.Watch.BrowserRefresh
2023-11-10 11:47:35.994 +01:00  DBG  Loaded hosting startup assembly Microsoft.WebTools.BrowserLink.Net
2023-11-10 11:47:35.995 +01:00  INF  Application started. Press Ctrl+C to shut down.
2023-11-10 11:47:35.996 +01:00  INF  Hosting environment: Development
2023-11-10 11:47:35.996 +01:00  INF  Content root path: C:\Users\CityGIS\Desktop\C#\SendEmail\SendEmail
2023-11-10 11:47:35.996 +01:00  DBG  Hosting started
2023-11-10 11:47:36.251 +01:00  DBG  Connection id "0HMV1R9PQE7KR" accepted.
2023-11-10 11:47:36.251 +01:00  DBG  Connection id "0HMV1R9PQE7KS" accepted.
2023-11-10 11:47:36.253 +01:00  DBG  Connection id "0HMV1R9PQE7KS" started.
2023-11-10 11:47:36.253 +01:00  DBG  Connection id "0HMV1R9PQE7KR" started.
2023-11-10 11:47:36.269 +01:00  DBG  Connection id "0HMV1R9PQE7KS" received FIN.
2023-11-10 11:47:36.269 +01:00  DBG  Connection id "0HMV1R9PQE7KR" received FIN.
2023-11-10 11:47:36.285 +01:00  DBG  Failed to authenticate HTTPS connection.System.IO.IOException:  Received an unexpected EOF or 0 bytes from the transport stream.
   at System.Net.Security.SslStream.ReceiveBlobAsync[TIOAdapter](CancellationToken cancellationToken)
   at System.Net.Security.SslStream.ForceAuthenticationAsync[TIOAdapter](Boolean receiveFirst, Byte[] reAuthenticationData, CancellationToken cancellationToken)
   at Microsoft.AspNetCore.Server.Kestrel.Https.Internal.HttpsConnectionMiddleware.OnConnectionAsync(ConnectionContext context)

2023-11-10 11:47:36.285 +01:00  DBG  Failed to authenticate HTTPS connection.System.IO.IOException:  Received an unexpected EOF or 0 bytes from the transport stream.
   at System.Net.Security.SslStream.ReceiveBlobAsync[TIOAdapter](CancellationToken cancellationToken)
   at System.Net.Security.SslStream.ForceAuthenticationAsync[TIOAdapter](Boolean receiveFirst, Byte[] reAuthenticationData, CancellationToken cancellationToken)
   at Microsoft.AspNetCore.Server.Kestrel.Https.Internal.HttpsConnectionMiddleware.OnConnectionAsync(ConnectionContext context)

2023-11-10 11:47:36.301 +01:00  DBG  Connection id "0HMV1R9PQE7KS" stopped.
2023-11-10 11:47:36.301 +01:00  DBG  Connection id "0HMV1R9PQE7KR" stopped.
2023-11-10 11:47:36.305 +01:00  DBG  Connection id "0HMV1R9PQE7KR" sending FIN because: "The Socket transport's send loop completed gracefully."
2023-11-10 11:47:36.305 +01:00  DBG  Connection id "0HMV1R9PQE7KS" sending FIN because: "The Socket transport's send loop completed gracefully."
2023-11-10 11:47:36.365 +01:00  DBG  Connection id "0HMV1R9PQE7KT" accepted.
2023-11-10 11:47:36.365 +01:00  DBG  Connection id "0HMV1R9PQE7KT" started.
2023-11-10 11:47:36.425 +01:00  DBG  Connection 0HMV1R9PQE7KT established using the following protocol: "Tls12"
2023-11-10 11:47:36.496 +01:00  INF  Request starting HTTP/2 GET https://localhost:7117/swagger/index.html - -
2023-11-10 11:47:36.520 +01:00  DBG  Wildcard detected, all requests with hosts will be allowed.
2023-11-10 11:47:36.542 +01:00  DBG  No candidates found for the request path '/swagger/index.html'
2023-11-10 11:47:36.543 +01:00  DBG  Request did not match any endpoints
2023-11-10 11:47:36.637 +01:00  DBG  Response markup is scheduled to include browser refresh script injection.
2023-11-10 11:47:36.726 +01:00  DBG  Response markup was updated to include browser refresh script injection.
2023-11-10 11:47:36.729 +01:00  INF  Request finished HTTP/2 GET https://localhost:7117/swagger/index.html - - - 200 - text/html;charset=utf-8 234.6804ms
2023-11-10 11:47:36.737 +01:00  INF  Request starting HTTP/2 GET https://localhost:7117/_framework/aspnetcore-browser-refresh.js - -
2023-11-10 11:47:36.737 +01:00  INF  Request starting HTTP/2 GET https://localhost:7117/_vs/browserLink - -
2023-11-10 11:47:36.750 +01:00  INF  Request finished HTTP/2 GET https://localhost:7117/_framework/aspnetcore-browser-refresh.js - - - 200 12350 application/javascript;+charset=utf-8 13.1482ms
2023-11-10 11:47:36.761 +01:00  INF  Request finished HTTP/2 GET https://localhost:7117/_vs/browserLink - - - 200 - text/javascript;+charset=UTF-8 23.9871ms
2023-11-10 11:47:36.826 +01:00  INF  Request starting HTTP/2 GET https://localhost:7117/swagger/v1/swagger.json - -
2023-11-10 11:47:36.827 +01:00  DBG  No candidates found for the request path '/swagger/v1/swagger.json'
2023-11-10 11:47:36.827 +01:00  DBG  Request did not match any endpoints
2023-11-10 11:47:36.934 +01:00  INF  Request finished HTTP/2 GET https://localhost:7117/swagger/v1/swagger.json - - - 200 - application/json;charset=utf-8 107.8558ms
2023-11-10 11:47:45.589 +01:00  DBG  Registered model binder providers, in the following order: ["Microsoft.AspNetCore.Mvc.ModelBinding.Binders.BinderTypeModelBinderProvider","Microsoft.AspNetCore.Mvc.ModelBinding.Binders.ServicesModelBinderProvider","Microsoft.AspNetCore.Mvc.ModelBinding.Binders.BodyModelBinderProvider","Microsoft.AspNetCore.Mvc.ModelBinding.Binders.HeaderModelBinderProvider","Microsoft.AspNetCore.Mvc.ModelBinding.Binders.FloatingPointTypeModelBinderProvider","Microsoft.AspNetCore.Mvc.ModelBinding.Binders.EnumTypeModelBinderProvider","Microsoft.AspNetCore.Mvc.ModelBinding.Binders.DateTimeModelBinderProvider","Microsoft.AspNetCore.Mvc.ModelBinding.Binders.SimpleTypeModelBinderProvider","Microsoft.AspNetCore.Mvc.ModelBinding.Binders.TryParseModelBinderProvider","Microsoft.AspNetCore.Mvc.ModelBinding.Binders.CancellationTokenModelBinderProvider","Microsoft.AspNetCore.Mvc.ModelBinding.Binders.ByteArrayModelBinderProvider","Microsoft.AspNetCore.Mvc.ModelBinding.Binders.FormFileModelBinderProvider","Microsoft.AspNetCore.Mvc.ModelBinding.Binders.FormCollectionModelBinderProvider","Microsoft.AspNetCore.Mvc.ModelBinding.Binders.KeyValuePairModelBinderProvider","Microsoft.AspNetCore.Mvc.ModelBinding.Binders.DictionaryModelBinderProvider","Microsoft.AspNetCore.Mvc.ModelBinding.Binders.ArrayModelBinderProvider","Microsoft.AspNetCore.Mvc.ModelBinding.Binders.CollectionModelBinderProvider","Microsoft.AspNetCore.Mvc.ModelBinding.Binders.ComplexObjectModelBinderProvider"]
2023-11-10 11:47:45.681 +01:00  DBG  Hosting starting
2023-11-10 11:47:45.882 +01:00  INF  Now listening on: https://localhost:7117
2023-11-10 11:47:45.882 +01:00  INF  Now listening on: http://localhost:5066
2023-11-10 11:47:45.882 +01:00  DBG  Loaded hosting startup assembly SendEmail
2023-11-10 11:47:45.882 +01:00  DBG  Loaded hosting startup assembly Microsoft.AspNetCore.Watch.BrowserRefresh
2023-11-10 11:47:45.882 +01:00  DBG  Loaded hosting startup assembly Microsoft.WebTools.BrowserLink.Net
2023-11-10 11:47:45.882 +01:00  INF  Application started. Press Ctrl+C to shut down.
2023-11-10 11:47:45.883 +01:00  INF  Hosting environment: Development
2023-11-10 11:47:45.883 +01:00  INF  Content root path: C:\Users\CityGIS\Desktop\C#\SendEmail\SendEmail
2023-11-10 11:47:45.883 +01:00  DBG  Hosting started
2023-11-10 11:47:46.302 +01:00  DBG  Connection id "0HMV1R9SQ9D2B" received FIN.
2023-11-10 11:47:46.302 +01:00  DBG  Connection id "0HMV1R9SQ9D2C" received FIN.
2023-11-10 11:47:46.311 +01:00  DBG  Connection id "0HMV1R9SQ9D2B" accepted.
2023-11-10 11:47:46.311 +01:00  DBG  Connection id "0HMV1R9SQ9D2C" accepted.
2023-11-10 11:47:46.312 +01:00  DBG  Connection id "0HMV1R9SQ9D2C" started.
2023-11-10 11:47:46.312 +01:00  DBG  Connection id "0HMV1R9SQ9D2B" started.
2023-11-10 11:47:46.341 +01:00  DBG  Failed to authenticate HTTPS connection.System.IO.IOException:  Received an unexpected EOF or 0 bytes from the transport stream.
   at System.Net.Security.SslStream.ReceiveBlobAsync[TIOAdapter](CancellationToken cancellationToken)
   at System.Net.Security.SslStream.ForceAuthenticationAsync[TIOAdapter](Boolean receiveFirst, Byte[] reAuthenticationData, CancellationToken cancellationToken)
   at Microsoft.AspNetCore.Server.Kestrel.Https.Internal.HttpsConnectionMiddleware.OnConnectionAsync(ConnectionContext context)

2023-11-10 11:47:46.341 +01:00  DBG  Failed to authenticate HTTPS connection.System.IO.IOException:  Received an unexpected EOF or 0 bytes from the transport stream.
   at System.Net.Security.SslStream.ReceiveBlobAsync[TIOAdapter](CancellationToken cancellationToken)
   at System.Net.Security.SslStream.ForceAuthenticationAsync[TIOAdapter](Boolean receiveFirst, Byte[] reAuthenticationData, CancellationToken cancellationToken)
   at Microsoft.AspNetCore.Server.Kestrel.Https.Internal.HttpsConnectionMiddleware.OnConnectionAsync(ConnectionContext context)

2023-11-10 11:47:46.362 +01:00  DBG  Connection id "0HMV1R9SQ9D2B" stopped.
2023-11-10 11:47:46.362 +01:00  DBG  Connection id "0HMV1R9SQ9D2C" stopped.
2023-11-10 11:47:46.367 +01:00  DBG  Connection id "0HMV1R9SQ9D2C" sending FIN because: "The Socket transport's send loop completed gracefully."
2023-11-10 11:47:46.367 +01:00  DBG  Connection id "0HMV1R9SQ9D2B" sending FIN because: "The Socket transport's send loop completed gracefully."
2023-11-10 11:47:46.422 +01:00  DBG  Connection id "0HMV1R9SQ9D2D" accepted.
2023-11-10 11:47:46.423 +01:00  DBG  Connection id "0HMV1R9SQ9D2D" started.
2023-11-10 11:47:46.477 +01:00  DBG  Connection 0HMV1R9SQ9D2D established using the following protocol: "Tls12"
2023-11-10 11:47:46.560 +01:00  INF  Request starting HTTP/2 GET https://localhost:7117/swagger/index.html - -
2023-11-10 11:47:46.592 +01:00  DBG  Wildcard detected, all requests with hosts will be allowed.
2023-11-10 11:47:46.616 +01:00  DBG  No candidates found for the request path '/swagger/index.html'
2023-11-10 11:47:46.616 +01:00  DBG  Request did not match any endpoints
2023-11-10 11:47:46.713 +01:00  DBG  Response markup is scheduled to include browser refresh script injection.
2023-11-10 11:47:46.803 +01:00  DBG  Response markup was updated to include browser refresh script injection.
2023-11-10 11:47:46.806 +01:00  INF  Request finished HTTP/2 GET https://localhost:7117/swagger/index.html - - - 200 - text/html;charset=utf-8 250.1030ms
2023-11-10 11:47:46.813 +01:00  INF  Request starting HTTP/2 GET https://localhost:7117/_framework/aspnetcore-browser-refresh.js - -
2023-11-10 11:47:46.813 +01:00  INF  Request starting HTTP/2 GET https://localhost:7117/_vs/browserLink - -
2023-11-10 11:47:46.833 +01:00  INF  Request finished HTTP/2 GET https://localhost:7117/_framework/aspnetcore-browser-refresh.js - - - 200 12350 application/javascript;+charset=utf-8 19.6082ms
2023-11-10 11:47:46.843 +01:00  INF  Request finished HTTP/2 GET https://localhost:7117/_vs/browserLink - - - 200 - text/javascript;+charset=UTF-8 29.8110ms
2023-11-10 11:47:46.908 +01:00  INF  Request starting HTTP/2 GET https://localhost:7117/swagger/v1/swagger.json - -
2023-11-10 11:47:46.909 +01:00  DBG  No candidates found for the request path '/swagger/v1/swagger.json'
2023-11-10 11:47:46.909 +01:00  DBG  Request did not match any endpoints
2023-11-10 11:47:47.008 +01:00  INF  Request finished HTTP/2 GET https://localhost:7117/swagger/v1/swagger.json - - - 200 - application/json;charset=utf-8 100.1399ms
