2024-01-31 09:53:54.869 +01:00  DBG  Registered model binder providers, in the following order: ["Microsoft.AspNetCore.Mvc.ModelBinding.Binders.BinderTypeModelBinderProvider","Microsoft.AspNetCore.Mvc.ModelBinding.Binders.ServicesModelBinderProvider","Microsoft.AspNetCore.Mvc.ModelBinding.Binders.BodyModelBinderProvider","Microsoft.AspNetCore.Mvc.ModelBinding.Binders.HeaderModelBinderProvider","Microsoft.AspNetCore.Mvc.ModelBinding.Binders.FloatingPointTypeModelBinderProvider","Microsoft.AspNetCore.Mvc.ModelBinding.Binders.EnumTypeModelBinderProvider","Microsoft.AspNetCore.Mvc.ModelBinding.Binders.DateTimeModelBinderProvider","Microsoft.AspNetCore.Mvc.ModelBinding.Binders.SimpleTypeModelBinderProvider","Microsoft.AspNetCore.Mvc.ModelBinding.Binders.TryParseModelBinderProvider","Microsoft.AspNetCore.Mvc.ModelBinding.Binders.CancellationTokenModelBinderProvider","Microsoft.AspNetCore.Mvc.ModelBinding.Binders.ByteArrayModelBinderProvider","Microsoft.AspNetCore.Mvc.ModelBinding.Binders.FormFileModelBinderProvider","Microsoft.AspNetCore.Mvc.ModelBinding.Binders.FormCollectionModelBinderProvider","Microsoft.AspNetCore.Mvc.ModelBinding.Binders.KeyValuePairModelBinderProvider","Microsoft.AspNetCore.Mvc.ModelBinding.Binders.DictionaryModelBinderProvider","Microsoft.AspNetCore.Mvc.ModelBinding.Binders.ArrayModelBinderProvider","Microsoft.AspNetCore.Mvc.ModelBinding.Binders.CollectionModelBinderProvider","Microsoft.AspNetCore.Mvc.ModelBinding.Binders.ComplexObjectModelBinderProvider"]
2024-01-31 09:53:55.009 +01:00  DBG  Hosting starting
2024-01-31 09:53:55.543 +01:00  INF  Now listening on: https://localhost:7117
2024-01-31 09:53:55.543 +01:00  INF  Now listening on: http://localhost:5066
2024-01-31 09:53:55.543 +01:00  DBG  Loaded hosting startup assembly SendEmail
2024-01-31 09:53:55.543 +01:00  DBG  Loaded hosting startup assembly Microsoft.AspNetCore.Watch.BrowserRefresh
2024-01-31 09:53:55.543 +01:00  DBG  Loaded hosting startup assembly Microsoft.WebTools.BrowserLink.Net
2024-01-31 09:53:55.544 +01:00  INF  Application started. Press Ctrl+C to shut down.
2024-01-31 09:53:55.544 +01:00  INF  Hosting environment: Development
2024-01-31 09:53:55.544 +01:00  INF  Content root path: C:\Users\CityGIS\Desktop\C#\SendEmail\SendEmail\SendEmail
2024-01-31 09:53:55.544 +01:00  DBG  Hosting started
2024-01-31 09:53:55.635 +01:00  DBG  Connection id "0HN1278K1U29T" accepted.
2024-01-31 09:53:55.635 +01:00  DBG  Connection id "0HN1278K1U29S" accepted.
2024-01-31 09:53:55.636 +01:00  DBG  Connection id "0HN1278K1U29T" started.
2024-01-31 09:53:55.636 +01:00  DBG  Connection id "0HN1278K1U29S" started.
2024-01-31 09:53:55.985 +01:00  DBG  Connection id "0HN1278K1U29U" accepted.
2024-01-31 09:53:55.986 +01:00  DBG  Connection id "0HN1278K1U29U" started.
2024-01-31 09:53:56.056 +01:00  DBG  Connection 0HN1278K1U29U established using the following protocol: "Tls12"
2024-01-31 09:53:56.191 +01:00  INF  Request starting HTTP/2 GET https://localhost:7117/swagger/index.html - -
2024-01-31 09:53:56.258 +01:00  DBG  Wildcard detected, all requests with hosts will be allowed.
2024-01-31 09:53:56.408 +01:00  DBG  No candidates found for the request path '/swagger/index.html'
2024-01-31 09:53:56.408 +01:00  DBG  Request did not match any endpoints
2024-01-31 09:53:56.526 +01:00  DBG  Response markup is scheduled to include browser refresh script injection.
2024-01-31 09:53:56.782 +01:00  DBG  Response markup was updated to include browser refresh script injection.
2024-01-31 09:53:56.785 +01:00  INF  Request finished HTTP/2 GET https://localhost:7117/swagger/index.html - - - 200 - text/html;charset=utf-8 595.6007ms
2024-01-31 09:53:56.794 +01:00  INF  Request starting HTTP/2 GET https://localhost:7117/_framework/aspnetcore-browser-refresh.js - -
2024-01-31 09:53:56.794 +01:00  INF  Request starting HTTP/2 GET https://localhost:7117/_vs/browserLink - -
2024-01-31 09:53:56.808 +01:00  INF  Request finished HTTP/2 GET https://localhost:7117/_framework/aspnetcore-browser-refresh.js - - - 200 12350 application/javascript;+charset=utf-8 13.8110ms
2024-01-31 09:53:56.852 +01:00  INF  Request finished HTTP/2 GET https://localhost:7117/_vs/browserLink - - - 200 - text/javascript;+charset=UTF-8 57.9126ms
2024-01-31 09:53:57.002 +01:00  INF  Request starting HTTP/2 GET https://localhost:7117/swagger/v1/swagger.json - -
2024-01-31 09:53:57.004 +01:00  DBG  No candidates found for the request path '/swagger/v1/swagger.json'
2024-01-31 09:53:57.004 +01:00  DBG  Request did not match any endpoints
2024-01-31 09:53:57.141 +01:00  INF  Request finished HTTP/2 GET https://localhost:7117/swagger/v1/swagger.json - - - 200 - application/json;charset=utf-8 138.7763ms
2024-01-31 09:54:04.611 +01:00  DBG  Connection id "0HN1278K1U29U" received FIN.
2024-01-31 09:54:04.615 +01:00  DBG  The connection queue processing loop for 0HN1278K1U29U completed.
2024-01-31 09:54:04.618 +01:00  DBG  Connection id "0HN1278K1U29U" is closed. The last processed stream ID was 7.
2024-01-31 09:54:04.620 +01:00  DBG  Connection id "0HN1278K1U29U" sending FIN because: "The Socket transport's send loop completed gracefully."
2024-01-31 09:54:04.636 +01:00  DBG  Connection id "0HN1278K1U29U" stopped.
2024-01-31 09:54:05.657 +01:00  DBG  Authentication of the HTTPS connection timed out.
2024-01-31 09:54:05.657 +01:00  DBG  Authentication of the HTTPS connection timed out.
2024-01-31 09:54:05.657 +01:00  DBG  Connection id "0HN1278K1U29T" stopped.
2024-01-31 09:54:05.657 +01:00  DBG  Connection id "0HN1278K1U29S" stopped.
2024-01-31 09:54:05.658 +01:00  DBG  Connection id "0HN1278K1U29T" sending FIN because: "The Socket transport's send loop completed gracefully."
2024-01-31 09:54:05.658 +01:00  DBG  Connection id "0HN1278K1U29S" sending FIN because: "The Socket transport's send loop completed gracefully."
2024-01-31 09:59:03.706 +01:00  DBG  Connection id "0HN1278K1U29V" accepted.
2024-01-31 09:59:03.706 +01:00  DBG  Connection id "0HN1278K1U29V" started.
2024-01-31 09:59:03.716 +01:00  DBG  Connection 0HN1278K1U29V established using the following protocol: "Tls12"
2024-01-31 09:59:10.041 +01:00  DBG  Connection id "0HN1278K1U29V" reset.
2024-01-31 09:59:10.042 +01:00  DBG  Connection id "0HN1278K1U29V" is closed. The last processed stream ID was 0.
2024-01-31 09:59:10.042 +01:00  DBG  Connection id "0HN1278K1U29V" sending FIN because: "The Socket transport's send loop completed gracefully."
2024-01-31 09:59:10.070 +01:00  DBG  The connection queue processing loop for 0HN1278K1U29V completed.
2024-01-31 09:59:10.071 +01:00  DBG  Connection id "0HN1278K1U29V" stopped.
2024-01-31 10:20:57.520 +01:00  DBG  Registered model binder providers, in the following order: ["Microsoft.AspNetCore.Mvc.ModelBinding.Binders.BinderTypeModelBinderProvider","Microsoft.AspNetCore.Mvc.ModelBinding.Binders.ServicesModelBinderProvider","Microsoft.AspNetCore.Mvc.ModelBinding.Binders.BodyModelBinderProvider","Microsoft.AspNetCore.Mvc.ModelBinding.Binders.HeaderModelBinderProvider","Microsoft.AspNetCore.Mvc.ModelBinding.Binders.FloatingPointTypeModelBinderProvider","Microsoft.AspNetCore.Mvc.ModelBinding.Binders.EnumTypeModelBinderProvider","Microsoft.AspNetCore.Mvc.ModelBinding.Binders.DateTimeModelBinderProvider","Microsoft.AspNetCore.Mvc.ModelBinding.Binders.SimpleTypeModelBinderProvider","Microsoft.AspNetCore.Mvc.ModelBinding.Binders.TryParseModelBinderProvider","Microsoft.AspNetCore.Mvc.ModelBinding.Binders.CancellationTokenModelBinderProvider","Microsoft.AspNetCore.Mvc.ModelBinding.Binders.ByteArrayModelBinderProvider","Microsoft.AspNetCore.Mvc.ModelBinding.Binders.FormFileModelBinderProvider","Microsoft.AspNetCore.Mvc.ModelBinding.Binders.FormCollectionModelBinderProvider","Microsoft.AspNetCore.Mvc.ModelBinding.Binders.KeyValuePairModelBinderProvider","Microsoft.AspNetCore.Mvc.ModelBinding.Binders.DictionaryModelBinderProvider","Microsoft.AspNetCore.Mvc.ModelBinding.Binders.ArrayModelBinderProvider","Microsoft.AspNetCore.Mvc.ModelBinding.Binders.CollectionModelBinderProvider","Microsoft.AspNetCore.Mvc.ModelBinding.Binders.ComplexObjectModelBinderProvider"]
2024-01-31 10:20:57.599 +01:00  DBG  Hosting starting
2024-01-31 10:20:57.837 +01:00  INF  Now listening on: https://localhost:7117
2024-01-31 10:20:57.837 +01:00  INF  Now listening on: http://localhost:5066
2024-01-31 10:20:57.837 +01:00  DBG  Loaded hosting startup assembly SendEmail
2024-01-31 10:20:57.837 +01:00  DBG  Loaded hosting startup assembly Microsoft.AspNetCore.Watch.BrowserRefresh
2024-01-31 10:20:57.837 +01:00  DBG  Loaded hosting startup assembly Microsoft.WebTools.BrowserLink.Net
2024-01-31 10:20:57.837 +01:00  INF  Application started. Press Ctrl+C to shut down.
2024-01-31 10:20:57.838 +01:00  INF  Hosting environment: Development
2024-01-31 10:20:57.838 +01:00  INF  Content root path: C:\Users\CityGIS\Desktop\C#\SendEmail\SendEmail\SendEmail
2024-01-31 10:20:57.838 +01:00  DBG  Hosting started
2024-01-31 10:20:57.957 +01:00  DBG  Connection id "0HN127NNHJ6TP" accepted.
2024-01-31 10:20:57.959 +01:00  DBG  Connection id "0HN127NNHJ6TP" started.
2024-01-31 10:20:57.980 +01:00  DBG  Connection id "0HN127NNHJ6TQ" accepted.
2024-01-31 10:20:57.981 +01:00  DBG  Connection id "0HN127NNHJ6TQ" started.
2024-01-31 10:20:58.018 +01:00  DBG  Connection id "0HN127NNHJ6TQ" received FIN.
2024-01-31 10:20:58.018 +01:00  DBG  Connection id "0HN127NNHJ6TP" received FIN.
2024-01-31 10:20:58.081 +01:00  DBG  Failed to authenticate HTTPS connection.System.IO.IOException:  Received an unexpected EOF or 0 bytes from the transport stream.
   at System.Net.Security.SslStream.ReceiveBlobAsync[TIOAdapter](CancellationToken cancellationToken)
   at System.Net.Security.SslStream.ForceAuthenticationAsync[TIOAdapter](Boolean receiveFirst, Byte[] reAuthenticationData, CancellationToken cancellationToken)
   at Microsoft.AspNetCore.Server.Kestrel.Https.Internal.HttpsConnectionMiddleware.OnConnectionAsync(ConnectionContext context)

2024-01-31 10:20:58.081 +01:00  DBG  Failed to authenticate HTTPS connection.System.IO.IOException:  Received an unexpected EOF or 0 bytes from the transport stream.
   at System.Net.Security.SslStream.ReceiveBlobAsync[TIOAdapter](CancellationToken cancellationToken)
   at System.Net.Security.SslStream.ForceAuthenticationAsync[TIOAdapter](Boolean receiveFirst, Byte[] reAuthenticationData, CancellationToken cancellationToken)
   at Microsoft.AspNetCore.Server.Kestrel.Https.Internal.HttpsConnectionMiddleware.OnConnectionAsync(ConnectionContext context)

2024-01-31 10:20:58.459 +01:00  DBG  Connection id "0HN127NNHJ6TP" stopped.
2024-01-31 10:20:58.459 +01:00  DBG  Connection id "0HN127NNHJ6TQ" stopped.
2024-01-31 10:20:58.465 +01:00  DBG  Connection id "0HN127NNHJ6TP" sending FIN because: "The Socket transport's send loop completed gracefully."
2024-01-31 10:20:58.465 +01:00  DBG  Connection id "0HN127NNHJ6TQ" sending FIN because: "The Socket transport's send loop completed gracefully."
2024-01-31 10:20:58.644 +01:00  DBG  Connection id "0HN127NNHJ6TR" accepted.
2024-01-31 10:20:58.645 +01:00  DBG  Connection id "0HN127NNHJ6TR" started.
2024-01-31 10:20:58.716 +01:00  DBG  Connection 0HN127NNHJ6TR established using the following protocol: "Tls12"
2024-01-31 10:20:58.785 +01:00  INF  Request starting HTTP/2 GET https://localhost:7117/swagger/index.html - -
2024-01-31 10:20:58.816 +01:00  DBG  Wildcard detected, all requests with hosts will be allowed.
2024-01-31 10:20:58.913 +01:00  DBG  No candidates found for the request path '/swagger/index.html'
2024-01-31 10:20:58.914 +01:00  DBG  Request did not match any endpoints
2024-01-31 10:20:59.003 +01:00  DBG  Response markup is scheduled to include browser refresh script injection.
2024-01-31 10:20:59.118 +01:00  DBG  Response markup was updated to include browser refresh script injection.
2024-01-31 10:20:59.122 +01:00  INF  Request finished HTTP/2 GET https://localhost:7117/swagger/index.html - - - 200 - text/html;charset=utf-8 338.1767ms
2024-01-31 10:20:59.129 +01:00  INF  Request starting HTTP/2 GET https://localhost:7117/_framework/aspnetcore-browser-refresh.js - -
2024-01-31 10:20:59.129 +01:00  INF  Request starting HTTP/2 GET https://localhost:7117/_vs/browserLink - -
2024-01-31 10:20:59.140 +01:00  INF  Request finished HTTP/2 GET https://localhost:7117/_framework/aspnetcore-browser-refresh.js - - - 200 12350 application/javascript;+charset=utf-8 10.7678ms
2024-01-31 10:20:59.158 +01:00  INF  Request finished HTTP/2 GET https://localhost:7117/_vs/browserLink - - - 200 - text/javascript;+charset=UTF-8 28.0406ms
2024-01-31 10:20:59.213 +01:00  INF  Request starting HTTP/2 GET https://localhost:7117/swagger/v1/swagger.json - -
2024-01-31 10:20:59.215 +01:00  DBG  No candidates found for the request path '/swagger/v1/swagger.json'
2024-01-31 10:20:59.215 +01:00  DBG  Request did not match any endpoints
2024-01-31 10:20:59.332 +01:00  INF  Request finished HTTP/2 GET https://localhost:7117/swagger/v1/swagger.json - - - 200 - application/json;charset=utf-8 119.1934ms
2024-01-31 10:22:11.983 +01:00  DBG  Connection id "0HN127NNHJ6TR" received FIN.
2024-01-31 10:22:12.036 +01:00  DBG  The connection queue processing loop for 0HN127NNHJ6TR completed.
2024-01-31 10:22:12.039 +01:00  DBG  Connection id "0HN127NNHJ6TR" is closed. The last processed stream ID was 7.
2024-01-31 10:22:12.039 +01:00  DBG  Connection id "0HN127NNHJ6TR" sending FIN because: "The Socket transport's send loop completed gracefully."
2024-01-31 10:22:12.049 +01:00  DBG  Connection id "0HN127NNHJ6TR" stopped.
2024-01-31 11:08:45.315 +01:00  DBG  Registered model binder providers, in the following order: ["Microsoft.AspNetCore.Mvc.ModelBinding.Binders.BinderTypeModelBinderProvider","Microsoft.AspNetCore.Mvc.ModelBinding.Binders.ServicesModelBinderProvider","Microsoft.AspNetCore.Mvc.ModelBinding.Binders.BodyModelBinderProvider","Microsoft.AspNetCore.Mvc.ModelBinding.Binders.HeaderModelBinderProvider","Microsoft.AspNetCore.Mvc.ModelBinding.Binders.FloatingPointTypeModelBinderProvider","Microsoft.AspNetCore.Mvc.ModelBinding.Binders.EnumTypeModelBinderProvider","Microsoft.AspNetCore.Mvc.ModelBinding.Binders.DateTimeModelBinderProvider","Microsoft.AspNetCore.Mvc.ModelBinding.Binders.SimpleTypeModelBinderProvider","Microsoft.AspNetCore.Mvc.ModelBinding.Binders.TryParseModelBinderProvider","Microsoft.AspNetCore.Mvc.ModelBinding.Binders.CancellationTokenModelBinderProvider","Microsoft.AspNetCore.Mvc.ModelBinding.Binders.ByteArrayModelBinderProvider","Microsoft.AspNetCore.Mvc.ModelBinding.Binders.FormFileModelBinderProvider","Microsoft.AspNetCore.Mvc.ModelBinding.Binders.FormCollectionModelBinderProvider","Microsoft.AspNetCore.Mvc.ModelBinding.Binders.KeyValuePairModelBinderProvider","Microsoft.AspNetCore.Mvc.ModelBinding.Binders.DictionaryModelBinderProvider","Microsoft.AspNetCore.Mvc.ModelBinding.Binders.ArrayModelBinderProvider","Microsoft.AspNetCore.Mvc.ModelBinding.Binders.CollectionModelBinderProvider","Microsoft.AspNetCore.Mvc.ModelBinding.Binders.ComplexObjectModelBinderProvider"]
2024-01-31 11:08:45.458 +01:00  DBG  Hosting starting
2024-01-31 11:08:45.969 +01:00  INF  Now listening on: https://localhost:7117
2024-01-31 11:08:45.970 +01:00  INF  Now listening on: http://localhost:5066
2024-01-31 11:08:45.970 +01:00  DBG  Loaded hosting startup assembly SendEmail
2024-01-31 11:08:45.970 +01:00  DBG  Loaded hosting startup assembly Microsoft.AspNetCore.Watch.BrowserRefresh
2024-01-31 11:08:45.970 +01:00  DBG  Loaded hosting startup assembly Microsoft.WebTools.BrowserLink.Net
2024-01-31 11:08:45.970 +01:00  INF  Application started. Press Ctrl+C to shut down.
2024-01-31 11:08:45.970 +01:00  INF  Hosting environment: Development
2024-01-31 11:08:45.971 +01:00  INF  Content root path: C:\Users\CityGIS\Desktop\C#\SendEmail\SendEmail\SendEmail
2024-01-31 11:08:45.971 +01:00  DBG  Hosting started
2024-01-31 11:08:46.011 +01:00  DBG  Connection id "0HN128IE9G4EM" accepted.
2024-01-31 11:08:46.012 +01:00  DBG  Connection id "0HN128IE9G4EM" started.
2024-01-31 11:08:46.050 +01:00  DBG  Connection id "0HN128IE9G4EM" received FIN.
2024-01-31 11:08:46.066 +01:00  DBG  Failed to authenticate HTTPS connection.System.IO.IOException:  Received an unexpected EOF or 0 bytes from the transport stream.
   at System.Net.Security.SslStream.ReceiveBlobAsync[TIOAdapter](CancellationToken cancellationToken)
   at System.Net.Security.SslStream.ForceAuthenticationAsync[TIOAdapter](Boolean receiveFirst, Byte[] reAuthenticationData, CancellationToken cancellationToken)
   at Microsoft.AspNetCore.Server.Kestrel.Https.Internal.HttpsConnectionMiddleware.OnConnectionAsync(ConnectionContext context)

2024-01-31 11:08:46.130 +01:00  DBG  Connection id "0HN128IE9G4EM" stopped.
2024-01-31 11:08:46.134 +01:00  DBG  Connection id "0HN128IE9G4EM" sending FIN because: "The Socket transport's send loop completed gracefully."
2024-01-31 11:08:46.353 +01:00  DBG  Connection id "0HN128IE9G4EN" accepted.
2024-01-31 11:08:46.353 +01:00  DBG  Connection id "0HN128IE9G4EN" started.
2024-01-31 11:08:46.413 +01:00  DBG  Connection 0HN128IE9G4EN established using the following protocol: "Tls12"
2024-01-31 11:08:46.545 +01:00  INF  Request starting HTTP/2 GET https://localhost:7117/swagger/index.html - -
2024-01-31 11:08:46.596 +01:00  DBG  Wildcard detected, all requests with hosts will be allowed.
2024-01-31 11:08:46.729 +01:00  DBG  No candidates found for the request path '/swagger/index.html'
2024-01-31 11:08:46.730 +01:00  DBG  Request did not match any endpoints
2024-01-31 11:08:46.836 +01:00  DBG  Response markup is scheduled to include browser refresh script injection.
2024-01-31 11:08:47.014 +01:00  DBG  Response markup was updated to include browser refresh script injection.
2024-01-31 11:08:47.018 +01:00  INF  Request starting HTTP/2 GET https://localhost:7117/_vs/browserLink - -
2024-01-31 11:08:47.018 +01:00  INF  Request starting HTTP/2 GET https://localhost:7117/_framework/aspnetcore-browser-refresh.js - -
2024-01-31 11:08:47.019 +01:00  INF  Request finished HTTP/2 GET https://localhost:7117/swagger/index.html - - - 200 - text/html;charset=utf-8 473.5571ms
2024-01-31 11:08:47.037 +01:00  INF  Request finished HTTP/2 GET https://localhost:7117/_framework/aspnetcore-browser-refresh.js - - - 200 12350 application/javascript;+charset=utf-8 18.3388ms
2024-01-31 11:08:47.050 +01:00  INF  Request finished HTTP/2 GET https://localhost:7117/_vs/browserLink - - - 200 - text/javascript;+charset=UTF-8 31.7276ms
2024-01-31 11:08:47.119 +01:00  INF  Request starting HTTP/2 GET https://localhost:7117/swagger/v1/swagger.json - -
2024-01-31 11:08:47.120 +01:00  DBG  No candidates found for the request path '/swagger/v1/swagger.json'
2024-01-31 11:08:47.120 +01:00  DBG  Request did not match any endpoints
2024-01-31 11:08:47.235 +01:00  INF  Request finished HTTP/2 GET https://localhost:7117/swagger/v1/swagger.json - - - 200 - application/json;charset=utf-8 116.2531ms
2024-01-31 11:08:51.306 +01:00  DBG  Connection id "0HN128IE9G4EN" received FIN.
2024-01-31 11:08:51.308 +01:00  DBG  The connection queue processing loop for 0HN128IE9G4EN completed.
2024-01-31 11:08:51.310 +01:00  DBG  Connection id "0HN128IE9G4EN" is closed. The last processed stream ID was 7.
2024-01-31 11:08:51.311 +01:00  DBG  Connection id "0HN128IE9G4EN" sending FIN because: "The Socket transport's send loop completed gracefully."
2024-01-31 11:08:51.321 +01:00  DBG  Connection id "0HN128IE9G4EN" stopped.
2024-01-31 11:09:04.518 +01:00  DBG  Connection id "0HN128IE9G4EO" accepted.
2024-01-31 11:09:04.518 +01:00  DBG  Connection id "0HN128IE9G4EO" started.
2024-01-31 11:09:04.529 +01:00  DBG  Connection 0HN128IE9G4EO established using the following protocol: "Tls12"
2024-01-31 11:09:04.536 +01:00  INF  Request starting HTTP/2 POST https://localhost:7117/api/Email/Send multipart/form-data;+boundary=----WebKitFormBoundaryw4ck8MnCbf9Hd10n 43007
2024-01-31 11:09:04.541 +01:00  DBG  1 candidate(s) found for the request path '/api/Email/Send'
2024-01-31 11:09:04.544 +01:00  DBG  Endpoint 'SendEmail.Controllers.EmailController.Send (SendEmail)' with route pattern 'api/Email/Send' is valid for the request path '/api/Email/Send'
2024-01-31 11:09:04.544 +01:00  DBG  Request matched endpoint 'SendEmail.Controllers.EmailController.Send (SendEmail)'
2024-01-31 11:09:04.547 +01:00  DBG  Static files was skipped as the request already matched an endpoint.
2024-01-31 11:09:04.551 +01:00  INF  Executing endpoint 'SendEmail.Controllers.EmailController.Send (SendEmail)'
2024-01-31 11:09:04.588 +01:00  INF  Route matched with {action = "Send", controller = "Email"}. Executing controller action with signature System.Threading.Tasks.Task`1[Microsoft.AspNetCore.Mvc.IActionResult] Send(SendEmail.Models.MailRequest) on controller SendEmail.Controllers.EmailController (SendEmail).
2024-01-31 11:09:04.590 +01:00  DBG  Execution plan of authorization filters (in the following order): ["None"]
2024-01-31 11:09:04.591 +01:00  DBG  Execution plan of resource filters (in the following order): ["None"]
2024-01-31 11:09:04.591 +01:00  DBG  Execution plan of action filters (in the following order): ["Microsoft.AspNetCore.Mvc.ModelBinding.UnsupportedContentTypeFilter (Order: -3000)","Microsoft.AspNetCore.Mvc.Infrastructure.ModelStateInvalidFilter (Order: -2000)"]
2024-01-31 11:09:04.591 +01:00  DBG  Execution plan of exception filters (in the following order): ["None"]
2024-01-31 11:09:04.591 +01:00  DBG  Execution plan of result filters (in the following order): ["Microsoft.AspNetCore.Mvc.Infrastructure.ClientErrorResultFilter (Order: -2000)"]
2024-01-31 11:09:04.593 +01:00  DBG  Executing controller factory for controller SendEmail.Controllers.EmailController (SendEmail)
2024-01-31 11:09:04.597 +01:00  DBG  Executed controller factory for controller SendEmail.Controllers.EmailController (SendEmail)
2024-01-31 11:09:04.611 +01:00  DBG  Connection id "0HN128IE9G4EO", Request id "0HN128IE9G4EO:00000001": started reading request body.
2024-01-31 11:09:04.611 +01:00  DBG  Connection id "0HN128IE9G4EO", Request id "0HN128IE9G4EO:00000001": done reading request body.
2024-01-31 11:09:04.624 +01:00  DBG  Attempting to bind parameter 'request' of type 'SendEmail.Models.MailRequest' ...
2024-01-31 11:09:04.627 +01:00  DBG  Attempting to bind parameter 'request' of type 'SendEmail.Models.MailRequest' using the name '' in request data ...
2024-01-31 11:09:04.630 +01:00  DBG  Attempting to bind property 'SendEmail.Models.MailRequest.ToEmail' of type 'System.String' using the name 'ToEmail' in request data ...
2024-01-31 11:09:04.631 +01:00  DBG  Done attempting to bind property 'SendEmail.Models.MailRequest.ToEmail' of type 'System.String'.
2024-01-31 11:09:04.632 +01:00  DBG  Attempting to bind property 'SendEmail.Models.MailRequest.ToDisplayName' of type 'System.String' using the name 'ToDisplayName' in request data ...
2024-01-31 11:09:04.633 +01:00  DBG  Done attempting to bind property 'SendEmail.Models.MailRequest.ToDisplayName' of type 'System.String'.
2024-01-31 11:09:04.633 +01:00  DBG  Attempting to bind property 'SendEmail.Models.MailRequest.FromDisplayName' of type 'System.String' using the name 'FromDisplayName' in request data ...
2024-01-31 11:09:04.633 +01:00  DBG  Done attempting to bind property 'SendEmail.Models.MailRequest.FromDisplayName' of type 'System.String'.
2024-01-31 11:09:04.633 +01:00  DBG  Attempting to bind property 'SendEmail.Models.MailRequest.FromMail' of type 'System.String' using the name 'FromMail' in request data ...
2024-01-31 11:09:04.633 +01:00  DBG  Done attempting to bind property 'SendEmail.Models.MailRequest.FromMail' of type 'System.String'.
2024-01-31 11:09:04.633 +01:00  DBG  Attempting to bind property 'SendEmail.Models.MailRequest.Subject' of type 'System.String' using the name 'Subject' in request data ...
2024-01-31 11:09:04.633 +01:00  DBG  Done attempting to bind property 'SendEmail.Models.MailRequest.Subject' of type 'System.String'.
2024-01-31 11:09:04.633 +01:00  DBG  Attempting to bind property 'SendEmail.Models.MailRequest.Body' of type 'System.String' using the name 'Body' in request data ...
2024-01-31 11:09:04.633 +01:00  DBG  Done attempting to bind property 'SendEmail.Models.MailRequest.Body' of type 'System.String'.
2024-01-31 11:09:04.634 +01:00  DBG  Attempting to bind property 'SendEmail.Models.MailRequest.Attachments' of type 'Microsoft.AspNetCore.Http.IFormFile' using the name 'Attachments' in request data ...
2024-01-31 11:09:04.634 +01:00  DBG  Done attempting to bind property 'SendEmail.Models.MailRequest.Attachments' of type 'Microsoft.AspNetCore.Http.IFormFile'.
2024-01-31 11:09:04.635 +01:00  DBG  Done attempting to bind parameter 'request' of type 'SendEmail.Models.MailRequest'.
2024-01-31 11:09:04.635 +01:00  DBG  Done attempting to bind parameter 'request' of type 'SendEmail.Models.MailRequest'.
2024-01-31 11:09:04.635 +01:00  DBG  Attempting to validate the bound parameter 'request' of type 'SendEmail.Models.MailRequest' ...
2024-01-31 11:09:04.646 +01:00  DBG  Done attempting to validate the bound parameter 'request' of type 'SendEmail.Models.MailRequest'.
2024-01-31 11:09:06.904 +01:00  INF  Email sent successfully :)
2024-01-31 11:09:06.918 +01:00  INF  Executing StatusCodeResult, setting HTTP status code 200
2024-01-31 11:09:06.922 +01:00  INF  Executed action SendEmail.Controllers.EmailController.Send (SendEmail) in 2327.8485ms
2024-01-31 11:09:06.923 +01:00  INF  Executed endpoint 'SendEmail.Controllers.EmailController.Send (SendEmail)'
2024-01-31 11:09:06.924 +01:00  INF  Request finished HTTP/2 POST https://localhost:7117/api/Email/Send multipart/form-data;+boundary=----WebKitFormBoundaryw4ck8MnCbf9Hd10n 43007 - 200 0 - 2387.9704ms
2024-01-31 11:09:11.320 +01:00  DBG  Connection id "0HN128IE9G4EO" received FIN.
2024-01-31 11:09:11.321 +01:00  DBG  Connection id "0HN128IE9G4EO" is closed. The last processed stream ID was 1.
2024-01-31 11:09:11.321 +01:00  DBG  Connection id "0HN128IE9G4EO" sending FIN because: "The Socket transport's send loop completed gracefully."
2024-01-31 11:09:11.321 +01:00  DBG  The connection queue processing loop for 0HN128IE9G4EO completed.
2024-01-31 11:09:11.321 +01:00  DBG  Connection id "0HN128IE9G4EO" stopped.
2024-01-31 11:15:36.268 +01:00  DBG  Registered model binder providers, in the following order: ["Microsoft.AspNetCore.Mvc.ModelBinding.Binders.BinderTypeModelBinderProvider","Microsoft.AspNetCore.Mvc.ModelBinding.Binders.ServicesModelBinderProvider","Microsoft.AspNetCore.Mvc.ModelBinding.Binders.BodyModelBinderProvider","Microsoft.AspNetCore.Mvc.ModelBinding.Binders.HeaderModelBinderProvider","Microsoft.AspNetCore.Mvc.ModelBinding.Binders.FloatingPointTypeModelBinderProvider","Microsoft.AspNetCore.Mvc.ModelBinding.Binders.EnumTypeModelBinderProvider","Microsoft.AspNetCore.Mvc.ModelBinding.Binders.DateTimeModelBinderProvider","Microsoft.AspNetCore.Mvc.ModelBinding.Binders.SimpleTypeModelBinderProvider","Microsoft.AspNetCore.Mvc.ModelBinding.Binders.TryParseModelBinderProvider","Microsoft.AspNetCore.Mvc.ModelBinding.Binders.CancellationTokenModelBinderProvider","Microsoft.AspNetCore.Mvc.ModelBinding.Binders.ByteArrayModelBinderProvider","Microsoft.AspNetCore.Mvc.ModelBinding.Binders.FormFileModelBinderProvider","Microsoft.AspNetCore.Mvc.ModelBinding.Binders.FormCollectionModelBinderProvider","Microsoft.AspNetCore.Mvc.ModelBinding.Binders.KeyValuePairModelBinderProvider","Microsoft.AspNetCore.Mvc.ModelBinding.Binders.DictionaryModelBinderProvider","Microsoft.AspNetCore.Mvc.ModelBinding.Binders.ArrayModelBinderProvider","Microsoft.AspNetCore.Mvc.ModelBinding.Binders.CollectionModelBinderProvider","Microsoft.AspNetCore.Mvc.ModelBinding.Binders.ComplexObjectModelBinderProvider"]
2024-01-31 11:15:36.373 +01:00  DBG  Hosting starting
2024-01-31 11:15:36.545 +01:00  INF  Now listening on: https://localhost:7117
2024-01-31 11:15:36.545 +01:00  INF  Now listening on: http://localhost:5066
2024-01-31 11:15:36.546 +01:00  DBG  Loaded hosting startup assembly SendEmail
2024-01-31 11:15:36.546 +01:00  DBG  Loaded hosting startup assembly Microsoft.AspNetCore.Watch.BrowserRefresh
2024-01-31 11:15:36.546 +01:00  DBG  Loaded hosting startup assembly Microsoft.WebTools.BrowserLink.Net
2024-01-31 11:15:36.546 +01:00  INF  Application started. Press Ctrl+C to shut down.
2024-01-31 11:15:36.547 +01:00  INF  Hosting environment: Development
2024-01-31 11:15:36.547 +01:00  INF  Content root path: C:\Users\CityGIS\Desktop\C#\SendEmail\SendEmail\SendEmail
2024-01-31 11:15:36.547 +01:00  DBG  Hosting started
2024-01-31 11:15:36.588 +01:00  DBG  Connection id "0HN128M8L2JIN" received FIN.
2024-01-31 11:15:36.589 +01:00  DBG  Connection id "0HN128M8L2JIO" received FIN.
2024-01-31 11:15:36.595 +01:00  DBG  Connection id "0HN128M8L2JIN" accepted.
2024-01-31 11:15:36.595 +01:00  DBG  Connection id "0HN128M8L2JIO" accepted.
2024-01-31 11:15:36.596 +01:00  DBG  Connection id "0HN128M8L2JIO" started.
2024-01-31 11:15:36.596 +01:00  DBG  Connection id "0HN128M8L2JIN" started.
2024-01-31 11:15:36.619 +01:00  DBG  Failed to authenticate HTTPS connection.System.IO.IOException:  Received an unexpected EOF or 0 bytes from the transport stream.
   at System.Net.Security.SslStream.ReceiveBlobAsync[TIOAdapter](CancellationToken cancellationToken)
   at System.Net.Security.SslStream.ForceAuthenticationAsync[TIOAdapter](Boolean receiveFirst, Byte[] reAuthenticationData, CancellationToken cancellationToken)
   at Microsoft.AspNetCore.Server.Kestrel.Https.Internal.HttpsConnectionMiddleware.OnConnectionAsync(ConnectionContext context)

2024-01-31 11:15:36.619 +01:00  DBG  Failed to authenticate HTTPS connection.System.IO.IOException:  Received an unexpected EOF or 0 bytes from the transport stream.
   at System.Net.Security.SslStream.ReceiveBlobAsync[TIOAdapter](CancellationToken cancellationToken)
   at System.Net.Security.SslStream.ForceAuthenticationAsync[TIOAdapter](Boolean receiveFirst, Byte[] reAuthenticationData, CancellationToken cancellationToken)
   at Microsoft.AspNetCore.Server.Kestrel.Https.Internal.HttpsConnectionMiddleware.OnConnectionAsync(ConnectionContext context)

2024-01-31 11:15:36.642 +01:00  DBG  Connection id "0HN128M8L2JIO" stopped.
2024-01-31 11:15:36.642 +01:00  DBG  Connection id "0HN128M8L2JIN" stopped.
2024-01-31 11:15:36.647 +01:00  DBG  Connection id "0HN128M8L2JIO" sending FIN because: "The Socket transport's send loop completed gracefully."
2024-01-31 11:15:36.647 +01:00  DBG  Connection id "0HN128M8L2JIN" sending FIN because: "The Socket transport's send loop completed gracefully."
2024-01-31 11:15:36.782 +01:00  DBG  Connection id "0HN128M8L2JIP" accepted.
2024-01-31 11:15:36.783 +01:00  DBG  Connection id "0HN128M8L2JIP" started.
2024-01-31 11:15:36.830 +01:00  DBG  Connection 0HN128M8L2JIP established using the following protocol: "Tls12"
2024-01-31 11:15:36.918 +01:00  INF  Request starting HTTP/2 GET https://localhost:7117/swagger/index.html - -
2024-01-31 11:15:36.944 +01:00  DBG  Wildcard detected, all requests with hosts will be allowed.
2024-01-31 11:15:37.022 +01:00  DBG  No candidates found for the request path '/swagger/index.html'
2024-01-31 11:15:37.022 +01:00  DBG  Request did not match any endpoints
2024-01-31 11:15:37.118 +01:00  DBG  Response markup is scheduled to include browser refresh script injection.
2024-01-31 11:15:37.207 +01:00  DBG  Response markup was updated to include browser refresh script injection.
2024-01-31 11:15:37.209 +01:00  INF  Request finished HTTP/2 GET https://localhost:7117/swagger/index.html - - - 200 - text/html;charset=utf-8 294.4447ms
2024-01-31 11:15:37.218 +01:00  INF  Request starting HTTP/2 GET https://localhost:7117/_framework/aspnetcore-browser-refresh.js - -
2024-01-31 11:15:37.218 +01:00  INF  Request starting HTTP/2 GET https://localhost:7117/_vs/browserLink - -
2024-01-31 11:15:37.237 +01:00  INF  Request finished HTTP/2 GET https://localhost:7117/_framework/aspnetcore-browser-refresh.js - - - 200 12350 application/javascript;+charset=utf-8 19.5124ms
2024-01-31 11:15:37.246 +01:00  INF  Request finished HTTP/2 GET https://localhost:7117/_vs/browserLink - - - 200 - text/javascript;+charset=UTF-8 28.5129ms
2024-01-31 11:15:37.314 +01:00  INF  Request starting HTTP/2 GET https://localhost:7117/swagger/v1/swagger.json - -
2024-01-31 11:15:37.315 +01:00  DBG  No candidates found for the request path '/swagger/v1/swagger.json'
2024-01-31 11:15:37.315 +01:00  DBG  Request did not match any endpoints
2024-01-31 11:15:37.425 +01:00  INF  Request finished HTTP/2 GET https://localhost:7117/swagger/v1/swagger.json - - - 200 - application/json;charset=utf-8 110.9875ms
2024-01-31 11:15:46.897 +01:00  DBG  Connection id "0HN128M8L2JIP" received FIN.
2024-01-31 11:15:46.899 +01:00  DBG  The connection queue processing loop for 0HN128M8L2JIP completed.
2024-01-31 11:15:46.902 +01:00  DBG  Connection id "0HN128M8L2JIP" is closed. The last processed stream ID was 7.
2024-01-31 11:15:46.902 +01:00  DBG  Connection id "0HN128M8L2JIP" sending FIN because: "The Socket transport's send loop completed gracefully."
2024-01-31 11:15:46.912 +01:00  DBG  Connection id "0HN128M8L2JIP" stopped.
2024-01-31 11:16:26.376 +01:00  DBG  Connection id "0HN128M8L2JIQ" accepted.
2024-01-31 11:16:26.378 +01:00  DBG  Connection id "0HN128M8L2JIQ" started.
2024-01-31 11:16:26.392 +01:00  DBG  Connection 0HN128M8L2JIQ established using the following protocol: "Tls12"
2024-01-31 11:16:26.406 +01:00  INF  Request starting HTTP/2 POST https://localhost:7117/api/Email/Send multipart/form-data;+boundary=----WebKitFormBoundary5JBAuaf0zu9SpHar 1136
2024-01-31 11:16:26.413 +01:00  DBG  1 candidate(s) found for the request path '/api/Email/Send'
2024-01-31 11:16:26.417 +01:00  DBG  Endpoint 'SendEmail.Controllers.EmailController.Send (SendEmail)' with route pattern 'api/Email/Send' is valid for the request path '/api/Email/Send'
2024-01-31 11:16:26.418 +01:00  DBG  Request matched endpoint 'SendEmail.Controllers.EmailController.Send (SendEmail)'
2024-01-31 11:16:26.419 +01:00  DBG  Static files was skipped as the request already matched an endpoint.
2024-01-31 11:16:26.422 +01:00  INF  Executing endpoint 'SendEmail.Controllers.EmailController.Send (SendEmail)'
2024-01-31 11:16:26.447 +01:00  INF  Route matched with {action = "Send", controller = "Email"}. Executing controller action with signature System.Threading.Tasks.Task`1[Microsoft.AspNetCore.Mvc.IActionResult] Send(SendEmail.Models.MailRequest) on controller SendEmail.Controllers.EmailController (SendEmail).
2024-01-31 11:16:26.449 +01:00  DBG  Execution plan of authorization filters (in the following order): ["None"]
2024-01-31 11:16:26.449 +01:00  DBG  Execution plan of resource filters (in the following order): ["None"]
2024-01-31 11:16:26.449 +01:00  DBG  Execution plan of action filters (in the following order): ["Microsoft.AspNetCore.Mvc.ModelBinding.UnsupportedContentTypeFilter (Order: -3000)","Microsoft.AspNetCore.Mvc.Infrastructure.ModelStateInvalidFilter (Order: -2000)"]
2024-01-31 11:16:26.450 +01:00  DBG  Execution plan of exception filters (in the following order): ["None"]
2024-01-31 11:16:26.450 +01:00  DBG  Execution plan of result filters (in the following order): ["Microsoft.AspNetCore.Mvc.Infrastructure.ClientErrorResultFilter (Order: -2000)"]
2024-01-31 11:16:26.451 +01:00  DBG  Executing controller factory for controller SendEmail.Controllers.EmailController (SendEmail)
2024-01-31 11:16:26.455 +01:00  DBG  Executed controller factory for controller SendEmail.Controllers.EmailController (SendEmail)
2024-01-31 11:16:26.460 +01:00  DBG  Connection id "0HN128M8L2JIQ", Request id "0HN128M8L2JIQ:00000001": started reading request body.
2024-01-31 11:16:26.460 +01:00  DBG  Connection id "0HN128M8L2JIQ", Request id "0HN128M8L2JIQ:00000001": done reading request body.
2024-01-31 11:16:26.469 +01:00  DBG  Attempting to bind parameter 'request' of type 'SendEmail.Models.MailRequest' ...
2024-01-31 11:16:26.472 +01:00  DBG  Attempting to bind parameter 'request' of type 'SendEmail.Models.MailRequest' using the name '' in request data ...
2024-01-31 11:16:26.476 +01:00  DBG  Attempting to bind property 'SendEmail.Models.MailRequest.ToEmail' of type 'System.String' using the name 'ToEmail' in request data ...
2024-01-31 11:16:26.477 +01:00  DBG  Done attempting to bind property 'SendEmail.Models.MailRequest.ToEmail' of type 'System.String'.
2024-01-31 11:16:26.479 +01:00  DBG  Attempting to bind property 'SendEmail.Models.MailRequest.ToDisplayName' of type 'System.String' using the name 'ToDisplayName' in request data ...
2024-01-31 11:16:26.480 +01:00  DBG  Done attempting to bind property 'SendEmail.Models.MailRequest.ToDisplayName' of type 'System.String'.
2024-01-31 11:16:26.480 +01:00  DBG  Attempting to bind property 'SendEmail.Models.MailRequest.FromDisplayName' of type 'System.String' using the name 'FromDisplayName' in request data ...
2024-01-31 11:16:26.480 +01:00  DBG  Done attempting to bind property 'SendEmail.Models.MailRequest.FromDisplayName' of type 'System.String'.
2024-01-31 11:16:26.481 +01:00  DBG  Attempting to bind property 'SendEmail.Models.MailRequest.FromMail' of type 'System.String' using the name 'FromMail' in request data ...
2024-01-31 11:16:26.481 +01:00  DBG  Done attempting to bind property 'SendEmail.Models.MailRequest.FromMail' of type 'System.String'.
2024-01-31 11:16:26.481 +01:00  DBG  Attempting to bind property 'SendEmail.Models.MailRequest.Subject' of type 'System.String' using the name 'Subject' in request data ...
2024-01-31 11:16:26.481 +01:00  DBG  Done attempting to bind property 'SendEmail.Models.MailRequest.Subject' of type 'System.String'.
2024-01-31 11:16:26.481 +01:00  DBG  Attempting to bind property 'SendEmail.Models.MailRequest.Body' of type 'System.String' using the name 'Body' in request data ...
2024-01-31 11:16:26.481 +01:00  DBG  Done attempting to bind property 'SendEmail.Models.MailRequest.Body' of type 'System.String'.
2024-01-31 11:16:26.482 +01:00  DBG  Attempting to bind property 'SendEmail.Models.MailRequest.Attachments' of type 'Microsoft.AspNetCore.Http.IFormFile' using the name 'Attachments' in request data ...
2024-01-31 11:16:26.485 +01:00  DBG  No files found in the request to bind the model to.
2024-01-31 11:16:26.486 +01:00  DBG  No files found in the request to bind the model to.
2024-01-31 11:16:26.486 +01:00  DBG  Done attempting to bind property 'SendEmail.Models.MailRequest.Attachments' of type 'Microsoft.AspNetCore.Http.IFormFile'.
2024-01-31 11:16:26.486 +01:00  DBG  Attempting to bind property 'SendEmail.Models.MailRequest.JsonData' of type 'System.String' using the name 'JsonData' in request data ...
2024-01-31 11:16:26.486 +01:00  DBG  Done attempting to bind property 'SendEmail.Models.MailRequest.JsonData' of type 'System.String'.
2024-01-31 11:16:26.487 +01:00  DBG  Done attempting to bind parameter 'request' of type 'SendEmail.Models.MailRequest'.
2024-01-31 11:16:26.487 +01:00  DBG  Done attempting to bind parameter 'request' of type 'SendEmail.Models.MailRequest'.
2024-01-31 11:16:26.487 +01:00  DBG  Attempting to validate the bound parameter 'request' of type 'SendEmail.Models.MailRequest' ...
2024-01-31 11:16:26.495 +01:00  DBG  Done attempting to validate the bound parameter 'request' of type 'SendEmail.Models.MailRequest'.
2024-01-31 11:17:06.271 +01:00  DBG  Registered model binder providers, in the following order: ["Microsoft.AspNetCore.Mvc.ModelBinding.Binders.BinderTypeModelBinderProvider","Microsoft.AspNetCore.Mvc.ModelBinding.Binders.ServicesModelBinderProvider","Microsoft.AspNetCore.Mvc.ModelBinding.Binders.BodyModelBinderProvider","Microsoft.AspNetCore.Mvc.ModelBinding.Binders.HeaderModelBinderProvider","Microsoft.AspNetCore.Mvc.ModelBinding.Binders.FloatingPointTypeModelBinderProvider","Microsoft.AspNetCore.Mvc.ModelBinding.Binders.EnumTypeModelBinderProvider","Microsoft.AspNetCore.Mvc.ModelBinding.Binders.DateTimeModelBinderProvider","Microsoft.AspNetCore.Mvc.ModelBinding.Binders.SimpleTypeModelBinderProvider","Microsoft.AspNetCore.Mvc.ModelBinding.Binders.TryParseModelBinderProvider","Microsoft.AspNetCore.Mvc.ModelBinding.Binders.CancellationTokenModelBinderProvider","Microsoft.AspNetCore.Mvc.ModelBinding.Binders.ByteArrayModelBinderProvider","Microsoft.AspNetCore.Mvc.ModelBinding.Binders.FormFileModelBinderProvider","Microsoft.AspNetCore.Mvc.ModelBinding.Binders.FormCollectionModelBinderProvider","Microsoft.AspNetCore.Mvc.ModelBinding.Binders.KeyValuePairModelBinderProvider","Microsoft.AspNetCore.Mvc.ModelBinding.Binders.DictionaryModelBinderProvider","Microsoft.AspNetCore.Mvc.ModelBinding.Binders.ArrayModelBinderProvider","Microsoft.AspNetCore.Mvc.ModelBinding.Binders.CollectionModelBinderProvider","Microsoft.AspNetCore.Mvc.ModelBinding.Binders.ComplexObjectModelBinderProvider"]
2024-01-31 11:17:06.352 +01:00  DBG  Hosting starting
2024-01-31 11:17:06.525 +01:00  INF  Now listening on: https://localhost:7117
2024-01-31 11:17:06.525 +01:00  INF  Now listening on: http://localhost:5066
2024-01-31 11:17:06.525 +01:00  DBG  Loaded hosting startup assembly SendEmail
2024-01-31 11:17:06.525 +01:00  DBG  Loaded hosting startup assembly Microsoft.AspNetCore.Watch.BrowserRefresh
2024-01-31 11:17:06.525 +01:00  DBG  Loaded hosting startup assembly Microsoft.WebTools.BrowserLink.Net
2024-01-31 11:17:06.528 +01:00  INF  Application started. Press Ctrl+C to shut down.
2024-01-31 11:17:06.529 +01:00  INF  Hosting environment: Development
2024-01-31 11:17:06.529 +01:00  INF  Content root path: C:\Users\CityGIS\Desktop\C#\SendEmail\SendEmail\SendEmail
2024-01-31 11:17:06.529 +01:00  DBG  Hosting started
2024-01-31 11:17:06.547 +01:00  DBG  Connection id "0HN128N3EVO73" received FIN.
2024-01-31 11:17:06.552 +01:00  DBG  Connection id "0HN128N3EVO73" accepted.
2024-01-31 11:17:06.553 +01:00  DBG  Connection id "0HN128N3EVO73" started.
2024-01-31 11:17:06.575 +01:00  DBG  Failed to authenticate HTTPS connection.System.IO.IOException:  Received an unexpected EOF or 0 bytes from the transport stream.
   at System.Net.Security.SslStream.ReceiveBlobAsync[TIOAdapter](CancellationToken cancellationToken)
   at System.Net.Security.SslStream.ForceAuthenticationAsync[TIOAdapter](Boolean receiveFirst, Byte[] reAuthenticationData, CancellationToken cancellationToken)
   at Microsoft.AspNetCore.Server.Kestrel.Https.Internal.HttpsConnectionMiddleware.OnConnectionAsync(ConnectionContext context)

2024-01-31 11:17:06.594 +01:00  DBG  Connection id "0HN128N3EVO73" stopped.
2024-01-31 11:17:06.598 +01:00  DBG  Connection id "0HN128N3EVO73" sending FIN because: "The Socket transport's send loop completed gracefully."
2024-01-31 11:17:06.734 +01:00  DBG  Connection id "0HN128N3EVO74" accepted.
2024-01-31 11:17:06.734 +01:00  DBG  Connection id "0HN128N3EVO74" started.
2024-01-31 11:17:06.778 +01:00  DBG  Connection 0HN128N3EVO74 established using the following protocol: "Tls12"
2024-01-31 11:17:06.855 +01:00  INF  Request starting HTTP/2 GET https://localhost:7117/swagger/index.html - -
2024-01-31 11:17:06.877 +01:00  DBG  Wildcard detected, all requests with hosts will be allowed.
2024-01-31 11:17:06.939 +01:00  DBG  No candidates found for the request path '/swagger/index.html'
2024-01-31 11:17:06.939 +01:00  DBG  Request did not match any endpoints
2024-01-31 11:17:07.036 +01:00  DBG  Response markup is scheduled to include browser refresh script injection.
2024-01-31 11:17:07.117 +01:00  DBG  Response markup was updated to include browser refresh script injection.
2024-01-31 11:17:07.120 +01:00  INF  Request finished HTTP/2 GET https://localhost:7117/swagger/index.html - - - 200 - text/html;charset=utf-8 266.0962ms
2024-01-31 11:17:07.129 +01:00  INF  Request starting HTTP/2 GET https://localhost:7117/_vs/browserLink - -
2024-01-31 11:17:07.129 +01:00  INF  Request starting HTTP/2 GET https://localhost:7117/_framework/aspnetcore-browser-refresh.js - -
2024-01-31 11:17:07.142 +01:00  INF  Request finished HTTP/2 GET https://localhost:7117/_framework/aspnetcore-browser-refresh.js - - - 200 12350 application/javascript;+charset=utf-8 13.0303ms
2024-01-31 11:17:07.152 +01:00  INF  Request finished HTTP/2 GET https://localhost:7117/_vs/browserLink - - - 200 - text/javascript;+charset=UTF-8 23.4678ms
2024-01-31 11:17:07.213 +01:00  INF  Request starting HTTP/2 GET https://localhost:7117/swagger/v1/swagger.json - -
2024-01-31 11:17:07.214 +01:00  DBG  No candidates found for the request path '/swagger/v1/swagger.json'
2024-01-31 11:17:07.214 +01:00  DBG  Request did not match any endpoints
2024-01-31 11:17:07.335 +01:00  INF  Request finished HTTP/2 GET https://localhost:7117/swagger/v1/swagger.json - - - 200 - application/json;charset=utf-8 122.1742ms
2024-01-31 11:17:17.014 +01:00  DBG  Connection id "0HN128N3EVO74" received FIN.
2024-01-31 11:17:17.016 +01:00  DBG  The connection queue processing loop for 0HN128N3EVO74 completed.
2024-01-31 11:17:17.019 +01:00  DBG  Connection id "0HN128N3EVO74" is closed. The last processed stream ID was 7.
2024-01-31 11:17:17.019 +01:00  DBG  Connection id "0HN128N3EVO74" sending FIN because: "The Socket transport's send loop completed gracefully."
2024-01-31 11:17:17.028 +01:00  DBG  Connection id "0HN128N3EVO74" stopped.
2024-01-31 11:17:23.190 +01:00  DBG  Connection id "0HN128N3EVO75" accepted.
2024-01-31 11:17:23.190 +01:00  DBG  Connection id "0HN128N3EVO75" started.
2024-01-31 11:17:23.201 +01:00  DBG  Connection 0HN128N3EVO75 established using the following protocol: "Tls12"
2024-01-31 11:17:23.206 +01:00  INF  Request starting HTTP/2 POST https://localhost:7117/api/Email/Send multipart/form-data;+boundary=----WebKitFormBoundaryAbGfEKyFTbNHUL8F 1140
2024-01-31 11:17:23.212 +01:00  DBG  1 candidate(s) found for the request path '/api/Email/Send'
2024-01-31 11:17:23.214 +01:00  DBG  Endpoint 'SendEmail.Controllers.EmailController.Send (SendEmail)' with route pattern 'api/Email/Send' is valid for the request path '/api/Email/Send'
2024-01-31 11:17:23.214 +01:00  DBG  Request matched endpoint 'SendEmail.Controllers.EmailController.Send (SendEmail)'
2024-01-31 11:17:23.216 +01:00  DBG  Static files was skipped as the request already matched an endpoint.
2024-01-31 11:17:23.218 +01:00  INF  Executing endpoint 'SendEmail.Controllers.EmailController.Send (SendEmail)'
2024-01-31 11:17:23.240 +01:00  INF  Route matched with {action = "Send", controller = "Email"}. Executing controller action with signature System.Threading.Tasks.Task`1[Microsoft.AspNetCore.Mvc.IActionResult] Send(SendEmail.Models.MailRequest) on controller SendEmail.Controllers.EmailController (SendEmail).
2024-01-31 11:17:23.243 +01:00  DBG  Execution plan of authorization filters (in the following order): ["None"]
2024-01-31 11:17:23.244 +01:00  DBG  Execution plan of resource filters (in the following order): ["None"]
2024-01-31 11:17:23.244 +01:00  DBG  Execution plan of action filters (in the following order): ["Microsoft.AspNetCore.Mvc.ModelBinding.UnsupportedContentTypeFilter (Order: -3000)","Microsoft.AspNetCore.Mvc.Infrastructure.ModelStateInvalidFilter (Order: -2000)"]
2024-01-31 11:17:23.244 +01:00  DBG  Execution plan of exception filters (in the following order): ["None"]
2024-01-31 11:17:23.244 +01:00  DBG  Execution plan of result filters (in the following order): ["Microsoft.AspNetCore.Mvc.Infrastructure.ClientErrorResultFilter (Order: -2000)"]
2024-01-31 11:17:23.245 +01:00  DBG  Executing controller factory for controller SendEmail.Controllers.EmailController (SendEmail)
2024-01-31 11:17:23.247 +01:00  DBG  Executed controller factory for controller SendEmail.Controllers.EmailController (SendEmail)
2024-01-31 11:17:23.252 +01:00  DBG  Connection id "0HN128N3EVO75", Request id "0HN128N3EVO75:00000001": started reading request body.
2024-01-31 11:17:23.252 +01:00  DBG  Connection id "0HN128N3EVO75", Request id "0HN128N3EVO75:00000001": done reading request body.
2024-01-31 11:17:23.263 +01:00  DBG  Attempting to bind parameter 'request' of type 'SendEmail.Models.MailRequest' ...
2024-01-31 11:17:23.267 +01:00  DBG  Attempting to bind parameter 'request' of type 'SendEmail.Models.MailRequest' using the name '' in request data ...
2024-01-31 11:17:23.269 +01:00  DBG  Attempting to bind property 'SendEmail.Models.MailRequest.ToEmail' of type 'System.String' using the name 'ToEmail' in request data ...
2024-01-31 11:17:23.270 +01:00  DBG  Done attempting to bind property 'SendEmail.Models.MailRequest.ToEmail' of type 'System.String'.
2024-01-31 11:17:23.271 +01:00  DBG  Attempting to bind property 'SendEmail.Models.MailRequest.ToDisplayName' of type 'System.String' using the name 'ToDisplayName' in request data ...
2024-01-31 11:17:23.271 +01:00  DBG  Done attempting to bind property 'SendEmail.Models.MailRequest.ToDisplayName' of type 'System.String'.
2024-01-31 11:17:23.272 +01:00  DBG  Attempting to bind property 'SendEmail.Models.MailRequest.FromDisplayName' of type 'System.String' using the name 'FromDisplayName' in request data ...
2024-01-31 11:17:23.272 +01:00  DBG  Done attempting to bind property 'SendEmail.Models.MailRequest.FromDisplayName' of type 'System.String'.
2024-01-31 11:17:23.272 +01:00  DBG  Attempting to bind property 'SendEmail.Models.MailRequest.FromMail' of type 'System.String' using the name 'FromMail' in request data ...
2024-01-31 11:17:23.272 +01:00  DBG  Done attempting to bind property 'SendEmail.Models.MailRequest.FromMail' of type 'System.String'.
2024-01-31 11:17:23.272 +01:00  DBG  Attempting to bind property 'SendEmail.Models.MailRequest.Subject' of type 'System.String' using the name 'Subject' in request data ...
2024-01-31 11:17:23.272 +01:00  DBG  Done attempting to bind property 'SendEmail.Models.MailRequest.Subject' of type 'System.String'.
2024-01-31 11:17:23.272 +01:00  DBG  Attempting to bind property 'SendEmail.Models.MailRequest.Body' of type 'System.String' using the name 'Body' in request data ...
2024-01-31 11:17:23.272 +01:00  DBG  Done attempting to bind property 'SendEmail.Models.MailRequest.Body' of type 'System.String'.
2024-01-31 11:17:23.273 +01:00  DBG  Attempting to bind property 'SendEmail.Models.MailRequest.Attachments' of type 'Microsoft.AspNetCore.Http.IFormFile' using the name 'Attachments' in request data ...
2024-01-31 11:17:23.274 +01:00  DBG  No files found in the request to bind the model to.
2024-01-31 11:17:23.275 +01:00  DBG  No files found in the request to bind the model to.
2024-01-31 11:17:23.276 +01:00  DBG  Done attempting to bind property 'SendEmail.Models.MailRequest.Attachments' of type 'Microsoft.AspNetCore.Http.IFormFile'.
2024-01-31 11:17:23.276 +01:00  DBG  Attempting to bind property 'SendEmail.Models.MailRequest.JsonData' of type 'System.String' using the name 'JsonData' in request data ...
2024-01-31 11:17:23.276 +01:00  DBG  Done attempting to bind property 'SendEmail.Models.MailRequest.JsonData' of type 'System.String'.
2024-01-31 11:17:23.276 +01:00  DBG  Done attempting to bind parameter 'request' of type 'SendEmail.Models.MailRequest'.
2024-01-31 11:17:23.276 +01:00  DBG  Done attempting to bind parameter 'request' of type 'SendEmail.Models.MailRequest'.
2024-01-31 11:17:23.277 +01:00  DBG  Attempting to validate the bound parameter 'request' of type 'SendEmail.Models.MailRequest' ...
2024-01-31 11:17:23.284 +01:00  DBG  Done attempting to validate the bound parameter 'request' of type 'SendEmail.Models.MailRequest'.
2024-01-31 11:27:46.374 +01:00  DBG  Registered model binder providers, in the following order: ["Microsoft.AspNetCore.Mvc.ModelBinding.Binders.BinderTypeModelBinderProvider","Microsoft.AspNetCore.Mvc.ModelBinding.Binders.ServicesModelBinderProvider","Microsoft.AspNetCore.Mvc.ModelBinding.Binders.BodyModelBinderProvider","Microsoft.AspNetCore.Mvc.ModelBinding.Binders.HeaderModelBinderProvider","Microsoft.AspNetCore.Mvc.ModelBinding.Binders.FloatingPointTypeModelBinderProvider","Microsoft.AspNetCore.Mvc.ModelBinding.Binders.EnumTypeModelBinderProvider","Microsoft.AspNetCore.Mvc.ModelBinding.Binders.DateTimeModelBinderProvider","Microsoft.AspNetCore.Mvc.ModelBinding.Binders.SimpleTypeModelBinderProvider","Microsoft.AspNetCore.Mvc.ModelBinding.Binders.TryParseModelBinderProvider","Microsoft.AspNetCore.Mvc.ModelBinding.Binders.CancellationTokenModelBinderProvider","Microsoft.AspNetCore.Mvc.ModelBinding.Binders.ByteArrayModelBinderProvider","Microsoft.AspNetCore.Mvc.ModelBinding.Binders.FormFileModelBinderProvider","Microsoft.AspNetCore.Mvc.ModelBinding.Binders.FormCollectionModelBinderProvider","Microsoft.AspNetCore.Mvc.ModelBinding.Binders.KeyValuePairModelBinderProvider","Microsoft.AspNetCore.Mvc.ModelBinding.Binders.DictionaryModelBinderProvider","Microsoft.AspNetCore.Mvc.ModelBinding.Binders.ArrayModelBinderProvider","Microsoft.AspNetCore.Mvc.ModelBinding.Binders.CollectionModelBinderProvider","Microsoft.AspNetCore.Mvc.ModelBinding.Binders.ComplexObjectModelBinderProvider"]
2024-01-31 11:27:46.482 +01:00  DBG  Hosting starting
2024-01-31 11:27:46.651 +01:00  INF  Now listening on: https://localhost:7117
2024-01-31 11:27:46.651 +01:00  INF  Now listening on: http://localhost:5066
2024-01-31 11:27:46.651 +01:00  DBG  Loaded hosting startup assembly SendEmail
2024-01-31 11:27:46.651 +01:00  DBG  Loaded hosting startup assembly Microsoft.AspNetCore.Watch.BrowserRefresh
2024-01-31 11:27:46.651 +01:00  DBG  Loaded hosting startup assembly Microsoft.WebTools.BrowserLink.Net
2024-01-31 11:27:46.652 +01:00  INF  Application started. Press Ctrl+C to shut down.
2024-01-31 11:27:46.652 +01:00  INF  Hosting environment: Development
2024-01-31 11:27:46.652 +01:00  INF  Content root path: C:\Users\CityGIS\Desktop\C#\SendEmail\SendEmail\SendEmail
2024-01-31 11:27:46.652 +01:00  DBG  Hosting started
2024-01-31 11:27:46.876 +01:00  DBG  Connection id "0HN128T29KH0O" received FIN.
2024-01-31 11:27:46.876 +01:00  DBG  Connection id "0HN128T29KH0O" accepted.
2024-01-31 11:27:46.878 +01:00  DBG  Connection id "0HN128T29KH0O" started.
2024-01-31 11:27:46.906 +01:00  DBG  Failed to authenticate HTTPS connection.System.IO.IOException:  Received an unexpected EOF or 0 bytes from the transport stream.
   at System.Net.Security.SslStream.ReceiveBlobAsync[TIOAdapter](CancellationToken cancellationToken)
   at System.Net.Security.SslStream.ForceAuthenticationAsync[TIOAdapter](Boolean receiveFirst, Byte[] reAuthenticationData, CancellationToken cancellationToken)
   at Microsoft.AspNetCore.Server.Kestrel.Https.Internal.HttpsConnectionMiddleware.OnConnectionAsync(ConnectionContext context)

2024-01-31 11:27:46.929 +01:00  DBG  Connection id "0HN128T29KH0O" stopped.
2024-01-31 11:27:46.934 +01:00  DBG  Connection id "0HN128T29KH0O" sending FIN because: "The Socket transport's send loop completed gracefully."
2024-01-31 11:27:47.083 +01:00  DBG  Connection id "0HN128T29KH0P" accepted.
2024-01-31 11:27:47.084 +01:00  DBG  Connection id "0HN128T29KH0P" started.
2024-01-31 11:27:47.135 +01:00  DBG  Connection 0HN128T29KH0P established using the following protocol: "Tls12"
2024-01-31 11:27:47.198 +01:00  INF  Request starting HTTP/2 GET https://localhost:7117/swagger/index.html - -
2024-01-31 11:27:47.225 +01:00  DBG  Wildcard detected, all requests with hosts will be allowed.
2024-01-31 11:27:47.293 +01:00  DBG  No candidates found for the request path '/swagger/index.html'
2024-01-31 11:27:47.294 +01:00  DBG  Request did not match any endpoints
2024-01-31 11:27:47.385 +01:00  DBG  Response markup is scheduled to include browser refresh script injection.
2024-01-31 11:27:47.488 +01:00  INF  Request starting HTTP/2 GET https://localhost:7117/_framework/aspnetcore-browser-refresh.js - -
2024-01-31 11:27:47.488 +01:00  INF  Request starting HTTP/2 GET https://localhost:7117/_vs/browserLink - -
2024-01-31 11:27:47.501 +01:00  DBG  Response markup was updated to include browser refresh script injection.
2024-01-31 11:27:47.514 +01:00  INF  Request finished HTTP/2 GET https://localhost:7117/swagger/index.html - - - 200 - text/html;charset=utf-8 318.0988ms
2024-01-31 11:27:47.514 +01:00  INF  Request finished HTTP/2 GET https://localhost:7117/_framework/aspnetcore-browser-refresh.js - - - 200 12350 application/javascript;+charset=utf-8 25.5899ms
2024-01-31 11:27:47.523 +01:00  INF  Request finished HTTP/2 GET https://localhost:7117/_vs/browserLink - - - 200 - text/javascript;+charset=UTF-8 35.0107ms
2024-01-31 11:27:47.586 +01:00  INF  Request starting HTTP/2 GET https://localhost:7117/swagger/v1/swagger.json - -
2024-01-31 11:27:47.588 +01:00  DBG  No candidates found for the request path '/swagger/v1/swagger.json'
2024-01-31 11:27:47.588 +01:00  DBG  Request did not match any endpoints
2024-01-31 11:27:47.702 +01:00  INF  Request finished HTTP/2 GET https://localhost:7117/swagger/v1/swagger.json - - - 200 - application/json;charset=utf-8 116.2471ms
2024-01-31 11:28:02.976 +01:00  DBG  Connection id "0HN128T29KH0P" received FIN.
2024-01-31 11:28:02.981 +01:00  DBG  The connection queue processing loop for 0HN128T29KH0P completed.
2024-01-31 11:28:02.988 +01:00  DBG  Connection id "0HN128T29KH0P" is closed. The last processed stream ID was 7.
2024-01-31 11:28:02.989 +01:00  DBG  Connection id "0HN128T29KH0P" sending FIN because: "The Socket transport's send loop completed gracefully."
2024-01-31 11:28:02.997 +01:00  DBG  Connection id "0HN128T29KH0P" stopped.
2024-01-31 11:28:32.614 +01:00  DBG  Connection id "0HN128T29KH0Q" accepted.
2024-01-31 11:28:32.615 +01:00  DBG  Connection id "0HN128T29KH0Q" started.
2024-01-31 11:28:32.630 +01:00  DBG  Connection 0HN128T29KH0Q established using the following protocol: "Tls12"
2024-01-31 11:28:32.641 +01:00  INF  Request starting HTTP/2 POST https://localhost:7117/api/Email/Send multipart/form-data;+boundary=----WebKitFormBoundaryLPB6rPmlAIGSraKC 1042
2024-01-31 11:28:32.646 +01:00  DBG  1 candidate(s) found for the request path '/api/Email/Send'
2024-01-31 11:28:32.648 +01:00  DBG  Endpoint 'SendEmail.Controllers.EmailController.Send (SendEmail)' with route pattern 'api/Email/Send' is valid for the request path '/api/Email/Send'
2024-01-31 11:28:32.648 +01:00  DBG  Request matched endpoint 'SendEmail.Controllers.EmailController.Send (SendEmail)'
2024-01-31 11:28:32.650 +01:00  DBG  Static files was skipped as the request already matched an endpoint.
2024-01-31 11:28:32.652 +01:00  INF  Executing endpoint 'SendEmail.Controllers.EmailController.Send (SendEmail)'
2024-01-31 11:28:32.674 +01:00  INF  Route matched with {action = "Send", controller = "Email"}. Executing controller action with signature System.Threading.Tasks.Task`1[Microsoft.AspNetCore.Mvc.IActionResult] Send(SendEmail.Models.MailRequest) on controller SendEmail.Controllers.EmailController (SendEmail).
2024-01-31 11:28:32.675 +01:00  DBG  Execution plan of authorization filters (in the following order): ["None"]
2024-01-31 11:28:32.676 +01:00  DBG  Execution plan of resource filters (in the following order): ["None"]
2024-01-31 11:28:32.677 +01:00  DBG  Execution plan of action filters (in the following order): ["Microsoft.AspNetCore.Mvc.ModelBinding.UnsupportedContentTypeFilter (Order: -3000)","Microsoft.AspNetCore.Mvc.Infrastructure.ModelStateInvalidFilter (Order: -2000)"]
2024-01-31 11:28:32.677 +01:00  DBG  Execution plan of exception filters (in the following order): ["None"]
2024-01-31 11:28:32.677 +01:00  DBG  Execution plan of result filters (in the following order): ["Microsoft.AspNetCore.Mvc.Infrastructure.ClientErrorResultFilter (Order: -2000)"]
2024-01-31 11:28:32.678 +01:00  DBG  Executing controller factory for controller SendEmail.Controllers.EmailController (SendEmail)
2024-01-31 11:28:32.681 +01:00  DBG  Executed controller factory for controller SendEmail.Controllers.EmailController (SendEmail)
2024-01-31 11:28:32.686 +01:00  DBG  Connection id "0HN128T29KH0Q", Request id "0HN128T29KH0Q:00000001": started reading request body.
2024-01-31 11:28:32.686 +01:00  DBG  Connection id "0HN128T29KH0Q", Request id "0HN128T29KH0Q:00000001": done reading request body.
2024-01-31 11:28:32.695 +01:00  DBG  Attempting to bind parameter 'request' of type 'SendEmail.Models.MailRequest' ...
2024-01-31 11:28:32.697 +01:00  DBG  Attempting to bind parameter 'request' of type 'SendEmail.Models.MailRequest' using the name '' in request data ...
2024-01-31 11:28:32.700 +01:00  DBG  Attempting to bind property 'SendEmail.Models.MailRequest.ToEmail' of type 'System.String' using the name 'ToEmail' in request data ...
2024-01-31 11:28:32.701 +01:00  DBG  Done attempting to bind property 'SendEmail.Models.MailRequest.ToEmail' of type 'System.String'.
2024-01-31 11:28:32.702 +01:00  DBG  Attempting to bind property 'SendEmail.Models.MailRequest.ToDisplayName' of type 'System.String' using the name 'ToDisplayName' in request data ...
2024-01-31 11:28:32.702 +01:00  DBG  Done attempting to bind property 'SendEmail.Models.MailRequest.ToDisplayName' of type 'System.String'.
2024-01-31 11:28:32.702 +01:00  DBG  Attempting to bind property 'SendEmail.Models.MailRequest.FromDisplayName' of type 'System.String' using the name 'FromDisplayName' in request data ...
2024-01-31 11:28:32.702 +01:00  DBG  Done attempting to bind property 'SendEmail.Models.MailRequest.FromDisplayName' of type 'System.String'.
2024-01-31 11:28:32.703 +01:00  DBG  Attempting to bind property 'SendEmail.Models.MailRequest.FromMail' of type 'System.String' using the name 'FromMail' in request data ...
2024-01-31 11:28:32.703 +01:00  DBG  Done attempting to bind property 'SendEmail.Models.MailRequest.FromMail' of type 'System.String'.
2024-01-31 11:28:32.703 +01:00  DBG  Attempting to bind property 'SendEmail.Models.MailRequest.Subject' of type 'System.String' using the name 'Subject' in request data ...
2024-01-31 11:28:32.703 +01:00  DBG  Done attempting to bind property 'SendEmail.Models.MailRequest.Subject' of type 'System.String'.
2024-01-31 11:28:32.703 +01:00  DBG  Attempting to bind property 'SendEmail.Models.MailRequest.Body' of type 'System.String' using the name 'Body' in request data ...
2024-01-31 11:28:32.703 +01:00  DBG  Could not find a value in the request with name 'Body' for binding property 'SendEmail.Models.MailRequest.Body' of type 'System.String'.
2024-01-31 11:28:32.703 +01:00  DBG  Done attempting to bind property 'SendEmail.Models.MailRequest.Body' of type 'System.String'.
2024-01-31 11:28:32.704 +01:00  DBG  Attempting to bind property 'SendEmail.Models.MailRequest.Attachments' of type 'Microsoft.AspNetCore.Http.IFormFile' using the name 'Attachments' in request data ...
2024-01-31 11:28:32.704 +01:00  DBG  No files found in the request to bind the model to.
2024-01-31 11:28:32.705 +01:00  DBG  No files found in the request to bind the model to.
2024-01-31 11:28:32.705 +01:00  DBG  Done attempting to bind property 'SendEmail.Models.MailRequest.Attachments' of type 'Microsoft.AspNetCore.Http.IFormFile'.
2024-01-31 11:28:32.705 +01:00  DBG  Attempting to bind property 'SendEmail.Models.MailRequest.JsonData' of type 'System.String' using the name 'JsonData' in request data ...
2024-01-31 11:28:32.705 +01:00  DBG  Done attempting to bind property 'SendEmail.Models.MailRequest.JsonData' of type 'System.String'.
2024-01-31 11:28:32.705 +01:00  DBG  Done attempting to bind parameter 'request' of type 'SendEmail.Models.MailRequest'.
2024-01-31 11:28:32.705 +01:00  DBG  Done attempting to bind parameter 'request' of type 'SendEmail.Models.MailRequest'.
2024-01-31 11:28:32.705 +01:00  DBG  Attempting to validate the bound parameter 'request' of type 'SendEmail.Models.MailRequest' ...
2024-01-31 11:28:32.716 +01:00  DBG  Done attempting to validate the bound parameter 'request' of type 'SendEmail.Models.MailRequest'.
2024-01-31 11:28:32.718 +01:00  DBG  The request has model state errors, returning an error response.
2024-01-31 11:28:32.719 +01:00  DBG  Request was short circuited at action filter 'Microsoft.AspNetCore.Mvc.Infrastructure.ModelStateInvalidFilter'.
2024-01-31 11:28:32.720 +01:00  DBG  List of registered output formatters, in the following order: ["Microsoft.AspNetCore.Mvc.Formatters.HttpNoContentOutputFormatter","Microsoft.AspNetCore.Mvc.Formatters.StringOutputFormatter","Microsoft.AspNetCore.Mvc.Formatters.StreamOutputFormatter","Microsoft.AspNetCore.Mvc.Formatters.SystemTextJsonOutputFormatter"]
2024-01-31 11:28:32.721 +01:00  DBG  No information found on request to perform content negotiation.
2024-01-31 11:28:32.722 +01:00  DBG  Attempting to select the first output formatter in the output formatters list which supports a content type from the explicitly specified content types '["application/problem+json","application/problem+xml","application/problem+json","application/problem+xml"]'.
2024-01-31 11:28:32.722 +01:00  DBG  Selected output formatter 'Microsoft.AspNetCore.Mvc.Formatters.SystemTextJsonOutputFormatter' and content type 'application/problem+json' to write the response.
2024-01-31 11:28:32.723 +01:00  INF  Executing BadRequestObjectResult, writing value of type 'Microsoft.AspNetCore.Mvc.ValidationProblemDetails'.
2024-01-31 11:28:32.736 +01:00  INF  Executed action SendEmail.Controllers.EmailController.Send (SendEmail) in 55.8127ms
2024-01-31 11:28:32.736 +01:00  INF  Executed endpoint 'SendEmail.Controllers.EmailController.Send (SendEmail)'
2024-01-31 11:28:32.736 +01:00  INF  Request finished HTTP/2 POST https://localhost:7117/api/Email/Send multipart/form-data;+boundary=----WebKitFormBoundaryLPB6rPmlAIGSraKC 1042 - 400 - application/problem+json;+charset=utf-8 95.4506ms
2024-01-31 11:28:45.904 +01:00  INF  Request starting HTTP/2 POST https://localhost:7117/api/Email/Send multipart/form-data;+boundary=----WebKitFormBoundary5GWZyYPQFZ9B1NBV 1134
2024-01-31 11:28:45.904 +01:00  DBG  1 candidate(s) found for the request path '/api/Email/Send'
2024-01-31 11:28:45.904 +01:00  DBG  Endpoint 'SendEmail.Controllers.EmailController.Send (SendEmail)' with route pattern 'api/Email/Send' is valid for the request path '/api/Email/Send'
2024-01-31 11:28:45.904 +01:00  DBG  Request matched endpoint 'SendEmail.Controllers.EmailController.Send (SendEmail)'
2024-01-31 11:28:45.904 +01:00  DBG  Static files was skipped as the request already matched an endpoint.
2024-01-31 11:28:45.904 +01:00  INF  Executing endpoint 'SendEmail.Controllers.EmailController.Send (SendEmail)'
2024-01-31 11:28:45.905 +01:00  INF  Route matched with {action = "Send", controller = "Email"}. Executing controller action with signature System.Threading.Tasks.Task`1[Microsoft.AspNetCore.Mvc.IActionResult] Send(SendEmail.Models.MailRequest) on controller SendEmail.Controllers.EmailController (SendEmail).
2024-01-31 11:28:45.905 +01:00  DBG  Execution plan of authorization filters (in the following order): ["None"]
2024-01-31 11:28:45.905 +01:00  DBG  Execution plan of resource filters (in the following order): ["None"]
2024-01-31 11:28:45.905 +01:00  DBG  Execution plan of action filters (in the following order): ["Microsoft.AspNetCore.Mvc.ModelBinding.UnsupportedContentTypeFilter (Order: -3000)","Microsoft.AspNetCore.Mvc.Infrastructure.ModelStateInvalidFilter (Order: -2000)"]
2024-01-31 11:28:45.905 +01:00  DBG  Execution plan of exception filters (in the following order): ["None"]
2024-01-31 11:28:45.905 +01:00  DBG  Execution plan of result filters (in the following order): ["Microsoft.AspNetCore.Mvc.Infrastructure.ClientErrorResultFilter (Order: -2000)"]
2024-01-31 11:28:45.905 +01:00  DBG  Executing controller factory for controller SendEmail.Controllers.EmailController (SendEmail)
2024-01-31 11:28:45.906 +01:00  DBG  Executed controller factory for controller SendEmail.Controllers.EmailController (SendEmail)
2024-01-31 11:28:45.906 +01:00  DBG  Connection id "0HN128T29KH0Q", Request id "0HN128T29KH0Q:00000003": started reading request body.
2024-01-31 11:28:45.906 +01:00  DBG  Connection id "0HN128T29KH0Q", Request id "0HN128T29KH0Q:00000003": done reading request body.
2024-01-31 11:28:45.907 +01:00  DBG  Attempting to bind parameter 'request' of type 'SendEmail.Models.MailRequest' ...
2024-01-31 11:28:45.907 +01:00  DBG  Attempting to bind parameter 'request' of type 'SendEmail.Models.MailRequest' using the name '' in request data ...
2024-01-31 11:28:45.907 +01:00  DBG  Attempting to bind property 'SendEmail.Models.MailRequest.ToEmail' of type 'System.String' using the name 'ToEmail' in request data ...
2024-01-31 11:28:45.907 +01:00  DBG  Done attempting to bind property 'SendEmail.Models.MailRequest.ToEmail' of type 'System.String'.
2024-01-31 11:28:45.907 +01:00  DBG  Attempting to bind property 'SendEmail.Models.MailRequest.ToDisplayName' of type 'System.String' using the name 'ToDisplayName' in request data ...
2024-01-31 11:28:45.907 +01:00  DBG  Done attempting to bind property 'SendEmail.Models.MailRequest.ToDisplayName' of type 'System.String'.
2024-01-31 11:28:45.907 +01:00  DBG  Attempting to bind property 'SendEmail.Models.MailRequest.FromDisplayName' of type 'System.String' using the name 'FromDisplayName' in request data ...
2024-01-31 11:28:45.907 +01:00  DBG  Done attempting to bind property 'SendEmail.Models.MailRequest.FromDisplayName' of type 'System.String'.
2024-01-31 11:28:45.907 +01:00  DBG  Attempting to bind property 'SendEmail.Models.MailRequest.FromMail' of type 'System.String' using the name 'FromMail' in request data ...
2024-01-31 11:28:45.907 +01:00  DBG  Done attempting to bind property 'SendEmail.Models.MailRequest.FromMail' of type 'System.String'.
2024-01-31 11:28:45.907 +01:00  DBG  Attempting to bind property 'SendEmail.Models.MailRequest.Subject' of type 'System.String' using the name 'Subject' in request data ...
2024-01-31 11:28:45.907 +01:00  DBG  Done attempting to bind property 'SendEmail.Models.MailRequest.Subject' of type 'System.String'.
2024-01-31 11:28:45.907 +01:00  DBG  Attempting to bind property 'SendEmail.Models.MailRequest.Body' of type 'System.String' using the name 'Body' in request data ...
2024-01-31 11:28:45.907 +01:00  DBG  Done attempting to bind property 'SendEmail.Models.MailRequest.Body' of type 'System.String'.
2024-01-31 11:28:45.908 +01:00  DBG  Attempting to bind property 'SendEmail.Models.MailRequest.Attachments' of type 'Microsoft.AspNetCore.Http.IFormFile' using the name 'Attachments' in request data ...
2024-01-31 11:28:45.908 +01:00  DBG  No files found in the request to bind the model to.
2024-01-31 11:28:45.908 +01:00  DBG  No files found in the request to bind the model to.
2024-01-31 11:28:45.908 +01:00  DBG  Done attempting to bind property 'SendEmail.Models.MailRequest.Attachments' of type 'Microsoft.AspNetCore.Http.IFormFile'.
2024-01-31 11:28:45.908 +01:00  DBG  Attempting to bind property 'SendEmail.Models.MailRequest.JsonData' of type 'System.String' using the name 'JsonData' in request data ...
2024-01-31 11:28:45.908 +01:00  DBG  Done attempting to bind property 'SendEmail.Models.MailRequest.JsonData' of type 'System.String'.
2024-01-31 11:28:45.908 +01:00  DBG  Done attempting to bind parameter 'request' of type 'SendEmail.Models.MailRequest'.
2024-01-31 11:28:45.908 +01:00  DBG  Done attempting to bind parameter 'request' of type 'SendEmail.Models.MailRequest'.
2024-01-31 11:28:45.908 +01:00  DBG  Attempting to validate the bound parameter 'request' of type 'SendEmail.Models.MailRequest' ...
2024-01-31 11:28:45.908 +01:00  DBG  Done attempting to validate the bound parameter 'request' of type 'SendEmail.Models.MailRequest'.
2024-01-31 11:31:10.441 +01:00  DBG  Registered model binder providers, in the following order: ["Microsoft.AspNetCore.Mvc.ModelBinding.Binders.BinderTypeModelBinderProvider","Microsoft.AspNetCore.Mvc.ModelBinding.Binders.ServicesModelBinderProvider","Microsoft.AspNetCore.Mvc.ModelBinding.Binders.BodyModelBinderProvider","Microsoft.AspNetCore.Mvc.ModelBinding.Binders.HeaderModelBinderProvider","Microsoft.AspNetCore.Mvc.ModelBinding.Binders.FloatingPointTypeModelBinderProvider","Microsoft.AspNetCore.Mvc.ModelBinding.Binders.EnumTypeModelBinderProvider","Microsoft.AspNetCore.Mvc.ModelBinding.Binders.DateTimeModelBinderProvider","Microsoft.AspNetCore.Mvc.ModelBinding.Binders.SimpleTypeModelBinderProvider","Microsoft.AspNetCore.Mvc.ModelBinding.Binders.TryParseModelBinderProvider","Microsoft.AspNetCore.Mvc.ModelBinding.Binders.CancellationTokenModelBinderProvider","Microsoft.AspNetCore.Mvc.ModelBinding.Binders.ByteArrayModelBinderProvider","Microsoft.AspNetCore.Mvc.ModelBinding.Binders.FormFileModelBinderProvider","Microsoft.AspNetCore.Mvc.ModelBinding.Binders.FormCollectionModelBinderProvider","Microsoft.AspNetCore.Mvc.ModelBinding.Binders.KeyValuePairModelBinderProvider","Microsoft.AspNetCore.Mvc.ModelBinding.Binders.DictionaryModelBinderProvider","Microsoft.AspNetCore.Mvc.ModelBinding.Binders.ArrayModelBinderProvider","Microsoft.AspNetCore.Mvc.ModelBinding.Binders.CollectionModelBinderProvider","Microsoft.AspNetCore.Mvc.ModelBinding.Binders.ComplexObjectModelBinderProvider"]
2024-01-31 11:31:10.521 +01:00  DBG  Hosting starting
2024-01-31 11:31:10.696 +01:00  INF  Now listening on: https://localhost:7117
2024-01-31 11:31:10.696 +01:00  INF  Now listening on: http://localhost:5066
2024-01-31 11:31:10.701 +01:00  DBG  Loaded hosting startup assembly SendEmail
2024-01-31 11:31:10.701 +01:00  DBG  Loaded hosting startup assembly Microsoft.AspNetCore.Watch.BrowserRefresh
2024-01-31 11:31:10.701 +01:00  DBG  Loaded hosting startup assembly Microsoft.WebTools.BrowserLink.Net
2024-01-31 11:31:10.707 +01:00  INF  Application started. Press Ctrl+C to shut down.
2024-01-31 11:31:10.708 +01:00  INF  Hosting environment: Development
2024-01-31 11:31:10.708 +01:00  INF  Content root path: C:\Users\CityGIS\Desktop\C#\SendEmail\SendEmail\SendEmail
2024-01-31 11:31:10.708 +01:00  DBG  Hosting started
2024-01-31 11:31:10.714 +01:00  DBG  Connection id "0HN128UV1JC43" received FIN.
2024-01-31 11:31:10.715 +01:00  DBG  Connection id "0HN128UV1JC42" received FIN.
2024-01-31 11:31:10.721 +01:00  DBG  Connection id "0HN128UV1JC42" accepted.
2024-01-31 11:31:10.721 +01:00  DBG  Connection id "0HN128UV1JC43" accepted.
2024-01-31 11:31:10.722 +01:00  DBG  Connection id "0HN128UV1JC43" started.
2024-01-31 11:31:10.722 +01:00  DBG  Connection id "0HN128UV1JC42" started.
2024-01-31 11:31:10.744 +01:00  DBG  Failed to authenticate HTTPS connection.System.IO.IOException:  Received an unexpected EOF or 0 bytes from the transport stream.
   at System.Net.Security.SslStream.ReceiveBlobAsync[TIOAdapter](CancellationToken cancellationToken)
   at System.Net.Security.SslStream.ForceAuthenticationAsync[TIOAdapter](Boolean receiveFirst, Byte[] reAuthenticationData, CancellationToken cancellationToken)
   at Microsoft.AspNetCore.Server.Kestrel.Https.Internal.HttpsConnectionMiddleware.OnConnectionAsync(ConnectionContext context)

2024-01-31 11:31:10.744 +01:00  DBG  Failed to authenticate HTTPS connection.System.IO.IOException:  Received an unexpected EOF or 0 bytes from the transport stream.
   at System.Net.Security.SslStream.ReceiveBlobAsync[TIOAdapter](CancellationToken cancellationToken)
   at System.Net.Security.SslStream.ForceAuthenticationAsync[TIOAdapter](Boolean receiveFirst, Byte[] reAuthenticationData, CancellationToken cancellationToken)
   at Microsoft.AspNetCore.Server.Kestrel.Https.Internal.HttpsConnectionMiddleware.OnConnectionAsync(ConnectionContext context)

2024-01-31 11:31:10.763 +01:00  DBG  Connection id "0HN128UV1JC43" stopped.
2024-01-31 11:31:10.763 +01:00  DBG  Connection id "0HN128UV1JC42" stopped.
2024-01-31 11:31:10.768 +01:00  DBG  Connection id "0HN128UV1JC42" sending FIN because: "The Socket transport's send loop completed gracefully."
2024-01-31 11:31:10.768 +01:00  DBG  Connection id "0HN128UV1JC43" sending FIN because: "The Socket transport's send loop completed gracefully."
2024-01-31 11:31:11.000 +01:00  DBG  Connection id "0HN128UV1JC44" accepted.
2024-01-31 11:31:11.000 +01:00  DBG  Connection id "0HN128UV1JC44" started.
2024-01-31 11:31:11.057 +01:00  DBG  Connection 0HN128UV1JC44 established using the following protocol: "Tls12"
2024-01-31 11:31:11.125 +01:00  INF  Request starting HTTP/2 GET https://localhost:7117/swagger/index.html - -
2024-01-31 11:31:11.150 +01:00  DBG  Wildcard detected, all requests with hosts will be allowed.
2024-01-31 11:31:11.229 +01:00  DBG  No candidates found for the request path '/swagger/index.html'
2024-01-31 11:31:11.230 +01:00  DBG  Request did not match any endpoints
2024-01-31 11:31:11.329 +01:00  DBG  Response markup is scheduled to include browser refresh script injection.
2024-01-31 11:31:11.416 +01:00  DBG  Response markup was updated to include browser refresh script injection.
2024-01-31 11:31:11.419 +01:00  INF  Request finished HTTP/2 GET https://localhost:7117/swagger/index.html - - - 200 - text/html;charset=utf-8 294.9501ms
2024-01-31 11:31:11.427 +01:00  INF  Request starting HTTP/2 GET https://localhost:7117/_framework/aspnetcore-browser-refresh.js - -
2024-01-31 11:31:11.427 +01:00  INF  Request starting HTTP/2 GET https://localhost:7117/_vs/browserLink - -
2024-01-31 11:31:11.441 +01:00  INF  Request finished HTTP/2 GET https://localhost:7117/_framework/aspnetcore-browser-refresh.js - - - 200 12350 application/javascript;+charset=utf-8 14.3875ms
2024-01-31 11:31:11.452 +01:00  INF  Request finished HTTP/2 GET https://localhost:7117/_vs/browserLink - - - 200 - text/javascript;+charset=UTF-8 25.3182ms
2024-01-31 11:31:11.517 +01:00  INF  Request starting HTTP/2 GET https://localhost:7117/swagger/v1/swagger.json - -
2024-01-31 11:31:11.518 +01:00  DBG  No candidates found for the request path '/swagger/v1/swagger.json'
2024-01-31 11:31:11.518 +01:00  DBG  Request did not match any endpoints
2024-01-31 11:31:11.625 +01:00  INF  Request finished HTTP/2 GET https://localhost:7117/swagger/v1/swagger.json - - - 200 - application/json;charset=utf-8 107.5613ms
2024-01-31 11:31:13.263 +01:00  DBG  Connection id "0HN128UV1JC44" received FIN.
2024-01-31 11:31:13.266 +01:00  DBG  The connection queue processing loop for 0HN128UV1JC44 completed.
2024-01-31 11:31:13.274 +01:00  DBG  Connection id "0HN128UV1JC44" is closed. The last processed stream ID was 7.
2024-01-31 11:31:13.275 +01:00  DBG  Connection id "0HN128UV1JC44" sending FIN because: "The Socket transport's send loop completed gracefully."
2024-01-31 11:31:13.287 +01:00  DBG  Connection id "0HN128UV1JC44" stopped.
2024-01-31 11:32:00.832 +01:00  DBG  Connection id "0HN128UV1JC45" accepted.
2024-01-31 11:32:00.834 +01:00  DBG  Connection id "0HN128UV1JC45" started.
2024-01-31 11:32:00.850 +01:00  DBG  Connection 0HN128UV1JC45 established using the following protocol: "Tls12"
2024-01-31 11:32:00.860 +01:00  INF  Request starting HTTP/2 POST https://localhost:7117/api/Email/Send multipart/form-data;+boundary=----WebKitFormBoundary9u0fxOb7tasH5xIW 1132
2024-01-31 11:32:00.863 +01:00  DBG  1 candidate(s) found for the request path '/api/Email/Send'
2024-01-31 11:32:00.866 +01:00  DBG  Endpoint 'SendEmail.Controllers.EmailController.Send (SendEmail)' with route pattern 'api/Email/Send' is valid for the request path '/api/Email/Send'
2024-01-31 11:32:00.866 +01:00  DBG  Request matched endpoint 'SendEmail.Controllers.EmailController.Send (SendEmail)'
2024-01-31 11:32:00.868 +01:00  DBG  Static files was skipped as the request already matched an endpoint.
2024-01-31 11:32:00.870 +01:00  INF  Executing endpoint 'SendEmail.Controllers.EmailController.Send (SendEmail)'
2024-01-31 11:32:00.892 +01:00  INF  Route matched with {action = "Send", controller = "Email"}. Executing controller action with signature System.Threading.Tasks.Task`1[Microsoft.AspNetCore.Mvc.IActionResult] Send(SendEmail.Models.MailRequest) on controller SendEmail.Controllers.EmailController (SendEmail).
2024-01-31 11:32:00.893 +01:00  DBG  Execution plan of authorization filters (in the following order): ["None"]
2024-01-31 11:32:00.893 +01:00  DBG  Execution plan of resource filters (in the following order): ["None"]
2024-01-31 11:32:00.893 +01:00  DBG  Execution plan of action filters (in the following order): ["Microsoft.AspNetCore.Mvc.ModelBinding.UnsupportedContentTypeFilter (Order: -3000)","Microsoft.AspNetCore.Mvc.Infrastructure.ModelStateInvalidFilter (Order: -2000)"]
2024-01-31 11:32:00.893 +01:00  DBG  Execution plan of exception filters (in the following order): ["None"]
2024-01-31 11:32:00.893 +01:00  DBG  Execution plan of result filters (in the following order): ["Microsoft.AspNetCore.Mvc.Infrastructure.ClientErrorResultFilter (Order: -2000)"]
2024-01-31 11:32:00.894 +01:00  DBG  Executing controller factory for controller SendEmail.Controllers.EmailController (SendEmail)
2024-01-31 11:32:00.897 +01:00  DBG  Executed controller factory for controller SendEmail.Controllers.EmailController (SendEmail)
2024-01-31 11:32:00.903 +01:00  DBG  Connection id "0HN128UV1JC45", Request id "0HN128UV1JC45:00000001": started reading request body.
2024-01-31 11:32:00.903 +01:00  DBG  Connection id "0HN128UV1JC45", Request id "0HN128UV1JC45:00000001": done reading request body.
2024-01-31 11:32:00.910 +01:00  DBG  Attempting to bind parameter 'request' of type 'SendEmail.Models.MailRequest' ...
2024-01-31 11:32:00.913 +01:00  DBG  Attempting to bind parameter 'request' of type 'SendEmail.Models.MailRequest' using the name '' in request data ...
2024-01-31 11:32:00.920 +01:00  DBG  Attempting to bind property 'SendEmail.Models.MailRequest.ToEmail' of type 'System.String' using the name 'ToEmail' in request data ...
2024-01-31 11:32:00.921 +01:00  DBG  Done attempting to bind property 'SendEmail.Models.MailRequest.ToEmail' of type 'System.String'.
2024-01-31 11:32:00.923 +01:00  DBG  Attempting to bind property 'SendEmail.Models.MailRequest.ToDisplayName' of type 'System.String' using the name 'ToDisplayName' in request data ...
2024-01-31 11:32:00.923 +01:00  DBG  Done attempting to bind property 'SendEmail.Models.MailRequest.ToDisplayName' of type 'System.String'.
2024-01-31 11:32:00.923 +01:00  DBG  Attempting to bind property 'SendEmail.Models.MailRequest.FromDisplayName' of type 'System.String' using the name 'FromDisplayName' in request data ...
2024-01-31 11:32:00.923 +01:00  DBG  Done attempting to bind property 'SendEmail.Models.MailRequest.FromDisplayName' of type 'System.String'.
2024-01-31 11:32:00.923 +01:00  DBG  Attempting to bind property 'SendEmail.Models.MailRequest.FromMail' of type 'System.String' using the name 'FromMail' in request data ...
2024-01-31 11:32:00.923 +01:00  DBG  Done attempting to bind property 'SendEmail.Models.MailRequest.FromMail' of type 'System.String'.
2024-01-31 11:32:00.923 +01:00  DBG  Attempting to bind property 'SendEmail.Models.MailRequest.Subject' of type 'System.String' using the name 'Subject' in request data ...
2024-01-31 11:32:00.923 +01:00  DBG  Done attempting to bind property 'SendEmail.Models.MailRequest.Subject' of type 'System.String'.
2024-01-31 11:32:00.923 +01:00  DBG  Attempting to bind property 'SendEmail.Models.MailRequest.Body' of type 'System.String' using the name 'Body' in request data ...
2024-01-31 11:32:00.923 +01:00  DBG  Done attempting to bind property 'SendEmail.Models.MailRequest.Body' of type 'System.String'.
2024-01-31 11:32:00.924 +01:00  DBG  Attempting to bind property 'SendEmail.Models.MailRequest.Attachments' of type 'Microsoft.AspNetCore.Http.IFormFile' using the name 'Attachments' in request data ...
2024-01-31 11:32:00.924 +01:00  DBG  No files found in the request to bind the model to.
2024-01-31 11:32:00.925 +01:00  DBG  No files found in the request to bind the model to.
2024-01-31 11:32:00.925 +01:00  DBG  Done attempting to bind property 'SendEmail.Models.MailRequest.Attachments' of type 'Microsoft.AspNetCore.Http.IFormFile'.
2024-01-31 11:32:00.925 +01:00  DBG  Attempting to bind property 'SendEmail.Models.MailRequest.JsonData' of type 'System.String' using the name 'JsonData' in request data ...
2024-01-31 11:32:00.925 +01:00  DBG  Done attempting to bind property 'SendEmail.Models.MailRequest.JsonData' of type 'System.String'.
2024-01-31 11:32:00.925 +01:00  DBG  Done attempting to bind parameter 'request' of type 'SendEmail.Models.MailRequest'.
2024-01-31 11:32:00.925 +01:00  DBG  Done attempting to bind parameter 'request' of type 'SendEmail.Models.MailRequest'.
2024-01-31 11:32:00.925 +01:00  DBG  Attempting to validate the bound parameter 'request' of type 'SendEmail.Models.MailRequest' ...
2024-01-31 11:32:00.933 +01:00  DBG  Done attempting to validate the bound parameter 'request' of type 'SendEmail.Models.MailRequest'.
2024-01-31 11:32:04.113 +01:00  INF  Email sent successfully :)
2024-01-31 11:32:04.124 +01:00  INF  Executing StatusCodeResult, setting HTTP status code 200
2024-01-31 11:32:04.129 +01:00  INF  Executed action SendEmail.Controllers.EmailController.Send (SendEmail) in 3231.4188ms
2024-01-31 11:32:04.130 +01:00  INF  Executed endpoint 'SendEmail.Controllers.EmailController.Send (SendEmail)'
2024-01-31 11:32:04.130 +01:00  INF  Request finished HTTP/2 POST https://localhost:7117/api/Email/Send multipart/form-data;+boundary=----WebKitFormBoundary9u0fxOb7tasH5xIW 1132 - 200 0 - 3270.7797ms
2024-01-31 11:32:08.298 +01:00  DBG  Connection id "0HN128UV1JC45" received FIN.
2024-01-31 11:32:08.299 +01:00  DBG  Connection id "0HN128UV1JC45" sending FIN because: "The Socket transport's send loop completed gracefully."
2024-01-31 11:32:08.299 +01:00  DBG  Connection id "0HN128UV1JC45" is closed. The last processed stream ID was 1.
2024-01-31 11:32:08.299 +01:00  DBG  The connection queue processing loop for 0HN128UV1JC45 completed.
2024-01-31 11:32:08.299 +01:00  DBG  Connection id "0HN128UV1JC45" stopped.
