2024-02-12 09:56:07.677 +01:00  DBG  Registered model binder providers, in the following order: ["Microsoft.AspNetCore.Mvc.ModelBinding.Binders.BinderTypeModelBinderProvider","Microsoft.AspNetCore.Mvc.ModelBinding.Binders.ServicesModelBinderProvider","Microsoft.AspNetCore.Mvc.ModelBinding.Binders.BodyModelBinderProvider","Microsoft.AspNetCore.Mvc.ModelBinding.Binders.HeaderModelBinderProvider","Microsoft.AspNetCore.Mvc.ModelBinding.Binders.FloatingPointTypeModelBinderProvider","Microsoft.AspNetCore.Mvc.ModelBinding.Binders.EnumTypeModelBinderProvider","Microsoft.AspNetCore.Mvc.ModelBinding.Binders.DateTimeModelBinderProvider","Microsoft.AspNetCore.Mvc.ModelBinding.Binders.SimpleTypeModelBinderProvider","Microsoft.AspNetCore.Mvc.ModelBinding.Binders.TryParseModelBinderProvider","Microsoft.AspNetCore.Mvc.ModelBinding.Binders.CancellationTokenModelBinderProvider","Microsoft.AspNetCore.Mvc.ModelBinding.Binders.ByteArrayModelBinderProvider","Microsoft.AspNetCore.Mvc.ModelBinding.Binders.FormFileModelBinderProvider","Microsoft.AspNetCore.Mvc.ModelBinding.Binders.FormCollectionModelBinderProvider","Microsoft.AspNetCore.Mvc.ModelBinding.Binders.KeyValuePairModelBinderProvider","Microsoft.AspNetCore.Mvc.ModelBinding.Binders.DictionaryModelBinderProvider","Microsoft.AspNetCore.Mvc.ModelBinding.Binders.ArrayModelBinderProvider","Microsoft.AspNetCore.Mvc.ModelBinding.Binders.CollectionModelBinderProvider","Microsoft.AspNetCore.Mvc.ModelBinding.Binders.ComplexObjectModelBinderProvider"]
2024-02-12 09:56:07.821 +01:00  DBG  Hosting starting
2024-02-12 09:56:08.367 +01:00  INF  Now listening on: https://localhost:7117
2024-02-12 09:56:08.367 +01:00  INF  Now listening on: http://localhost:5066
2024-02-12 09:56:08.367 +01:00  DBG  Loaded hosting startup assembly SendEmail
2024-02-12 09:56:08.367 +01:00  DBG  Loaded hosting startup assembly Microsoft.AspNetCore.Watch.BrowserRefresh
2024-02-12 09:56:08.367 +01:00  DBG  Loaded hosting startup assembly Microsoft.WebTools.BrowserLink.Net
2024-02-12 09:56:08.367 +01:00  INF  Application started. Press Ctrl+C to shut down.
2024-02-12 09:56:08.368 +01:00  INF  Hosting environment: Development
2024-02-12 09:56:08.368 +01:00  INF  Content root path: C:\Users\CityGIS\Desktop\C#\SendEmail\SendEmail\SendEmail
2024-02-12 09:56:08.368 +01:00  DBG  Hosting started
2024-02-12 09:56:08.454 +01:00  DBG  Connection id "0HN1BL1Q3T1SA" accepted.
2024-02-12 09:56:08.455 +01:00  DBG  Connection id "0HN1BL1Q3T1SB" accepted.
2024-02-12 09:56:08.456 +01:00  DBG  Connection id "0HN1BL1Q3T1SA" started.
2024-02-12 09:56:08.456 +01:00  DBG  Connection id "0HN1BL1Q3T1SB" started.
2024-02-12 09:56:08.754 +01:00  DBG  Connection id "0HN1BL1Q3T1SC" accepted.
2024-02-12 09:56:08.754 +01:00  DBG  Connection id "0HN1BL1Q3T1SC" started.
2024-02-12 09:56:08.838 +01:00  DBG  Connection 0HN1BL1Q3T1SC established using the following protocol: "Tls12"
2024-02-12 09:56:08.967 +01:00  INF  Request starting HTTP/2 GET https://localhost:7117/swagger/index.html - -
2024-02-12 09:56:09.027 +01:00  DBG  Wildcard detected, all requests with hosts will be allowed.
2024-02-12 09:56:09.171 +01:00  DBG  No candidates found for the request path '/swagger/index.html'
2024-02-12 09:56:09.172 +01:00  DBG  Request did not match any endpoints
2024-02-12 09:56:09.356 +01:00  DBG  Response markup is scheduled to include browser refresh script injection.
2024-02-12 09:56:09.593 +01:00  INF  Request starting HTTP/2 GET https://localhost:7117/_framework/aspnetcore-browser-refresh.js - -
2024-02-12 09:56:09.593 +01:00  DBG  Response markup was updated to include browser refresh script injection.
2024-02-12 09:56:09.596 +01:00  INF  Request starting HTTP/2 GET https://localhost:7117/_vs/browserLink - -
2024-02-12 09:56:09.597 +01:00  INF  Request finished HTTP/2 GET https://localhost:7117/swagger/index.html - - - 200 - text/html;charset=utf-8 631.4454ms
2024-02-12 09:56:09.616 +01:00  INF  Request finished HTTP/2 GET https://localhost:7117/_framework/aspnetcore-browser-refresh.js - - - 200 12350 application/javascript;+charset=utf-8 22.7198ms
2024-02-12 09:56:09.646 +01:00  INF  Request finished HTTP/2 GET https://localhost:7117/_vs/browserLink - - - 200 - text/javascript;+charset=UTF-8 50.0343ms
2024-02-12 09:56:09.698 +01:00  INF  Request starting HTTP/2 GET https://localhost:7117/swagger/v1/swagger.json - -
2024-02-12 09:56:09.700 +01:00  DBG  No candidates found for the request path '/swagger/v1/swagger.json'
2024-02-12 09:56:09.700 +01:00  DBG  Request did not match any endpoints
2024-02-12 09:56:09.824 +01:00  INF  Request finished HTTP/2 GET https://localhost:7117/swagger/v1/swagger.json - - - 200 - application/json;charset=utf-8 125.4938ms
2024-02-12 09:56:18.479 +01:00  DBG  Authentication of the HTTPS connection timed out.
2024-02-12 09:56:18.478 +01:00  DBG  Authentication of the HTTPS connection timed out.
2024-02-12 09:56:18.482 +01:00  DBG  Connection id "0HN1BL1Q3T1SA" stopped.
2024-02-12 09:56:18.482 +01:00  DBG  Connection id "0HN1BL1Q3T1SB" stopped.
2024-02-12 09:56:18.486 +01:00  DBG  Connection id "0HN1BL1Q3T1SB" sending FIN because: "The Socket transport's send loop completed gracefully."
2024-02-12 09:56:18.486 +01:00  DBG  Connection id "0HN1BL1Q3T1SA" sending FIN because: "The Socket transport's send loop completed gracefully."
2024-02-12 09:56:22.031 +01:00  INF  Request starting HTTP/2 POST https://localhost:7117/api/Email/Send multipart/form-data;+boundary=----WebKitFormBoundaryw5BUjE1kDZtmu24H 943
2024-02-12 09:56:22.036 +01:00  DBG  1 candidate(s) found for the request path '/api/Email/Send'
2024-02-12 09:56:22.040 +01:00  DBG  Endpoint 'SendEmail.Controllers.EmailController.Send (SendEmail)' with route pattern 'api/Email/Send' is valid for the request path '/api/Email/Send'
2024-02-12 09:56:22.040 +01:00  DBG  Request matched endpoint 'SendEmail.Controllers.EmailController.Send (SendEmail)'
2024-02-12 09:56:22.043 +01:00  DBG  Static files was skipped as the request already matched an endpoint.
2024-02-12 09:56:22.047 +01:00  INF  Executing endpoint 'SendEmail.Controllers.EmailController.Send (SendEmail)'
2024-02-12 09:56:22.088 +01:00  INF  Route matched with {action = "Send", controller = "Email"}. Executing controller action with signature System.Threading.Tasks.Task`1[Microsoft.AspNetCore.Mvc.IActionResult] Send(SendEmail.Models.MailRequest) on controller SendEmail.Controllers.EmailController (SendEmail).
2024-02-12 09:56:22.089 +01:00  DBG  Execution plan of authorization filters (in the following order): ["None"]
2024-02-12 09:56:22.090 +01:00  DBG  Execution plan of resource filters (in the following order): ["None"]
2024-02-12 09:56:22.090 +01:00  DBG  Execution plan of action filters (in the following order): ["Microsoft.AspNetCore.Mvc.ModelBinding.UnsupportedContentTypeFilter (Order: -3000)","Microsoft.AspNetCore.Mvc.Infrastructure.ModelStateInvalidFilter (Order: -2000)"]
2024-02-12 09:56:22.090 +01:00  DBG  Execution plan of exception filters (in the following order): ["None"]
2024-02-12 09:56:22.090 +01:00  DBG  Execution plan of result filters (in the following order): ["Microsoft.AspNetCore.Mvc.Infrastructure.ClientErrorResultFilter (Order: -2000)"]
2024-02-12 09:56:22.092 +01:00  DBG  Executing controller factory for controller SendEmail.Controllers.EmailController (SendEmail)
2024-02-12 09:56:22.097 +01:00  DBG  Executed controller factory for controller SendEmail.Controllers.EmailController (SendEmail)
2024-02-12 09:56:22.107 +01:00  DBG  Connection id "0HN1BL1Q3T1SC", Request id "0HN1BL1Q3T1SC:00000009": started reading request body.
2024-02-12 09:56:22.108 +01:00  DBG  Connection id "0HN1BL1Q3T1SC", Request id "0HN1BL1Q3T1SC:00000009": done reading request body.
2024-02-12 09:56:22.118 +01:00  DBG  Attempting to bind parameter 'request' of type 'SendEmail.Models.MailRequest' ...
2024-02-12 09:56:22.121 +01:00  DBG  Attempting to bind parameter 'request' of type 'SendEmail.Models.MailRequest' using the name '' in request data ...
2024-02-12 09:56:22.124 +01:00  DBG  Attempting to bind property 'SendEmail.Models.MailRequest.ToEmail' of type 'System.String' using the name 'ToEmail' in request data ...
2024-02-12 09:56:22.127 +01:00  DBG  Done attempting to bind property 'SendEmail.Models.MailRequest.ToEmail' of type 'System.String'.
2024-02-12 09:56:22.129 +01:00  DBG  Attempting to bind property 'SendEmail.Models.MailRequest.ToDisplayName' of type 'System.String' using the name 'ToDisplayName' in request data ...
2024-02-12 09:56:22.129 +01:00  DBG  Done attempting to bind property 'SendEmail.Models.MailRequest.ToDisplayName' of type 'System.String'.
2024-02-12 09:56:22.129 +01:00  DBG  Attempting to bind property 'SendEmail.Models.MailRequest.FromDisplayName' of type 'System.String' using the name 'FromDisplayName' in request data ...
2024-02-12 09:56:22.129 +01:00  DBG  Done attempting to bind property 'SendEmail.Models.MailRequest.FromDisplayName' of type 'System.String'.
2024-02-12 09:56:22.129 +01:00  DBG  Attempting to bind property 'SendEmail.Models.MailRequest.Subject' of type 'System.String' using the name 'Subject' in request data ...
2024-02-12 09:56:22.129 +01:00  DBG  Done attempting to bind property 'SendEmail.Models.MailRequest.Subject' of type 'System.String'.
2024-02-12 09:56:22.130 +01:00  DBG  Attempting to bind property 'SendEmail.Models.MailRequest.Body' of type 'System.String' using the name 'Body' in request data ...
2024-02-12 09:56:22.130 +01:00  DBG  Done attempting to bind property 'SendEmail.Models.MailRequest.Body' of type 'System.String'.
2024-02-12 09:56:22.130 +01:00  DBG  Attempting to bind property 'SendEmail.Models.MailRequest.JsonData' of type 'System.String' using the name 'JsonData' in request data ...
2024-02-12 09:56:22.130 +01:00  DBG  Done attempting to bind property 'SendEmail.Models.MailRequest.JsonData' of type 'System.String'.
2024-02-12 09:56:22.130 +01:00  DBG  Done attempting to bind parameter 'request' of type 'SendEmail.Models.MailRequest'.
2024-02-12 09:56:22.130 +01:00  DBG  Done attempting to bind parameter 'request' of type 'SendEmail.Models.MailRequest'.
2024-02-12 09:56:22.130 +01:00  DBG  Attempting to validate the bound parameter 'request' of type 'SendEmail.Models.MailRequest' ...
2024-02-12 09:56:22.138 +01:00  DBG  Done attempting to validate the bound parameter 'request' of type 'SendEmail.Models.MailRequest'.
2024-02-12 09:56:26.191 +01:00  INF  Email sent successfully :)
2024-02-12 09:56:26.201 +01:00  INF  Executing StatusCodeResult, setting HTTP status code 200
2024-02-12 09:56:26.207 +01:00  INF  Executed action SendEmail.Controllers.EmailController.Send (SendEmail) in 4111.9389ms
2024-02-12 09:56:26.208 +01:00  INF  Executed endpoint 'SendEmail.Controllers.EmailController.Send (SendEmail)'
2024-02-12 09:56:26.208 +01:00  INF  Request finished HTTP/2 POST https://localhost:7117/api/Email/Send multipart/form-data;+boundary=----WebKitFormBoundaryw5BUjE1kDZtmu24H 943 - 200 0 - 4177.4026ms
2024-02-12 09:56:32.287 +01:00  DBG  Connection id "0HN1BL1Q3T1SC" received FIN.
2024-02-12 09:56:32.299 +01:00  DBG  The connection queue processing loop for 0HN1BL1Q3T1SC completed.
2024-02-12 09:56:32.312 +01:00  DBG  Connection id "0HN1BL1Q3T1SC" is closed. The last processed stream ID was 9.
2024-02-12 09:56:32.312 +01:00  DBG  Connection id "0HN1BL1Q3T1SC" sending FIN because: "The Socket transport's send loop completed gracefully."
2024-02-12 09:56:32.314 +01:00  DBG  Connection id "0HN1BL1Q3T1SC" stopped.
2024-02-12 10:00:45.420 +01:00  DBG  Connection id "0HN1BL1Q3T1SD" accepted.
2024-02-12 10:00:45.420 +01:00  DBG  Connection id "0HN1BL1Q3T1SD" started.
2024-02-12 10:00:45.445 +01:00  DBG  Connection 0HN1BL1Q3T1SD established using the following protocol: "Tls12"
2024-02-12 10:00:45.455 +01:00  INF  Request starting HTTP/2 POST https://localhost:7117/api/Email/Send multipart/form-data;+boundary=----WebKitFormBoundaryhwkqa0p5WTLntn4P 929
2024-02-12 10:00:45.456 +01:00  DBG  1 candidate(s) found for the request path '/api/Email/Send'
2024-02-12 10:00:45.456 +01:00  DBG  Endpoint 'SendEmail.Controllers.EmailController.Send (SendEmail)' with route pattern 'api/Email/Send' is valid for the request path '/api/Email/Send'
2024-02-12 10:00:45.476 +01:00  DBG  Request matched endpoint 'SendEmail.Controllers.EmailController.Send (SendEmail)'
2024-02-12 10:00:45.476 +01:00  DBG  Static files was skipped as the request already matched an endpoint.
2024-02-12 10:00:45.477 +01:00  INF  Executing endpoint 'SendEmail.Controllers.EmailController.Send (SendEmail)'
2024-02-12 10:00:45.477 +01:00  INF  Route matched with {action = "Send", controller = "Email"}. Executing controller action with signature System.Threading.Tasks.Task`1[Microsoft.AspNetCore.Mvc.IActionResult] Send(SendEmail.Models.MailRequest) on controller SendEmail.Controllers.EmailController (SendEmail).
2024-02-12 10:00:45.477 +01:00  DBG  Execution plan of authorization filters (in the following order): ["None"]
2024-02-12 10:00:45.477 +01:00  DBG  Execution plan of resource filters (in the following order): ["None"]
2024-02-12 10:00:45.508 +01:00  DBG  Execution plan of action filters (in the following order): ["Microsoft.AspNetCore.Mvc.ModelBinding.UnsupportedContentTypeFilter (Order: -3000)","Microsoft.AspNetCore.Mvc.Infrastructure.ModelStateInvalidFilter (Order: -2000)"]
2024-02-12 10:00:45.508 +01:00  DBG  Execution plan of exception filters (in the following order): ["None"]
2024-02-12 10:00:45.508 +01:00  DBG  Execution plan of result filters (in the following order): ["Microsoft.AspNetCore.Mvc.Infrastructure.ClientErrorResultFilter (Order: -2000)"]
2024-02-12 10:00:45.508 +01:00  DBG  Executing controller factory for controller SendEmail.Controllers.EmailController (SendEmail)
2024-02-12 10:00:45.508 +01:00  DBG  Executed controller factory for controller SendEmail.Controllers.EmailController (SendEmail)
2024-02-12 10:00:45.509 +01:00  DBG  Connection id "0HN1BL1Q3T1SD", Request id "0HN1BL1Q3T1SD:00000001": started reading request body.
2024-02-12 10:00:45.509 +01:00  DBG  Connection id "0HN1BL1Q3T1SD", Request id "0HN1BL1Q3T1SD:00000001": done reading request body.
2024-02-12 10:00:45.509 +01:00  DBG  Attempting to bind parameter 'request' of type 'SendEmail.Models.MailRequest' ...
2024-02-12 10:00:45.510 +01:00  DBG  Attempting to bind parameter 'request' of type 'SendEmail.Models.MailRequest' using the name '' in request data ...
2024-02-12 10:00:45.510 +01:00  DBG  Attempting to bind property 'SendEmail.Models.MailRequest.ToEmail' of type 'System.String' using the name 'ToEmail' in request data ...
2024-02-12 10:00:45.510 +01:00  DBG  Done attempting to bind property 'SendEmail.Models.MailRequest.ToEmail' of type 'System.String'.
2024-02-12 10:00:45.510 +01:00  DBG  Attempting to bind property 'SendEmail.Models.MailRequest.ToDisplayName' of type 'System.String' using the name 'ToDisplayName' in request data ...
2024-02-12 10:00:45.510 +01:00  DBG  Done attempting to bind property 'SendEmail.Models.MailRequest.ToDisplayName' of type 'System.String'.
2024-02-12 10:00:45.510 +01:00  DBG  Attempting to bind property 'SendEmail.Models.MailRequest.FromDisplayName' of type 'System.String' using the name 'FromDisplayName' in request data ...
2024-02-12 10:00:45.510 +01:00  DBG  Done attempting to bind property 'SendEmail.Models.MailRequest.FromDisplayName' of type 'System.String'.
2024-02-12 10:00:45.510 +01:00  DBG  Attempting to bind property 'SendEmail.Models.MailRequest.Subject' of type 'System.String' using the name 'Subject' in request data ...
2024-02-12 10:00:45.510 +01:00  DBG  Done attempting to bind property 'SendEmail.Models.MailRequest.Subject' of type 'System.String'.
2024-02-12 10:00:45.510 +01:00  DBG  Attempting to bind property 'SendEmail.Models.MailRequest.Body' of type 'System.String' using the name 'Body' in request data ...
2024-02-12 10:00:45.510 +01:00  DBG  Done attempting to bind property 'SendEmail.Models.MailRequest.Body' of type 'System.String'.
2024-02-12 10:00:45.510 +01:00  DBG  Attempting to bind property 'SendEmail.Models.MailRequest.JsonData' of type 'System.String' using the name 'JsonData' in request data ...
2024-02-12 10:00:45.510 +01:00  DBG  Done attempting to bind property 'SendEmail.Models.MailRequest.JsonData' of type 'System.String'.
2024-02-12 10:00:45.510 +01:00  DBG  Done attempting to bind parameter 'request' of type 'SendEmail.Models.MailRequest'.
2024-02-12 10:00:45.510 +01:00  DBG  Done attempting to bind parameter 'request' of type 'SendEmail.Models.MailRequest'.
2024-02-12 10:00:45.510 +01:00  DBG  Attempting to validate the bound parameter 'request' of type 'SendEmail.Models.MailRequest' ...
2024-02-12 10:00:45.511 +01:00  DBG  Done attempting to validate the bound parameter 'request' of type 'SendEmail.Models.MailRequest'.
2024-02-12 10:00:46.712 +01:00  INF  Email sent successfully :)
2024-02-12 10:00:46.715 +01:00  INF  Executing StatusCodeResult, setting HTTP status code 200
2024-02-12 10:00:46.715 +01:00  INF  Executed action SendEmail.Controllers.EmailController.Send (SendEmail) in 1207.3409ms
2024-02-12 10:00:46.715 +01:00  INF  Executed endpoint 'SendEmail.Controllers.EmailController.Send (SendEmail)'
2024-02-12 10:00:46.716 +01:00  INF  Request finished HTTP/2 POST https://localhost:7117/api/Email/Send multipart/form-data;+boundary=----WebKitFormBoundaryhwkqa0p5WTLntn4P 929 - 200 0 - 1261.2078ms
2024-02-12 10:01:02.760 +01:00  DBG  Connection id "0HN1BL1Q3T1SD" received FIN.
2024-02-12 10:01:02.761 +01:00  DBG  Connection id "0HN1BL1Q3T1SD" sending FIN because: "The Socket transport's send loop completed gracefully."
2024-02-12 10:01:02.761 +01:00  DBG  Connection id "0HN1BL1Q3T1SD" is closed. The last processed stream ID was 1.
2024-02-12 10:01:02.762 +01:00  DBG  The connection queue processing loop for 0HN1BL1Q3T1SD completed.
2024-02-12 10:01:02.763 +01:00  DBG  Connection id "0HN1BL1Q3T1SD" stopped.
2024-02-12 13:42:45.151 +01:00  DBG  Registered model binder providers, in the following order: ["Microsoft.AspNetCore.Mvc.ModelBinding.Binders.BinderTypeModelBinderProvider","Microsoft.AspNetCore.Mvc.ModelBinding.Binders.ServicesModelBinderProvider","Microsoft.AspNetCore.Mvc.ModelBinding.Binders.BodyModelBinderProvider","Microsoft.AspNetCore.Mvc.ModelBinding.Binders.HeaderModelBinderProvider","Microsoft.AspNetCore.Mvc.ModelBinding.Binders.FloatingPointTypeModelBinderProvider","Microsoft.AspNetCore.Mvc.ModelBinding.Binders.EnumTypeModelBinderProvider","Microsoft.AspNetCore.Mvc.ModelBinding.Binders.DateTimeModelBinderProvider","Microsoft.AspNetCore.Mvc.ModelBinding.Binders.SimpleTypeModelBinderProvider","Microsoft.AspNetCore.Mvc.ModelBinding.Binders.TryParseModelBinderProvider","Microsoft.AspNetCore.Mvc.ModelBinding.Binders.CancellationTokenModelBinderProvider","Microsoft.AspNetCore.Mvc.ModelBinding.Binders.ByteArrayModelBinderProvider","Microsoft.AspNetCore.Mvc.ModelBinding.Binders.FormFileModelBinderProvider","Microsoft.AspNetCore.Mvc.ModelBinding.Binders.FormCollectionModelBinderProvider","Microsoft.AspNetCore.Mvc.ModelBinding.Binders.KeyValuePairModelBinderProvider","Microsoft.AspNetCore.Mvc.ModelBinding.Binders.DictionaryModelBinderProvider","Microsoft.AspNetCore.Mvc.ModelBinding.Binders.ArrayModelBinderProvider","Microsoft.AspNetCore.Mvc.ModelBinding.Binders.CollectionModelBinderProvider","Microsoft.AspNetCore.Mvc.ModelBinding.Binders.ComplexObjectModelBinderProvider"]
2024-02-12 13:42:45.293 +01:00  DBG  Hosting starting
2024-02-12 13:42:45.843 +01:00  INF  Now listening on: https://localhost:7117
2024-02-12 13:42:45.844 +01:00  INF  Now listening on: http://localhost:5066
2024-02-12 13:42:45.844 +01:00  DBG  Loaded hosting startup assembly SendEmail
2024-02-12 13:42:45.844 +01:00  DBG  Loaded hosting startup assembly Microsoft.AspNetCore.Watch.BrowserRefresh
2024-02-12 13:42:45.844 +01:00  DBG  Loaded hosting startup assembly Microsoft.WebTools.BrowserLink.Net
2024-02-12 13:42:45.844 +01:00  INF  Application started. Press Ctrl+C to shut down.
2024-02-12 13:42:45.844 +01:00  INF  Hosting environment: Development
2024-02-12 13:42:45.844 +01:00  INF  Content root path: C:\Users\CityGIS\Desktop\C#\SendEmail\SendEmail\SendEmail
2024-02-12 13:42:45.845 +01:00  DBG  Hosting started
2024-02-12 13:42:45.902 +01:00  DBG  Connection id "0HN1BP0EF9AJQ" received FIN.
2024-02-12 13:42:45.902 +01:00  DBG  Connection id "0HN1BP0EF9AJP" received FIN.
2024-02-12 13:42:45.909 +01:00  DBG  Connection id "0HN1BP0EF9AJP" accepted.
2024-02-12 13:42:45.909 +01:00  DBG  Connection id "0HN1BP0EF9AJQ" accepted.
2024-02-12 13:42:45.910 +01:00  DBG  Connection id "0HN1BP0EF9AJQ" started.
2024-02-12 13:42:45.910 +01:00  DBG  Connection id "0HN1BP0EF9AJP" started.
2024-02-12 13:42:45.939 +01:00  DBG  Failed to authenticate HTTPS connection.System.IO.IOException:  Received an unexpected EOF or 0 bytes from the transport stream.
   at System.Net.Security.SslStream.ReceiveBlobAsync[TIOAdapter](CancellationToken cancellationToken)
   at System.Net.Security.SslStream.ForceAuthenticationAsync[TIOAdapter](Boolean receiveFirst, Byte[] reAuthenticationData, CancellationToken cancellationToken)
   at Microsoft.AspNetCore.Server.Kestrel.Https.Internal.HttpsConnectionMiddleware.OnConnectionAsync(ConnectionContext context)

2024-02-12 13:42:45.939 +01:00  DBG  Failed to authenticate HTTPS connection.System.IO.IOException:  Received an unexpected EOF or 0 bytes from the transport stream.
   at System.Net.Security.SslStream.ReceiveBlobAsync[TIOAdapter](CancellationToken cancellationToken)
   at System.Net.Security.SslStream.ForceAuthenticationAsync[TIOAdapter](Boolean receiveFirst, Byte[] reAuthenticationData, CancellationToken cancellationToken)
   at Microsoft.AspNetCore.Server.Kestrel.Https.Internal.HttpsConnectionMiddleware.OnConnectionAsync(ConnectionContext context)

2024-02-12 13:42:45.997 +01:00  DBG  Connection id "0HN1BP0EF9AJP" stopped.
2024-02-12 13:42:45.997 +01:00  DBG  Connection id "0HN1BP0EF9AJQ" stopped.
2024-02-12 13:42:46.003 +01:00  DBG  Connection id "0HN1BP0EF9AJP" sending FIN because: "The Socket transport's send loop completed gracefully."
2024-02-12 13:42:46.003 +01:00  DBG  Connection id "0HN1BP0EF9AJQ" sending FIN because: "The Socket transport's send loop completed gracefully."
2024-02-12 13:42:46.231 +01:00  DBG  Connection id "0HN1BP0EF9AJR" accepted.
2024-02-12 13:42:46.232 +01:00  DBG  Connection id "0HN1BP0EF9AJR" started.
2024-02-12 13:42:46.289 +01:00  DBG  Connection 0HN1BP0EF9AJR established using the following protocol: "Tls12"
2024-02-12 13:42:46.435 +01:00  INF  Request starting HTTP/2 GET https://localhost:7117/swagger/index.html - -
2024-02-12 13:42:46.486 +01:00  DBG  Wildcard detected, all requests with hosts will be allowed.
2024-02-12 13:42:46.621 +01:00  DBG  No candidates found for the request path '/swagger/index.html'
2024-02-12 13:42:46.622 +01:00  DBG  Request did not match any endpoints
2024-02-12 13:42:46.718 +01:00  DBG  Response markup is scheduled to include browser refresh script injection.
2024-02-12 13:42:46.901 +01:00  DBG  Response markup was updated to include browser refresh script injection.
2024-02-12 13:42:46.904 +01:00  INF  Request finished HTTP/2 GET https://localhost:7117/swagger/index.html - - - 200 - text/html;charset=utf-8 470.9241ms
2024-02-12 13:42:46.906 +01:00  INF  Request starting HTTP/2 GET https://localhost:7117/_framework/aspnetcore-browser-refresh.js - -
2024-02-12 13:42:46.912 +01:00  INF  Request finished HTTP/2 GET https://localhost:7117/_framework/aspnetcore-browser-refresh.js - - - 200 12350 application/javascript;+charset=utf-8 6.1963ms
2024-02-12 13:42:46.916 +01:00  INF  Request starting HTTP/2 GET https://localhost:7117/_vs/browserLink - -
2024-02-12 13:42:46.944 +01:00  INF  Request finished HTTP/2 GET https://localhost:7117/_vs/browserLink - - - 200 - text/javascript;+charset=UTF-8 28.1809ms
2024-02-12 13:42:47.099 +01:00  INF  Request starting HTTP/2 GET https://localhost:7117/swagger/v1/swagger.json - -
2024-02-12 13:42:47.101 +01:00  DBG  No candidates found for the request path '/swagger/v1/swagger.json'
2024-02-12 13:42:47.101 +01:00  DBG  Request did not match any endpoints
2024-02-12 13:42:47.226 +01:00  INF  Request finished HTTP/2 GET https://localhost:7117/swagger/v1/swagger.json - - - 200 - application/json;charset=utf-8 126.6694ms
2024-02-12 13:43:08.423 +01:00  INF  Request starting HTTP/2 POST https://localhost:7117/api/Email/Send multipart/form-data;+boundary=----WebKitFormBoundaryzcxiTwLVKvcCVFbe 919
2024-02-12 13:43:08.428 +01:00  DBG  1 candidate(s) found for the request path '/api/Email/Send'
2024-02-12 13:43:08.440 +01:00  DBG  Endpoint 'SendEmail.Controllers.EmailController.Send (SendEmail)' with route pattern 'api/Email/Send' is valid for the request path '/api/Email/Send'
2024-02-12 13:43:08.440 +01:00  DBG  Request matched endpoint 'SendEmail.Controllers.EmailController.Send (SendEmail)'
2024-02-12 13:43:08.444 +01:00  DBG  Static files was skipped as the request already matched an endpoint.
2024-02-12 13:43:08.450 +01:00  INF  Executing endpoint 'SendEmail.Controllers.EmailController.Send (SendEmail)'
2024-02-12 13:43:08.524 +01:00  INF  Route matched with {action = "Send", controller = "Email"}. Executing controller action with signature System.Threading.Tasks.Task`1[Microsoft.AspNetCore.Mvc.IActionResult] Send(SendEmail.Models.MailRequest) on controller SendEmail.Controllers.EmailController (SendEmail).
2024-02-12 13:43:08.525 +01:00  DBG  Execution plan of authorization filters (in the following order): ["None"]
2024-02-12 13:43:08.526 +01:00  DBG  Execution plan of resource filters (in the following order): ["None"]
2024-02-12 13:43:08.526 +01:00  DBG  Execution plan of action filters (in the following order): ["Microsoft.AspNetCore.Mvc.ModelBinding.UnsupportedContentTypeFilter (Order: -3000)","Microsoft.AspNetCore.Mvc.Infrastructure.ModelStateInvalidFilter (Order: -2000)"]
2024-02-12 13:43:08.526 +01:00  DBG  Execution plan of exception filters (in the following order): ["None"]
2024-02-12 13:43:08.526 +01:00  DBG  Execution plan of result filters (in the following order): ["Microsoft.AspNetCore.Mvc.Infrastructure.ClientErrorResultFilter (Order: -2000)"]
2024-02-12 13:43:08.529 +01:00  DBG  Executing controller factory for controller SendEmail.Controllers.EmailController (SendEmail)
2024-02-12 13:43:08.534 +01:00  DBG  Executed controller factory for controller SendEmail.Controllers.EmailController (SendEmail)
2024-02-12 13:43:08.543 +01:00  DBG  Connection id "0HN1BP0EF9AJR", Request id "0HN1BP0EF9AJR:00000009": started reading request body.
2024-02-12 13:43:08.543 +01:00  DBG  Connection id "0HN1BP0EF9AJR", Request id "0HN1BP0EF9AJR:00000009": done reading request body.
2024-02-12 13:43:08.556 +01:00  DBG  Attempting to bind parameter 'request' of type 'SendEmail.Models.MailRequest' ...
2024-02-12 13:43:08.558 +01:00  DBG  Attempting to bind parameter 'request' of type 'SendEmail.Models.MailRequest' using the name '' in request data ...
2024-02-12 13:43:08.561 +01:00  DBG  Attempting to bind property 'SendEmail.Models.MailRequest.ToEmail' of type 'System.String' using the name 'ToEmail' in request data ...
2024-02-12 13:43:08.563 +01:00  DBG  Done attempting to bind property 'SendEmail.Models.MailRequest.ToEmail' of type 'System.String'.
2024-02-12 13:43:08.564 +01:00  DBG  Attempting to bind property 'SendEmail.Models.MailRequest.ToDisplayName' of type 'System.String' using the name 'ToDisplayName' in request data ...
2024-02-12 13:43:08.565 +01:00  DBG  Done attempting to bind property 'SendEmail.Models.MailRequest.ToDisplayName' of type 'System.String'.
2024-02-12 13:43:08.565 +01:00  DBG  Attempting to bind property 'SendEmail.Models.MailRequest.FromDisplayName' of type 'System.String' using the name 'FromDisplayName' in request data ...
2024-02-12 13:43:08.565 +01:00  DBG  Done attempting to bind property 'SendEmail.Models.MailRequest.FromDisplayName' of type 'System.String'.
2024-02-12 13:43:08.565 +01:00  DBG  Attempting to bind property 'SendEmail.Models.MailRequest.Subject' of type 'System.String' using the name 'Subject' in request data ...
2024-02-12 13:43:08.565 +01:00  DBG  Done attempting to bind property 'SendEmail.Models.MailRequest.Subject' of type 'System.String'.
2024-02-12 13:43:08.565 +01:00  DBG  Attempting to bind property 'SendEmail.Models.MailRequest.Body' of type 'System.String' using the name 'Body' in request data ...
2024-02-12 13:43:08.565 +01:00  DBG  Done attempting to bind property 'SendEmail.Models.MailRequest.Body' of type 'System.String'.
2024-02-12 13:43:08.565 +01:00  DBG  Attempting to bind property 'SendEmail.Models.MailRequest.JsonData' of type 'System.String' using the name 'JsonData' in request data ...
2024-02-12 13:43:08.565 +01:00  DBG  Done attempting to bind property 'SendEmail.Models.MailRequest.JsonData' of type 'System.String'.
2024-02-12 13:43:08.566 +01:00  DBG  Done attempting to bind parameter 'request' of type 'SendEmail.Models.MailRequest'.
2024-02-12 13:43:08.566 +01:00  DBG  Done attempting to bind parameter 'request' of type 'SendEmail.Models.MailRequest'.
2024-02-12 13:43:08.566 +01:00  DBG  Attempting to validate the bound parameter 'request' of type 'SendEmail.Models.MailRequest' ...
2024-02-12 13:43:08.575 +01:00  DBG  Done attempting to validate the bound parameter 'request' of type 'SendEmail.Models.MailRequest'.
2024-02-12 13:43:08.576 +01:00  DBG  The request has model state errors, returning an error response.
2024-02-12 13:43:08.577 +01:00  DBG  Request was short circuited at action filter 'Microsoft.AspNetCore.Mvc.Infrastructure.ModelStateInvalidFilter'.
2024-02-12 13:43:08.580 +01:00  DBG  List of registered output formatters, in the following order: ["Microsoft.AspNetCore.Mvc.Formatters.HttpNoContentOutputFormatter","Microsoft.AspNetCore.Mvc.Formatters.StringOutputFormatter","Microsoft.AspNetCore.Mvc.Formatters.StreamOutputFormatter","Microsoft.AspNetCore.Mvc.Formatters.SystemTextJsonOutputFormatter"]
2024-02-12 13:43:08.582 +01:00  DBG  No information found on request to perform content negotiation.
2024-02-12 13:43:08.582 +01:00  DBG  Attempting to select the first output formatter in the output formatters list which supports a content type from the explicitly specified content types '["application/problem+json","application/problem+xml","application/problem+json","application/problem+xml"]'.
2024-02-12 13:43:08.583 +01:00  DBG  Selected output formatter 'Microsoft.AspNetCore.Mvc.Formatters.SystemTextJsonOutputFormatter' and content type 'application/problem+json' to write the response.
2024-02-12 13:43:08.583 +01:00  INF  Executing BadRequestObjectResult, writing value of type 'Microsoft.AspNetCore.Mvc.ValidationProblemDetails'.
2024-02-12 13:43:08.599 +01:00  INF  Executed action SendEmail.Controllers.EmailController.Send (SendEmail) in 67.5646ms
2024-02-12 13:43:08.599 +01:00  INF  Executed endpoint 'SendEmail.Controllers.EmailController.Send (SendEmail)'
2024-02-12 13:43:08.599 +01:00  INF  Request finished HTTP/2 POST https://localhost:7117/api/Email/Send multipart/form-data;+boundary=----WebKitFormBoundaryzcxiTwLVKvcCVFbe 919 - 400 - application/problem+json;+charset=utf-8 177.4290ms
2024-02-12 13:43:18.951 +01:00  INF  Request starting HTTP/2 POST https://localhost:7117/api/Email/Send multipart/form-data;+boundary=----WebKitFormBoundary4lH4CB49M2g7gVuu 923
2024-02-12 13:43:18.951 +01:00  DBG  1 candidate(s) found for the request path '/api/Email/Send'
2024-02-12 13:43:18.951 +01:00  DBG  Endpoint 'SendEmail.Controllers.EmailController.Send (SendEmail)' with route pattern 'api/Email/Send' is valid for the request path '/api/Email/Send'
2024-02-12 13:43:18.951 +01:00  DBG  Request matched endpoint 'SendEmail.Controllers.EmailController.Send (SendEmail)'
2024-02-12 13:43:18.952 +01:00  DBG  Static files was skipped as the request already matched an endpoint.
2024-02-12 13:43:18.952 +01:00  INF  Executing endpoint 'SendEmail.Controllers.EmailController.Send (SendEmail)'
2024-02-12 13:43:18.952 +01:00  INF  Route matched with {action = "Send", controller = "Email"}. Executing controller action with signature System.Threading.Tasks.Task`1[Microsoft.AspNetCore.Mvc.IActionResult] Send(SendEmail.Models.MailRequest) on controller SendEmail.Controllers.EmailController (SendEmail).
2024-02-12 13:43:18.952 +01:00  DBG  Execution plan of authorization filters (in the following order): ["None"]
2024-02-12 13:43:18.952 +01:00  DBG  Execution plan of resource filters (in the following order): ["None"]
2024-02-12 13:43:18.952 +01:00  DBG  Execution plan of action filters (in the following order): ["Microsoft.AspNetCore.Mvc.ModelBinding.UnsupportedContentTypeFilter (Order: -3000)","Microsoft.AspNetCore.Mvc.Infrastructure.ModelStateInvalidFilter (Order: -2000)"]
2024-02-12 13:43:18.952 +01:00  DBG  Execution plan of exception filters (in the following order): ["None"]
2024-02-12 13:43:18.952 +01:00  DBG  Execution plan of result filters (in the following order): ["Microsoft.AspNetCore.Mvc.Infrastructure.ClientErrorResultFilter (Order: -2000)"]
2024-02-12 13:43:18.952 +01:00  DBG  Executing controller factory for controller SendEmail.Controllers.EmailController (SendEmail)
2024-02-12 13:43:18.953 +01:00  DBG  Executed controller factory for controller SendEmail.Controllers.EmailController (SendEmail)
2024-02-12 13:43:18.953 +01:00  DBG  Connection id "0HN1BP0EF9AJR", Request id "0HN1BP0EF9AJR:0000000B": started reading request body.
2024-02-12 13:43:18.953 +01:00  DBG  Connection id "0HN1BP0EF9AJR", Request id "0HN1BP0EF9AJR:0000000B": done reading request body.
2024-02-12 13:43:18.954 +01:00  DBG  Attempting to bind parameter 'request' of type 'SendEmail.Models.MailRequest' ...
2024-02-12 13:43:18.954 +01:00  DBG  Attempting to bind parameter 'request' of type 'SendEmail.Models.MailRequest' using the name '' in request data ...
2024-02-12 13:43:18.954 +01:00  DBG  Attempting to bind property 'SendEmail.Models.MailRequest.ToEmail' of type 'System.String' using the name 'ToEmail' in request data ...
2024-02-12 13:43:18.954 +01:00  DBG  Done attempting to bind property 'SendEmail.Models.MailRequest.ToEmail' of type 'System.String'.
2024-02-12 13:43:18.954 +01:00  DBG  Attempting to bind property 'SendEmail.Models.MailRequest.ToDisplayName' of type 'System.String' using the name 'ToDisplayName' in request data ...
2024-02-12 13:43:18.954 +01:00  DBG  Done attempting to bind property 'SendEmail.Models.MailRequest.ToDisplayName' of type 'System.String'.
2024-02-12 13:43:18.955 +01:00  DBG  Attempting to bind property 'SendEmail.Models.MailRequest.FromDisplayName' of type 'System.String' using the name 'FromDisplayName' in request data ...
2024-02-12 13:43:18.955 +01:00  DBG  Done attempting to bind property 'SendEmail.Models.MailRequest.FromDisplayName' of type 'System.String'.
2024-02-12 13:43:18.955 +01:00  DBG  Attempting to bind property 'SendEmail.Models.MailRequest.Subject' of type 'System.String' using the name 'Subject' in request data ...
2024-02-12 13:43:18.955 +01:00  DBG  Done attempting to bind property 'SendEmail.Models.MailRequest.Subject' of type 'System.String'.
2024-02-12 13:43:18.955 +01:00  DBG  Attempting to bind property 'SendEmail.Models.MailRequest.Body' of type 'System.String' using the name 'Body' in request data ...
2024-02-12 13:43:18.955 +01:00  DBG  Done attempting to bind property 'SendEmail.Models.MailRequest.Body' of type 'System.String'.
2024-02-12 13:43:18.955 +01:00  DBG  Attempting to bind property 'SendEmail.Models.MailRequest.JsonData' of type 'System.String' using the name 'JsonData' in request data ...
2024-02-12 13:43:18.955 +01:00  DBG  Done attempting to bind property 'SendEmail.Models.MailRequest.JsonData' of type 'System.String'.
2024-02-12 13:43:18.955 +01:00  DBG  Done attempting to bind parameter 'request' of type 'SendEmail.Models.MailRequest'.
2024-02-12 13:43:18.955 +01:00  DBG  Done attempting to bind parameter 'request' of type 'SendEmail.Models.MailRequest'.
2024-02-12 13:43:18.955 +01:00  DBG  Attempting to validate the bound parameter 'request' of type 'SendEmail.Models.MailRequest' ...
2024-02-12 13:43:18.955 +01:00  DBG  Done attempting to validate the bound parameter 'request' of type 'SendEmail.Models.MailRequest'.
2024-02-12 13:43:22.700 +01:00  INF  Email sent successfully :)
2024-02-12 13:43:22.715 +01:00  INF  Executing StatusCodeResult, setting HTTP status code 200
2024-02-12 13:43:22.716 +01:00  INF  Executed action SendEmail.Controllers.EmailController.Send (SendEmail) in 3764.0145ms
2024-02-12 13:43:22.717 +01:00  INF  Executed endpoint 'SendEmail.Controllers.EmailController.Send (SendEmail)'
2024-02-12 13:43:22.717 +01:00  INF  Request finished HTTP/2 POST https://localhost:7117/api/Email/Send multipart/form-data;+boundary=----WebKitFormBoundary4lH4CB49M2g7gVuu 923 - 200 0 - 3766.5152ms
2024-02-12 13:43:32.950 +01:00  DBG  Connection id "0HN1BP0EF9AJR" received FIN.
2024-02-12 13:43:32.955 +01:00  DBG  The connection queue processing loop for 0HN1BP0EF9AJR completed.
2024-02-12 13:43:32.968 +01:00  DBG  Connection id "0HN1BP0EF9AJR" is closed. The last processed stream ID was 11.
2024-02-12 13:43:32.969 +01:00  DBG  Connection id "0HN1BP0EF9AJR" sending FIN because: "The Socket transport's send loop completed gracefully."
2024-02-12 13:43:32.970 +01:00  DBG  Connection id "0HN1BP0EF9AJR" stopped.
2024-02-12 14:30:19.014 +01:00  DBG  Registered model binder providers, in the following order: ["Microsoft.AspNetCore.Mvc.ModelBinding.Binders.BinderTypeModelBinderProvider","Microsoft.AspNetCore.Mvc.ModelBinding.Binders.ServicesModelBinderProvider","Microsoft.AspNetCore.Mvc.ModelBinding.Binders.BodyModelBinderProvider","Microsoft.AspNetCore.Mvc.ModelBinding.Binders.HeaderModelBinderProvider","Microsoft.AspNetCore.Mvc.ModelBinding.Binders.FloatingPointTypeModelBinderProvider","Microsoft.AspNetCore.Mvc.ModelBinding.Binders.EnumTypeModelBinderProvider","Microsoft.AspNetCore.Mvc.ModelBinding.Binders.DateTimeModelBinderProvider","Microsoft.AspNetCore.Mvc.ModelBinding.Binders.SimpleTypeModelBinderProvider","Microsoft.AspNetCore.Mvc.ModelBinding.Binders.TryParseModelBinderProvider","Microsoft.AspNetCore.Mvc.ModelBinding.Binders.CancellationTokenModelBinderProvider","Microsoft.AspNetCore.Mvc.ModelBinding.Binders.ByteArrayModelBinderProvider","Microsoft.AspNetCore.Mvc.ModelBinding.Binders.FormFileModelBinderProvider","Microsoft.AspNetCore.Mvc.ModelBinding.Binders.FormCollectionModelBinderProvider","Microsoft.AspNetCore.Mvc.ModelBinding.Binders.KeyValuePairModelBinderProvider","Microsoft.AspNetCore.Mvc.ModelBinding.Binders.DictionaryModelBinderProvider","Microsoft.AspNetCore.Mvc.ModelBinding.Binders.ArrayModelBinderProvider","Microsoft.AspNetCore.Mvc.ModelBinding.Binders.CollectionModelBinderProvider","Microsoft.AspNetCore.Mvc.ModelBinding.Binders.ComplexObjectModelBinderProvider"]
2024-02-12 14:30:19.129 +01:00  DBG  Hosting starting
2024-02-12 14:30:19.417 +01:00  INF  Now listening on: https://localhost:7117
2024-02-12 14:30:19.417 +01:00  INF  Now listening on: http://localhost:5066
2024-02-12 14:30:19.417 +01:00  DBG  Loaded hosting startup assembly SendEmail
2024-02-12 14:30:19.417 +01:00  DBG  Loaded hosting startup assembly Microsoft.AspNetCore.Watch.BrowserRefresh
2024-02-12 14:30:19.417 +01:00  DBG  Loaded hosting startup assembly Microsoft.WebTools.BrowserLink.Net
2024-02-12 14:30:19.418 +01:00  INF  Application started. Press Ctrl+C to shut down.
2024-02-12 14:30:19.418 +01:00  INF  Hosting environment: Development
2024-02-12 14:30:19.418 +01:00  INF  Content root path: C:\Users\CityGIS\Desktop\C#\SendEmail\SendEmail\SendEmail
2024-02-12 14:30:19.418 +01:00  DBG  Hosting started
2024-02-12 14:30:19.579 +01:00  DBG  Connection id "0HN1BPR0U2CHN" accepted.
2024-02-12 14:30:19.580 +01:00  DBG  Connection id "0HN1BPR0U2CHN" started.
2024-02-12 14:30:19.584 +01:00  DBG  Connection id "0HN1BPR0U2CHO" accepted.
2024-02-12 14:30:19.585 +01:00  DBG  Connection id "0HN1BPR0U2CHO" started.
2024-02-12 14:30:19.617 +01:00  DBG  Connection id "0HN1BPR0U2CHO" received FIN.
2024-02-12 14:30:19.617 +01:00  DBG  Connection id "0HN1BPR0U2CHN" received FIN.
2024-02-12 14:30:19.640 +01:00  DBG  Failed to authenticate HTTPS connection.System.IO.IOException:  Received an unexpected EOF or 0 bytes from the transport stream.
   at System.Net.Security.SslStream.ReceiveBlobAsync[TIOAdapter](CancellationToken cancellationToken)
   at System.Net.Security.SslStream.ForceAuthenticationAsync[TIOAdapter](Boolean receiveFirst, Byte[] reAuthenticationData, CancellationToken cancellationToken)
   at Microsoft.AspNetCore.Server.Kestrel.Https.Internal.HttpsConnectionMiddleware.OnConnectionAsync(ConnectionContext context)

2024-02-12 14:30:19.640 +01:00  DBG  Failed to authenticate HTTPS connection.System.IO.IOException:  Received an unexpected EOF or 0 bytes from the transport stream.
   at System.Net.Security.SslStream.ReceiveBlobAsync[TIOAdapter](CancellationToken cancellationToken)
   at System.Net.Security.SslStream.ForceAuthenticationAsync[TIOAdapter](Boolean receiveFirst, Byte[] reAuthenticationData, CancellationToken cancellationToken)
   at Microsoft.AspNetCore.Server.Kestrel.Https.Internal.HttpsConnectionMiddleware.OnConnectionAsync(ConnectionContext context)

2024-02-12 14:30:19.670 +01:00  DBG  Connection id "0HN1BPR0U2CHN" stopped.
2024-02-12 14:30:19.670 +01:00  DBG  Connection id "0HN1BPR0U2CHO" stopped.
2024-02-12 14:30:19.674 +01:00  DBG  Connection id "0HN1BPR0U2CHO" sending FIN because: "The Socket transport's send loop completed gracefully."
2024-02-12 14:30:19.674 +01:00  DBG  Connection id "0HN1BPR0U2CHN" sending FIN because: "The Socket transport's send loop completed gracefully."
2024-02-12 14:30:19.886 +01:00  DBG  Connection id "0HN1BPR0U2CHP" accepted.
2024-02-12 14:30:19.886 +01:00  DBG  Connection id "0HN1BPR0U2CHP" started.
2024-02-12 14:30:19.958 +01:00  DBG  Connection 0HN1BPR0U2CHP established using the following protocol: "Tls12"
2024-02-12 14:30:20.035 +01:00  INF  Request starting HTTP/2 GET https://localhost:7117/swagger/index.html - -
2024-02-12 14:30:20.063 +01:00  DBG  Wildcard detected, all requests with hosts will be allowed.
2024-02-12 14:30:20.167 +01:00  DBG  No candidates found for the request path '/swagger/index.html'
2024-02-12 14:30:20.167 +01:00  DBG  Request did not match any endpoints
2024-02-12 14:30:20.275 +01:00  DBG  Response markup is scheduled to include browser refresh script injection.
2024-02-12 14:30:20.400 +01:00  DBG  Response markup was updated to include browser refresh script injection.
2024-02-12 14:30:20.404 +01:00  INF  Request finished HTTP/2 GET https://localhost:7117/swagger/index.html - - - 200 - text/html;charset=utf-8 370.4003ms
2024-02-12 14:30:20.406 +01:00  INF  Request starting HTTP/2 GET https://localhost:7117/_vs/browserLink - -
2024-02-12 14:30:20.406 +01:00  INF  Request starting HTTP/2 GET https://localhost:7117/_framework/aspnetcore-browser-refresh.js - -
2024-02-12 14:30:20.417 +01:00  INF  Request finished HTTP/2 GET https://localhost:7117/_framework/aspnetcore-browser-refresh.js - - - 200 12350 application/javascript;+charset=utf-8 11.1810ms
2024-02-12 14:30:20.434 +01:00  INF  Request finished HTTP/2 GET https://localhost:7117/_vs/browserLink - - - 200 - text/javascript;+charset=UTF-8 27.7041ms
2024-02-12 14:30:20.620 +01:00  INF  Request starting HTTP/2 GET https://localhost:7117/swagger/v1/swagger.json - -
2024-02-12 14:30:20.621 +01:00  DBG  No candidates found for the request path '/swagger/v1/swagger.json'
2024-02-12 14:30:20.621 +01:00  DBG  Request did not match any endpoints
2024-02-12 14:30:20.749 +01:00  INF  Request finished HTTP/2 GET https://localhost:7117/swagger/v1/swagger.json - - - 200 - application/json;charset=utf-8 129.9036ms
