2023-11-15 15:13:11.923 +01:00  DBG  Registered model binder providers, in the following order: ["Microsoft.AspNetCore.Mvc.ModelBinding.Binders.BinderTypeModelBinderProvider","Microsoft.AspNetCore.Mvc.ModelBinding.Binders.ServicesModelBinderProvider","Microsoft.AspNetCore.Mvc.ModelBinding.Binders.BodyModelBinderProvider","Microsoft.AspNetCore.Mvc.ModelBinding.Binders.HeaderModelBinderProvider","Microsoft.AspNetCore.Mvc.ModelBinding.Binders.FloatingPointTypeModelBinderProvider","Microsoft.AspNetCore.Mvc.ModelBinding.Binders.EnumTypeModelBinderProvider","Microsoft.AspNetCore.Mvc.ModelBinding.Binders.DateTimeModelBinderProvider","Microsoft.AspNetCore.Mvc.ModelBinding.Binders.SimpleTypeModelBinderProvider","Microsoft.AspNetCore.Mvc.ModelBinding.Binders.TryParseModelBinderProvider","Microsoft.AspNetCore.Mvc.ModelBinding.Binders.CancellationTokenModelBinderProvider","Microsoft.AspNetCore.Mvc.ModelBinding.Binders.ByteArrayModelBinderProvider","Microsoft.AspNetCore.Mvc.ModelBinding.Binders.FormFileModelBinderProvider","Microsoft.AspNetCore.Mvc.ModelBinding.Binders.FormCollectionModelBinderProvider","Microsoft.AspNetCore.Mvc.ModelBinding.Binders.KeyValuePairModelBinderProvider","Microsoft.AspNetCore.Mvc.ModelBinding.Binders.DictionaryModelBinderProvider","Microsoft.AspNetCore.Mvc.ModelBinding.Binders.ArrayModelBinderProvider","Microsoft.AspNetCore.Mvc.ModelBinding.Binders.CollectionModelBinderProvider","Microsoft.AspNetCore.Mvc.ModelBinding.Binders.ComplexObjectModelBinderProvider"]
2023-11-15 15:13:12.027 +01:00  DBG  Hosting starting
2023-11-15 15:13:12.218 +01:00  INF  Now listening on: https://localhost:7117
2023-11-15 15:13:12.218 +01:00  INF  Now listening on: http://localhost:5066
2023-11-15 15:13:12.218 +01:00  DBG  Loaded hosting startup assembly SendEmail
2023-11-15 15:13:12.218 +01:00  DBG  Loaded hosting startup assembly Microsoft.AspNetCore.Watch.BrowserRefresh
2023-11-15 15:13:12.218 +01:00  DBG  Loaded hosting startup assembly Microsoft.WebTools.BrowserLink.Net
2023-11-15 15:13:12.219 +01:00  INF  Application started. Press Ctrl+C to shut down.
2023-11-15 15:13:12.219 +01:00  INF  Hosting environment: Development
2023-11-15 15:13:12.219 +01:00  INF  Content root path: C:\Users\CityGIS\Desktop\C#\SendEmail\SendEmail
2023-11-15 15:13:12.219 +01:00  DBG  Hosting started
2023-11-15 15:13:12.473 +01:00  DBG  Connection id "0HMV5SK0ARP8A" accepted.
2023-11-15 15:13:12.473 +01:00  DBG  Connection id "0HMV5SK0ARP89" accepted.
2023-11-15 15:13:12.474 +01:00  DBG  Connection id "0HMV5SK0ARP89" started.
2023-11-15 15:13:12.474 +01:00  DBG  Connection id "0HMV5SK0ARP8A" started.
2023-11-15 15:13:12.489 +01:00  DBG  Connection id "0HMV5SK0ARP89" received FIN.
2023-11-15 15:13:12.489 +01:00  DBG  Connection id "0HMV5SK0ARP8A" received FIN.
2023-11-15 15:13:12.506 +01:00  DBG  Failed to authenticate HTTPS connection.System.IO.IOException:  Received an unexpected EOF or 0 bytes from the transport stream.
   at System.Net.Security.SslStream.ReceiveBlobAsync[TIOAdapter](CancellationToken cancellationToken)
   at System.Net.Security.SslStream.ForceAuthenticationAsync[TIOAdapter](Boolean receiveFirst, Byte[] reAuthenticationData, CancellationToken cancellationToken)
   at Microsoft.AspNetCore.Server.Kestrel.Https.Internal.HttpsConnectionMiddleware.OnConnectionAsync(ConnectionContext context)

2023-11-15 15:13:12.506 +01:00  DBG  Failed to authenticate HTTPS connection.System.IO.IOException:  Received an unexpected EOF or 0 bytes from the transport stream.
   at System.Net.Security.SslStream.ReceiveBlobAsync[TIOAdapter](CancellationToken cancellationToken)
   at System.Net.Security.SslStream.ForceAuthenticationAsync[TIOAdapter](Boolean receiveFirst, Byte[] reAuthenticationData, CancellationToken cancellationToken)
   at Microsoft.AspNetCore.Server.Kestrel.Https.Internal.HttpsConnectionMiddleware.OnConnectionAsync(ConnectionContext context)

2023-11-15 15:13:12.524 +01:00  DBG  Connection id "0HMV5SK0ARP8A" stopped.
2023-11-15 15:13:12.524 +01:00  DBG  Connection id "0HMV5SK0ARP89" stopped.
2023-11-15 15:13:12.530 +01:00  DBG  Connection id "0HMV5SK0ARP89" sending FIN because: "The Socket transport's send loop completed gracefully."
2023-11-15 15:13:12.530 +01:00  DBG  Connection id "0HMV5SK0ARP8A" sending FIN because: "The Socket transport's send loop completed gracefully."
2023-11-15 15:13:12.935 +01:00  DBG  Connection id "0HMV5SK0ARP8B" accepted.
2023-11-15 15:13:12.935 +01:00  DBG  Connection id "0HMV5SK0ARP8B" started.
2023-11-15 15:13:13.002 +01:00  DBG  Connection 0HMV5SK0ARP8B established using the following protocol: "Tls12"
2023-11-15 15:13:13.099 +01:00  INF  Request starting HTTP/2 GET https://localhost:7117/swagger/index.html - -
2023-11-15 15:13:13.149 +01:00  DBG  Wildcard detected, all requests with hosts will be allowed.
2023-11-15 15:13:13.232 +01:00  DBG  No candidates found for the request path '/swagger/index.html'
2023-11-15 15:13:13.233 +01:00  DBG  Request did not match any endpoints
2023-11-15 15:13:13.331 +01:00  DBG  Response markup is scheduled to include browser refresh script injection.
2023-11-15 15:13:13.511 +01:00  DBG  Response markup was updated to include browser refresh script injection.
2023-11-15 15:13:13.513 +01:00  INF  Request finished HTTP/2 GET https://localhost:7117/swagger/index.html - - - 200 - text/html;charset=utf-8 415.8830ms
2023-11-15 15:13:13.522 +01:00  INF  Request starting HTTP/2 GET https://localhost:7117/_framework/aspnetcore-browser-refresh.js - -
2023-11-15 15:13:13.523 +01:00  INF  Request starting HTTP/2 GET https://localhost:7117/_vs/browserLink - -
2023-11-15 15:13:13.538 +01:00  INF  Request finished HTTP/2 GET https://localhost:7117/_framework/aspnetcore-browser-refresh.js - - - 200 12350 application/javascript;+charset=utf-8 15.4541ms
2023-11-15 15:13:13.590 +01:00  INF  Request finished HTTP/2 GET https://localhost:7117/_vs/browserLink - - - 200 - text/javascript;+charset=UTF-8 66.7052ms
2023-11-15 15:13:13.735 +01:00  INF  Request starting HTTP/2 GET https://localhost:7117/swagger/v1/swagger.json - -
2023-11-15 15:13:13.736 +01:00  DBG  No candidates found for the request path '/swagger/v1/swagger.json'
2023-11-15 15:13:13.736 +01:00  DBG  Request did not match any endpoints
2023-11-15 15:13:13.888 +01:00  INF  Request finished HTTP/2 GET https://localhost:7117/swagger/v1/swagger.json - - - 200 - application/json;charset=utf-8 153.0176ms
