2023-11-08 12:14:02.725 +01:00  DBG  Registered model binder providers, in the following order: ["Microsoft.AspNetCore.Mvc.ModelBinding.Binders.BinderTypeModelBinderProvider","Microsoft.AspNetCore.Mvc.ModelBinding.Binders.ServicesModelBinderProvider","Microsoft.AspNetCore.Mvc.ModelBinding.Binders.BodyModelBinderProvider","Microsoft.AspNetCore.Mvc.ModelBinding.Binders.HeaderModelBinderProvider","Microsoft.AspNetCore.Mvc.ModelBinding.Binders.FloatingPointTypeModelBinderProvider","Microsoft.AspNetCore.Mvc.ModelBinding.Binders.EnumTypeModelBinderProvider","Microsoft.AspNetCore.Mvc.ModelBinding.Binders.DateTimeModelBinderProvider","Microsoft.AspNetCore.Mvc.ModelBinding.Binders.SimpleTypeModelBinderProvider","Microsoft.AspNetCore.Mvc.ModelBinding.Binders.TryParseModelBinderProvider","Microsoft.AspNetCore.Mvc.ModelBinding.Binders.CancellationTokenModelBinderProvider","Microsoft.AspNetCore.Mvc.ModelBinding.Binders.ByteArrayModelBinderProvider","Microsoft.AspNetCore.Mvc.ModelBinding.Binders.FormFileModelBinderProvider","Microsoft.AspNetCore.Mvc.ModelBinding.Binders.FormCollectionModelBinderProvider","Microsoft.AspNetCore.Mvc.ModelBinding.Binders.KeyValuePairModelBinderProvider","Microsoft.AspNetCore.Mvc.ModelBinding.Binders.DictionaryModelBinderProvider","Microsoft.AspNetCore.Mvc.ModelBinding.Binders.ArrayModelBinderProvider","Microsoft.AspNetCore.Mvc.ModelBinding.Binders.CollectionModelBinderProvider","Microsoft.AspNetCore.Mvc.ModelBinding.Binders.ComplexObjectModelBinderProvider"]
2023-11-08 12:14:02.949 +01:00  DBG  Hosting starting
2023-11-08 12:14:03.283 +01:00  INF  Now listening on: https://localhost:7117
2023-11-08 12:14:03.283 +01:00  INF  Now listening on: http://localhost:5066
2023-11-08 12:14:03.283 +01:00  DBG  Loaded hosting startup assembly SendEmail
2023-11-08 12:14:03.283 +01:00  DBG  Loaded hosting startup assembly Microsoft.AspNetCore.Watch.BrowserRefresh
2023-11-08 12:14:03.283 +01:00  DBG  Loaded hosting startup assembly Microsoft.WebTools.BrowserLink.Net
2023-11-08 12:14:03.283 +01:00  INF  Application started. Press Ctrl+C to shut down.
2023-11-08 12:14:03.284 +01:00  INF  Hosting environment: Development
2023-11-08 12:14:03.284 +01:00  INF  Content root path: C:\Users\CityGIS\Desktop\C#\SendEmail\SendEmail
2023-11-08 12:14:03.284 +01:00  DBG  Hosting started
2023-11-08 12:14:03.631 +01:00  DBG  Connection id "0HMV09F8FKSL8" received FIN.
2023-11-08 12:14:03.631 +01:00  DBG  Connection id "0HMV09F8FKSLA" accepted.
2023-11-08 12:14:03.631 +01:00  DBG  Connection id "0HMV09F8FKSL8" accepted.
2023-11-08 12:14:03.631 +01:00  DBG  Connection id "0HMV09F8FKSL7" received FIN.
2023-11-08 12:14:03.639 +01:00  DBG  Connection id "0HMV09F8FKSL8" started.
2023-11-08 12:14:03.639 +01:00  DBG  Connection id "0HMV09F8FKSLA" started.
2023-11-08 12:14:03.664 +01:00  DBG  Failed to authenticate HTTPS connection.System.IO.IOException:  Received an unexpected EOF or 0 bytes from the transport stream.
   at System.Net.Security.SslStream.ReceiveBlobAsync[TIOAdapter](CancellationToken cancellationToken)
   at System.Net.Security.SslStream.ForceAuthenticationAsync[TIOAdapter](Boolean receiveFirst, Byte[] reAuthenticationData, CancellationToken cancellationToken)
   at Microsoft.AspNetCore.Server.Kestrel.Https.Internal.HttpsConnectionMiddleware.OnConnectionAsync(ConnectionContext context)

2023-11-08 12:14:03.664 +01:00  DBG  Failed to authenticate HTTPS connection.System.IO.IOException:  Received an unexpected EOF or 0 bytes from the transport stream.
   at System.Net.Security.SslStream.ReceiveBlobAsync[TIOAdapter](CancellationToken cancellationToken)
   at System.Net.Security.SslStream.ForceAuthenticationAsync[TIOAdapter](Boolean receiveFirst, Byte[] reAuthenticationData, CancellationToken cancellationToken)
   at Microsoft.AspNetCore.Server.Kestrel.Https.Internal.HttpsConnectionMiddleware.OnConnectionAsync(ConnectionContext context)

2023-11-08 12:14:03.686 +01:00  DBG  Connection id "0HMV09F8FKSL8" stopped.
2023-11-08 12:14:03.686 +01:00  DBG  Connection id "0HMV09F8FKSLA" stopped.
2023-11-08 12:14:03.691 +01:00  DBG  Connection id "0HMV09F8FKSL8" sending FIN because: "The Socket transport's send loop completed gracefully."
2023-11-08 12:14:03.691 +01:00  DBG  Connection id "0HMV09F8FKSLA" sending FIN because: "The Socket transport's send loop completed gracefully."
2023-11-08 12:14:03.737 +01:00  DBG  Connection id "0HMV09F8FKSLB" accepted.
2023-11-08 12:14:03.737 +01:00  DBG  Connection id "0HMV09F8FKSLB" started.
2023-11-08 12:14:03.802 +01:00  DBG  Connection 0HMV09F8FKSLB established using the following protocol: "Tls12"
2023-11-08 12:14:03.893 +01:00  INF  Request starting HTTP/2 GET https://localhost:7117/swagger/index.html - -
2023-11-08 12:14:03.923 +01:00  DBG  Wildcard detected, all requests with hosts will be allowed.
2023-11-08 12:14:03.947 +01:00  DBG  No candidates found for the request path '/swagger/index.html'
2023-11-08 12:14:03.948 +01:00  DBG  Request did not match any endpoints
2023-11-08 12:14:04.063 +01:00  DBG  Response markup is scheduled to include browser refresh script injection.
2023-11-08 12:14:04.163 +01:00  DBG  Response markup was updated to include browser refresh script injection.
2023-11-08 12:14:04.168 +01:00  INF  Request finished HTTP/2 GET https://localhost:7117/swagger/index.html - - - 200 - text/html;charset=utf-8 283.6150ms
2023-11-08 12:14:04.168 +01:00  INF  Request starting HTTP/2 GET https://localhost:7117/_framework/aspnetcore-browser-refresh.js - -
2023-11-08 12:14:04.168 +01:00  INF  Request starting HTTP/2 GET https://localhost:7117/_vs/browserLink - -
2023-11-08 12:14:04.184 +01:00  INF  Request finished HTTP/2 GET https://localhost:7117/_framework/aspnetcore-browser-refresh.js - - - 200 12350 application/javascript;+charset=utf-8 16.1044ms
2023-11-08 12:14:04.196 +01:00  INF  Request finished HTTP/2 GET https://localhost:7117/_vs/browserLink - - - 200 - text/javascript;+charset=UTF-8 27.2599ms
2023-11-08 12:14:04.391 +01:00  INF  Request starting HTTP/2 GET https://localhost:7117/swagger/v1/swagger.json - -
2023-11-08 12:14:04.392 +01:00  DBG  No candidates found for the request path '/swagger/v1/swagger.json'
2023-11-08 12:14:04.392 +01:00  DBG  Request did not match any endpoints
2023-11-08 12:14:04.504 +01:00  INF  Request finished HTTP/2 GET https://localhost:7117/swagger/v1/swagger.json - - - 200 - application/json;charset=utf-8 113.3780ms
2023-11-08 12:14:07.520 +01:00  DBG  Connection id "0HMV09F8FKSLB" received FIN.
2023-11-08 12:14:07.528 +01:00  DBG  The connection queue processing loop for 0HMV09F8FKSLB completed.
2023-11-08 12:14:07.542 +01:00  DBG  Connection id "0HMV09F8FKSLB" is closed. The last processed stream ID was 7.
2023-11-08 12:14:07.544 +01:00  DBG  Connection id "0HMV09F8FKSLB" sending FIN because: "The Socket transport's send loop completed gracefully."
2023-11-08 12:14:07.550 +01:00  DBG  Connection id "0HMV09F8FKSLB" stopped.
2023-11-08 12:14:12.184 +01:00  DBG  Connection id "0HMV09F8FKSLC" accepted.
2023-11-08 12:14:12.185 +01:00  DBG  Connection id "0HMV09F8FKSLC" started.
2023-11-08 12:14:12.196 +01:00  DBG  Connection 0HMV09F8FKSLC established using the following protocol: "Tls12"
2023-11-08 12:14:12.203 +01:00  INF  Request starting HTTP/2 POST https://localhost:7117/api/Email/Send multipart/form-data;+boundary=----WebKitFormBoundaryi0aKhBtXLzXVAruz 700
2023-11-08 12:14:12.206 +01:00  DBG  1 candidate(s) found for the request path '/api/Email/Send'
2023-11-08 12:14:12.208 +01:00  DBG  Endpoint 'SendEmail.Controllers.EmailController.Send (SendEmail)' with route pattern 'api/Email/Send' is valid for the request path '/api/Email/Send'
2023-11-08 12:14:12.209 +01:00  DBG  Request matched endpoint 'SendEmail.Controllers.EmailController.Send (SendEmail)'
2023-11-08 12:14:12.210 +01:00  DBG  Static files was skipped as the request already matched an endpoint.
2023-11-08 12:14:12.213 +01:00  INF  Executing endpoint 'SendEmail.Controllers.EmailController.Send (SendEmail)'
2023-11-08 12:14:12.252 +01:00  INF  Route matched with {action = "Send", controller = "Email"}. Executing controller action with signature System.Threading.Tasks.Task`1[Microsoft.AspNetCore.Mvc.IActionResult] Send(SendEmail.Models.MailRequest) on controller SendEmail.Controllers.EmailController (SendEmail).
2023-11-08 12:14:12.254 +01:00  DBG  Execution plan of authorization filters (in the following order): ["None"]
2023-11-08 12:14:12.254 +01:00  DBG  Execution plan of resource filters (in the following order): ["None"]
2023-11-08 12:14:12.254 +01:00  DBG  Execution plan of action filters (in the following order): ["Microsoft.AspNetCore.Mvc.ModelBinding.UnsupportedContentTypeFilter (Order: -3000)","Microsoft.AspNetCore.Mvc.Infrastructure.ModelStateInvalidFilter (Order: -2000)"]
2023-11-08 12:14:12.254 +01:00  DBG  Execution plan of exception filters (in the following order): ["None"]
2023-11-08 12:14:12.254 +01:00  DBG  Execution plan of result filters (in the following order): ["Microsoft.AspNetCore.Mvc.Infrastructure.ClientErrorResultFilter (Order: -2000)"]
2023-11-08 12:14:12.256 +01:00  DBG  Executing controller factory for controller SendEmail.Controllers.EmailController (SendEmail)
2023-11-08 12:14:12.261 +01:00  DBG  Executed controller factory for controller SendEmail.Controllers.EmailController (SendEmail)
2023-11-08 12:14:12.311 +01:00  DBG  Connection id "0HMV09F8FKSLC", Request id "0HMV09F8FKSLC:00000001": started reading request body.
2023-11-08 12:14:12.312 +01:00  DBG  Connection id "0HMV09F8FKSLC", Request id "0HMV09F8FKSLC:00000001": done reading request body.
2023-11-08 12:14:12.323 +01:00  DBG  Attempting to bind parameter 'request' of type 'SendEmail.Models.MailRequest' ...
2023-11-08 12:14:12.326 +01:00  DBG  Attempting to bind parameter 'request' of type 'SendEmail.Models.MailRequest' using the name '' in request data ...
2023-11-08 12:14:12.331 +01:00  DBG  Attempting to bind property 'SendEmail.Models.MailRequest.ToEmail' of type 'System.String' using the name 'ToEmail' in request data ...
2023-11-08 12:14:12.333 +01:00  DBG  Done attempting to bind property 'SendEmail.Models.MailRequest.ToEmail' of type 'System.String'.
2023-11-08 12:14:12.335 +01:00  DBG  Attempting to bind property 'SendEmail.Models.MailRequest.ToDisplayName' of type 'System.String' using the name 'ToDisplayName' in request data ...
2023-11-08 12:14:12.335 +01:00  DBG  Done attempting to bind property 'SendEmail.Models.MailRequest.ToDisplayName' of type 'System.String'.
2023-11-08 12:14:12.335 +01:00  DBG  Attempting to bind property 'SendEmail.Models.MailRequest.FromDisplayName' of type 'System.String' using the name 'FromDisplayName' in request data ...
2023-11-08 12:14:12.335 +01:00  DBG  Done attempting to bind property 'SendEmail.Models.MailRequest.FromDisplayName' of type 'System.String'.
2023-11-08 12:14:12.335 +01:00  DBG  Attempting to bind property 'SendEmail.Models.MailRequest.FromMail' of type 'System.String' using the name 'FromMail' in request data ...
2023-11-08 12:14:12.335 +01:00  DBG  Done attempting to bind property 'SendEmail.Models.MailRequest.FromMail' of type 'System.String'.
2023-11-08 12:14:12.336 +01:00  DBG  Attempting to bind property 'SendEmail.Models.MailRequest.Subject' of type 'System.String' using the name 'Subject' in request data ...
2023-11-08 12:14:12.336 +01:00  DBG  Done attempting to bind property 'SendEmail.Models.MailRequest.Subject' of type 'System.String'.
2023-11-08 12:14:12.336 +01:00  DBG  Attempting to bind property 'SendEmail.Models.MailRequest.Body' of type 'System.String' using the name 'Body' in request data ...
2023-11-08 12:14:12.336 +01:00  DBG  Done attempting to bind property 'SendEmail.Models.MailRequest.Body' of type 'System.String'.
2023-11-08 12:14:12.336 +01:00  DBG  Attempting to bind property 'SendEmail.Models.MailRequest.Attachments' of type 'Microsoft.AspNetCore.Http.IFormFileCollection' using the name 'Attachments' in request data ...
2023-11-08 12:14:12.337 +01:00  DBG  No files found in the request to bind the model to.
2023-11-08 12:14:12.337 +01:00  DBG  No files found in the request to bind the model to.
2023-11-08 12:14:12.337 +01:00  DBG  Done attempting to bind property 'SendEmail.Models.MailRequest.Attachments' of type 'Microsoft.AspNetCore.Http.IFormFileCollection'.
2023-11-08 12:14:12.337 +01:00  DBG  Done attempting to bind parameter 'request' of type 'SendEmail.Models.MailRequest'.
2023-11-08 12:14:12.337 +01:00  DBG  Done attempting to bind parameter 'request' of type 'SendEmail.Models.MailRequest'.
2023-11-08 12:14:12.338 +01:00  DBG  Attempting to validate the bound parameter 'request' of type 'SendEmail.Models.MailRequest' ...
2023-11-08 12:14:12.348 +01:00  DBG  Done attempting to validate the bound parameter 'request' of type 'SendEmail.Models.MailRequest'.
2023-11-08 12:14:14.023 +01:00  INF  Email sent successfully :)
2023-11-08 12:14:14.030 +01:00  INF  Executing StatusCodeResult, setting HTTP status code 200
2023-11-08 12:14:14.035 +01:00  INF  Executed action SendEmail.Controllers.EmailController.Send (SendEmail) in 1776.497ms
2023-11-08 12:14:14.036 +01:00  INF  Executed endpoint 'SendEmail.Controllers.EmailController.Send (SendEmail)'
2023-11-08 12:14:14.037 +01:00  INF  Request finished HTTP/2 POST https://localhost:7117/api/Email/Send multipart/form-data;+boundary=----WebKitFormBoundaryi0aKhBtXLzXVAruz 700 - 200 0 - 1833.9324ms
2023-11-08 12:14:17.535 +01:00  DBG  Connection id "0HMV09F8FKSLC" received FIN.
2023-11-08 12:14:17.535 +01:00  DBG  Connection id "0HMV09F8FKSLC" sending FIN because: "The Socket transport's send loop completed gracefully."
2023-11-08 12:14:17.535 +01:00  DBG  Connection id "0HMV09F8FKSLC" is closed. The last processed stream ID was 1.
2023-11-08 12:14:17.536 +01:00  DBG  The connection queue processing loop for 0HMV09F8FKSLC completed.
2023-11-08 12:14:17.536 +01:00  DBG  Connection id "0HMV09F8FKSLC" stopped.
